[2025-05-26T04:42:54.953+0000] {manager.py:483} INFO - Processing files using up to 2 processes at a time 
[2025-05-26T04:42:54.955+0000] {manager.py:484} INFO - Process each file at most once every 30 seconds
[2025-05-26T04:42:54.957+0000] {manager.py:485} INFO - Checking for new files in /opt/airflow/dags every 300 seconds
[2025-05-26T04:42:54.959+0000] {manager.py:821} INFO - Searching for files in /opt/airflow/dags
[2025-05-26T04:42:55.120+0000] {manager.py:824} INFO - There are 3 files in /opt/airflow/dags
[2025-05-26T04:42:55.594+0000] {manager.py:997} INFO - 
================================================================================
DAG File Processing Stats

File Path                                                  PID  Runtime      # DAGs    # Errors  Last Runtime    Last Run      Last # of DB Queries
-------------------------------------------------------  -----  ---------  --------  ----------  --------------  ----------  ----------------------
/opt/airflow/dags/lampung_data_quality_monitoring.py        68  0.13s             0           0                                                   0
/opt/airflow/dags/lampung_flood_prediction_dag.py                                 0           0                                                   0
/opt/airflow/dags/lampung_flood_prediction_real_data.py     67  0.20s             0           0                                                   0
================================================================================
[2025-05-26T04:43:26.063+0000] {manager.py:997} INFO - 
================================================================================
DAG File Processing Stats

File Path                                                PID    Runtime      # DAGs    # Errors  Last Runtime    Last Run               Last # of DB Queries
-------------------------------------------------------  -----  ---------  --------  ----------  --------------  -------------------  ----------------------
/opt/airflow/dags/lampung_data_quality_monitoring.py                              1           0  6.56s           2025-05-26T04:43:02                      45
/opt/airflow/dags/lampung_flood_prediction_real_data.py                           1           0  6.35s           2025-05-26T04:43:01                      45
/opt/airflow/dags/lampung_flood_prediction_dag.py                                 1           0  1.74s           2025-05-26T04:43:03                      45
================================================================================
[2025-05-26T04:43:56.649+0000] {manager.py:997} INFO - 
================================================================================
DAG File Processing Stats

File Path                                                PID    Runtime      # DAGs    # Errors  Last Runtime    Last Run               Last # of DB Queries
-------------------------------------------------------  -----  ---------  --------  ----------  --------------  -------------------  ----------------------
/opt/airflow/dags/lampung_data_quality_monitoring.py                              1           0  1.80s           2025-05-26T04:43:34                      12
/opt/airflow/dags/lampung_flood_prediction_real_data.py                           1           0  1.75s           2025-05-26T04:43:33                      12
/opt/airflow/dags/lampung_flood_prediction_dag.py                                 1           0  1.38s           2025-05-26T04:43:35                      12
================================================================================
[2025-05-26T04:44:24.907+0000] {manager.py:997} INFO - 
================================================================================
DAG File Processing Stats

File Path                                                PID    Runtime      # DAGs    # Errors  Last Runtime    Last Run               Last # of DB Queries
-------------------------------------------------------  -----  ---------  --------  ----------  --------------  -------------------  ----------------------
/opt/airflow/dags/lampung_data_quality_monitoring.py                              1           0  2.61s           2025-05-26T04:44:07                      12
/opt/airflow/dags/lampung_flood_prediction_real_data.py                           1           0  2.54s           2025-05-26T04:44:07                      12
/opt/airflow/dags/lampung_flood_prediction_dag.py                                 1           0  1.17s           2025-05-26T04:44:08                      12
================================================================================
[2025-05-26T04:44:55.897+0000] {manager.py:997} INFO - 
================================================================================
DAG File Processing Stats

File Path                                                PID    Runtime      # DAGs    # Errors  Last Runtime    Last Run               Last # of DB Queries
-------------------------------------------------------  -----  ---------  --------  ----------  --------------  -------------------  ----------------------
/opt/airflow/dags/lampung_flood_prediction_real_data.py                           1           0  1.31s           2025-05-26T04:44:39                      12
/opt/airflow/dags/lampung_data_quality_monitoring.py                              1           0  1.23s           2025-05-26T04:44:39                      12
/opt/airflow/dags/lampung_flood_prediction_dag.py                                 1           0  1.07s           2025-05-26T04:44:40                      12
================================================================================
[2025-05-26T04:45:24.413+0000] {manager.py:997} INFO - 
================================================================================
DAG File Processing Stats

File Path                                                PID    Runtime      # DAGs    # Errors  Last Runtime    Last Run               Last # of DB Queries
-------------------------------------------------------  -----  ---------  --------  ----------  --------------  -------------------  ----------------------
/opt/airflow/dags/lampung_flood_prediction_real_data.py                           1           0  1.97s           2025-05-26T04:45:12                      12
/opt/airflow/dags/lampung_data_quality_monitoring.py                              1           0  1.88s           2025-05-26T04:45:12                      12
/opt/airflow/dags/lampung_flood_prediction_dag.py                                 1           0  1.62s           2025-05-26T04:45:13                      12
================================================================================
[2025-05-26T04:45:51.372+0000] {manager.py:997} INFO - 
================================================================================
DAG File Processing Stats

File Path                                                PID    Runtime      # DAGs    # Errors  Last Runtime    Last Run               Last # of DB Queries
-------------------------------------------------------  -----  ---------  --------  ----------  --------------  -------------------  ----------------------
/opt/airflow/dags/lampung_flood_prediction_real_data.py                           1           0  3.10s           2025-05-26T04:45:45                      12
/opt/airflow/dags/lampung_data_quality_monitoring.py                              1           0  3.02s           2025-05-26T04:45:45                      12
/opt/airflow/dags/lampung_flood_prediction_dag.py                                 1           0  1.55s           2025-05-26T04:45:47                      12
================================================================================
[2025-05-26T04:46:20.003+0000] {manager.py:997} INFO - 
================================================================================
DAG File Processing Stats

File Path                                                PID    Runtime      # DAGs    # Errors  Last Runtime    Last Run               Last # of DB Queries
-------------------------------------------------------  -----  ---------  --------  ----------  --------------  -------------------  ----------------------
/opt/airflow/dags/lampung_flood_prediction_dag.py                                 1           0  1.55s           2025-05-26T04:46:18                      12
/opt/airflow/dags/lampung_flood_prediction_real_data.py                           1           0  1.22s           2025-05-26T04:46:17                      12
/opt/airflow/dags/lampung_data_quality_monitoring.py                              1           0  1.22s           2025-05-26T04:46:17                      12
================================================================================
[2025-05-26T04:46:52.585+0000] {manager.py:997} INFO - 
================================================================================
DAG File Processing Stats

File Path                                                PID    Runtime      # DAGs    # Errors  Last Runtime    Last Run               Last # of DB Queries
-------------------------------------------------------  -----  ---------  --------  ----------  --------------  -------------------  ----------------------
/opt/airflow/dags/lampung_data_quality_monitoring.py                              1           0  1.14s           2025-05-26T04:46:48                      12
/opt/airflow/dags/lampung_flood_prediction_dag.py                                 1           0  1.00s           2025-05-26T04:46:50                      12
/opt/airflow/dags/lampung_flood_prediction_real_data.py                           1           0  0.99s           2025-05-26T04:46:48                      12
================================================================================
[2025-05-26T04:47:20.785+0000] {manager.py:997} INFO - 
================================================================================
DAG File Processing Stats

File Path                                                  PID  Runtime      # DAGs    # Errors  Last Runtime    Last Run               Last # of DB Queries
-------------------------------------------------------  -----  ---------  --------  ----------  --------------  -------------------  ----------------------
/opt/airflow/dags/lampung_flood_prediction_real_data.py                           1           0  1.04s           2025-05-26T04:47:19                      12
/opt/airflow/dags/lampung_data_quality_monitoring.py                              1           0  1.04s           2025-05-26T04:47:20                      12
/opt/airflow/dags/lampung_flood_prediction_dag.py          182  0.03s             1           0  1.00s           2025-05-26T04:46:50                      12
================================================================================
[2025-05-26T04:47:53.014+0000] {manager.py:997} INFO - 
================================================================================
DAG File Processing Stats

File Path                                                PID    Runtime      # DAGs    # Errors  Last Runtime    Last Run               Last # of DB Queries
-------------------------------------------------------  -----  ---------  --------  ----------  --------------  -------------------  ----------------------
/opt/airflow/dags/lampung_flood_prediction_real_data.py                           1           0  1.45s           2025-05-26T04:47:51                      12
/opt/airflow/dags/lampung_data_quality_monitoring.py                              1           0  1.27s           2025-05-26T04:47:51                      12
/opt/airflow/dags/lampung_flood_prediction_dag.py                                 1           0  1.03s           2025-05-26T04:47:53                      12
================================================================================
[2025-05-26T04:47:55.035+0000] {manager.py:821} INFO - Searching for files in /opt/airflow/dags
[2025-05-26T04:47:55.142+0000] {manager.py:824} INFO - There are 3 files in /opt/airflow/dags
[2025-05-26T04:48:22.660+0000] {manager.py:997} INFO - 
================================================================================
DAG File Processing Stats

File Path                                                  PID  Runtime      # DAGs    # Errors  Last Runtime    Last Run               Last # of DB Queries
-------------------------------------------------------  -----  ---------  --------  ----------  --------------  -------------------  ----------------------
/opt/airflow/dags/lampung_flood_prediction_real_data.py    202  0.66s             1           0  1.45s           2025-05-26T04:47:51                      12
/opt/airflow/dags/lampung_data_quality_monitoring.py       203  0.62s             1           0  1.27s           2025-05-26T04:47:51                      12
/opt/airflow/dags/lampung_flood_prediction_dag.py                                 1           0  1.03s           2025-05-26T04:47:53                      12
================================================================================
[2025-05-26T04:48:53.480+0000] {manager.py:997} INFO - 
================================================================================
DAG File Processing Stats

File Path                                                  PID  Runtime      # DAGs    # Errors  Last Runtime    Last Run               Last # of DB Queries
-------------------------------------------------------  -----  ---------  --------  ----------  --------------  -------------------  ----------------------
/opt/airflow/dags/lampung_flood_prediction_dag.py                                 1           0  1.36s           2025-05-26T04:48:25                      12
/opt/airflow/dags/lampung_flood_prediction_real_data.py    214  0.09s             1           0  0.97s           2025-05-26T04:48:22                      12
/opt/airflow/dags/lampung_data_quality_monitoring.py       215  0.02s             1           0  0.97s           2025-05-26T04:48:23                      12
================================================================================
[2025-05-26T04:49:24.217+0000] {manager.py:997} INFO - 
================================================================================
DAG File Processing Stats

File Path                                                PID    Runtime      # DAGs    # Errors  Last Runtime    Last Run               Last # of DB Queries
-------------------------------------------------------  -----  ---------  --------  ----------  --------------  -------------------  ----------------------
/opt/airflow/dags/lampung_data_quality_monitoring.py                              1           0  2.21s           2025-05-26T04:48:55                      12
/opt/airflow/dags/lampung_flood_prediction_real_data.py                           1           0  2.15s           2025-05-26T04:48:55                      12
/opt/airflow/dags/lampung_flood_prediction_dag.py                                 1           0  2.00s           2025-05-26T04:48:58                      12
================================================================================
[2025-05-26T04:49:54.826+0000] {manager.py:997} INFO - 
================================================================================
DAG File Processing Stats

File Path                                                PID    Runtime      # DAGs    # Errors  Last Runtime    Last Run               Last # of DB Queries
-------------------------------------------------------  -----  ---------  --------  ----------  --------------  -------------------  ----------------------
/opt/airflow/dags/lampung_flood_prediction_real_data.py                           1           0  3.39s           2025-05-26T04:49:30                      12
/opt/airflow/dags/lampung_data_quality_monitoring.py                              1           0  3.37s           2025-05-26T04:49:30                      12
/opt/airflow/dags/lampung_flood_prediction_dag.py                                 1           0  1.43s           2025-05-26T04:49:31                      12
================================================================================
[2025-05-26T04:50:24.883+0000] {manager.py:997} INFO - 
================================================================================
DAG File Processing Stats

File Path                                                PID    Runtime      # DAGs    # Errors  Last Runtime    Last Run               Last # of DB Queries
-------------------------------------------------------  -----  ---------  --------  ----------  --------------  -------------------  ----------------------
/opt/airflow/dags/lampung_flood_prediction_real_data.py                           1           0  1.23s           2025-05-26T04:50:02                      12
/opt/airflow/dags/lampung_flood_prediction_dag.py                                 1           0  1.21s           2025-05-26T04:50:03                      12
/opt/airflow/dags/lampung_data_quality_monitoring.py                              1           0  1.14s           2025-05-26T04:50:02                      12
================================================================================
[2025-05-26T04:50:55.342+0000] {manager.py:997} INFO - 
================================================================================
DAG File Processing Stats

File Path                                                PID    Runtime      # DAGs    # Errors  Last Runtime    Last Run               Last # of DB Queries
-------------------------------------------------------  -----  ---------  --------  ----------  --------------  -------------------  ----------------------
/opt/airflow/dags/lampung_flood_prediction_dag.py                                 1           0  1.23s           2025-05-26T04:50:35                      12
/opt/airflow/dags/lampung_data_quality_monitoring.py                              1           0  1.02s           2025-05-26T04:50:33                      12
/opt/airflow/dags/lampung_flood_prediction_real_data.py                           1           0  0.99s           2025-05-26T04:50:33                      12
================================================================================
[2025-05-26T04:51:26.228+0000] {manager.py:997} INFO - 
================================================================================
DAG File Processing Stats

File Path                                                PID    Runtime      # DAGs    # Errors  Last Runtime    Last Run               Last # of DB Queries
-------------------------------------------------------  -----  ---------  --------  ----------  --------------  -------------------  ----------------------
/opt/airflow/dags/lampung_flood_prediction_real_data.py                           1           0  1.21s           2025-05-26T04:51:05                      12
/opt/airflow/dags/lampung_flood_prediction_dag.py                                 1           0  1.15s           2025-05-26T04:51:06                      12
/opt/airflow/dags/lampung_data_quality_monitoring.py                              1           0  1.10s           2025-05-26T04:51:05                      12
================================================================================
[2025-05-26T04:51:56.387+0000] {manager.py:997} INFO - 
================================================================================
DAG File Processing Stats

File Path                                                PID    Runtime      # DAGs    # Errors  Last Runtime    Last Run               Last # of DB Queries
-------------------------------------------------------  -----  ---------  --------  ----------  --------------  -------------------  ----------------------
/opt/airflow/dags/lampung_flood_prediction_dag.py                                 1           0  1.59s           2025-05-26T04:51:39                      12
/opt/airflow/dags/lampung_flood_prediction_real_data.py                           1           0  1.07s           2025-05-26T04:51:37                      12
/opt/airflow/dags/lampung_data_quality_monitoring.py                              1           0  1.05s           2025-05-26T04:51:37                      12
================================================================================
[2025-05-26T04:52:26.564+0000] {manager.py:997} INFO - 
================================================================================
DAG File Processing Stats

File Path                                                PID    Runtime      # DAGs    # Errors  Last Runtime    Last Run               Last # of DB Queries
-------------------------------------------------------  -----  ---------  --------  ----------  --------------  -------------------  ----------------------
/opt/airflow/dags/lampung_data_quality_monitoring.py                              1           0  1.65s           2025-05-26T04:52:09                      12
/opt/airflow/dags/lampung_flood_prediction_real_data.py                           1           0  1.59s           2025-05-26T04:52:09                      12
/opt/airflow/dags/lampung_flood_prediction_dag.py                                 1           0  1.07s           2025-05-26T04:52:10                      12
================================================================================
[2025-05-26T04:52:55.096+0000] {manager.py:821} INFO - Searching for files in /opt/airflow/dags
[2025-05-26T04:52:55.197+0000] {manager.py:824} INFO - There are 3 files in /opt/airflow/dags
[2025-05-26T04:52:57.310+0000] {manager.py:997} INFO - 
================================================================================
DAG File Processing Stats

File Path                                                PID    Runtime      # DAGs    # Errors  Last Runtime    Last Run               Last # of DB Queries
-------------------------------------------------------  -----  ---------  --------  ----------  --------------  -------------------  ----------------------
/opt/airflow/dags/lampung_flood_prediction_real_data.py                           1           0  0.98s           2025-05-26T04:52:40                      12
/opt/airflow/dags/lampung_flood_prediction_dag.py                                 1           0  0.96s           2025-05-26T04:52:41                      12
/opt/airflow/dags/lampung_data_quality_monitoring.py                              1           0  0.88s           2025-05-26T04:52:40                      12
================================================================================
[2025-05-26T04:53:27.851+0000] {manager.py:997} INFO - 
================================================================================
DAG File Processing Stats

File Path                                                PID    Runtime      # DAGs    # Errors  Last Runtime    Last Run               Last # of DB Queries
-------------------------------------------------------  -----  ---------  --------  ----------  --------------  -------------------  ----------------------
/opt/airflow/dags/lampung_data_quality_monitoring.py                              1           0  0.99s           2025-05-26T04:53:12                      12
/opt/airflow/dags/lampung_flood_prediction_real_data.py                           1           0  0.98s           2025-05-26T04:53:12                      12
/opt/airflow/dags/lampung_flood_prediction_dag.py                                 1           0  0.88s           2025-05-26T04:53:13                      12
================================================================================
[2025-05-26T04:53:58.431+0000] {manager.py:997} INFO - 
================================================================================
DAG File Processing Stats

File Path                                                PID    Runtime      # DAGs    # Errors  Last Runtime    Last Run               Last # of DB Queries
-------------------------------------------------------  -----  ---------  --------  ----------  --------------  -------------------  ----------------------
/opt/airflow/dags/lampung_flood_prediction_real_data.py                           1           0  1.20s           2025-05-26T04:53:44                      12
/opt/airflow/dags/lampung_data_quality_monitoring.py                              1           0  1.09s           2025-05-26T04:53:44                      12
/opt/airflow/dags/lampung_flood_prediction_dag.py                                 1           0  0.98s           2025-05-26T04:53:45                      12
================================================================================
[2025-05-26T04:54:27.705+0000] {manager.py:997} INFO - 
================================================================================
DAG File Processing Stats

File Path                                                PID    Runtime      # DAGs    # Errors  Last Runtime    Last Run               Last # of DB Queries
-------------------------------------------------------  -----  ---------  --------  ----------  --------------  -------------------  ----------------------
/opt/airflow/dags/lampung_flood_prediction_dag.py                                 1           0  1.65s           2025-05-26T04:54:17                      12
/opt/airflow/dags/lampung_flood_prediction_real_data.py                           1           0  1.06s           2025-05-26T04:54:15                      12
/opt/airflow/dags/lampung_data_quality_monitoring.py                              1           0  0.96s           2025-05-26T04:54:15                      12
================================================================================
[2025-05-26T04:54:59.416+0000] {manager.py:997} INFO - 
================================================================================
DAG File Processing Stats

File Path                                                PID    Runtime      # DAGs    # Errors  Last Runtime    Last Run               Last # of DB Queries
-------------------------------------------------------  -----  ---------  --------  ----------  --------------  -------------------  ----------------------
/opt/airflow/dags/lampung_flood_prediction_dag.py                                 1           0  1.01s           2025-05-26T04:54:49                      12
/opt/airflow/dags/lampung_flood_prediction_real_data.py                           1           0  1.00s           2025-05-26T04:54:46                      12
/opt/airflow/dags/lampung_data_quality_monitoring.py                              1           0  0.98s           2025-05-26T04:54:46                      12
================================================================================
[2025-05-26T04:55:29.599+0000] {manager.py:997} INFO - 
================================================================================
DAG File Processing Stats

File Path                                                PID    Runtime      # DAGs    # Errors  Last Runtime    Last Run               Last # of DB Queries
-------------------------------------------------------  -----  ---------  --------  ----------  --------------  -------------------  ----------------------
/opt/airflow/dags/lampung_flood_prediction_real_data.py                           1           0  2.37s           2025-05-26T04:55:20                      12
/opt/airflow/dags/lampung_data_quality_monitoring.py                              1           0  2.21s           2025-05-26T04:55:20                      12
/opt/airflow/dags/lampung_flood_prediction_dag.py                                 1           0  1.46s           2025-05-26T04:55:21                      12
================================================================================
[2025-05-26T04:55:59.814+0000] {manager.py:997} INFO - 
================================================================================
DAG File Processing Stats

File Path                                                PID    Runtime      # DAGs    # Errors  Last Runtime    Last Run               Last # of DB Queries
-------------------------------------------------------  -----  ---------  --------  ----------  --------------  -------------------  ----------------------
/opt/airflow/dags/lampung_flood_prediction_dag.py                                 1           0  1.09s           2025-05-26T04:55:53                      12
/opt/airflow/dags/lampung_flood_prediction_real_data.py                           1           0  0.97s           2025-05-26T04:55:51                      12
/opt/airflow/dags/lampung_data_quality_monitoring.py                              1           0  0.96s           2025-05-26T04:55:51                      12
================================================================================
[2025-05-26T04:56:29.762+0000] {manager.py:997} INFO - 
================================================================================
DAG File Processing Stats

File Path                                                PID    Runtime      # DAGs    # Errors  Last Runtime    Last Run               Last # of DB Queries
-------------------------------------------------------  -----  ---------  --------  ----------  --------------  -------------------  ----------------------
/opt/airflow/dags/lampung_flood_prediction_dag.py                                 1           0  1.74s           2025-05-26T04:56:25                      12
/opt/airflow/dags/lampung_flood_prediction_real_data.py                           1           0  1.44s           2025-05-26T04:56:22                      12
/opt/airflow/dags/lampung_data_quality_monitoring.py                              1           0  1.34s           2025-05-26T04:56:23                      12
================================================================================
[2025-05-26T04:56:58.226+0000] {manager.py:997} INFO - 
================================================================================
DAG File Processing Stats

File Path                                                PID    Runtime      # DAGs    # Errors  Last Runtime    Last Run               Last # of DB Queries
-------------------------------------------------------  -----  ---------  --------  ----------  --------------  -------------------  ----------------------
/opt/airflow/dags/lampung_data_quality_monitoring.py                              1           0  1.68s           2025-05-26T04:56:55                      12
/opt/airflow/dags/lampung_flood_prediction_real_data.py                           1           0  1.66s           2025-05-26T04:56:54                      12
/opt/airflow/dags/lampung_flood_prediction_dag.py                                 1           0  1.57s           2025-05-26T04:56:57                      12
================================================================================
[2025-05-26T04:57:27.713+0000] {manager.py:997} INFO - 
================================================================================
DAG File Processing Stats

File Path                                                  PID  Runtime      # DAGs    # Errors  Last Runtime    Last Run               Last # of DB Queries
-------------------------------------------------------  -----  ---------  --------  ----------  --------------  -------------------  ----------------------
/opt/airflow/dags/lampung_data_quality_monitoring.py       415  1.09s             1           0  1.68s           2025-05-26T04:56:55                      12
/opt/airflow/dags/lampung_flood_prediction_dag.py          417  0.02s             1           0  1.57s           2025-05-26T04:56:57                      12
/opt/airflow/dags/lampung_flood_prediction_real_data.py                           1           0  1.01s           2025-05-26T04:57:26                      12
================================================================================
[2025-05-26T04:57:53.153+0000] {manager.py:997} INFO - 
================================================================================
DAG File Processing Stats

File Path                                                PID    Runtime      # DAGs    # Errors  Last Runtime    Last Run               Last # of DB Queries
-------------------------------------------------------  -----  ---------  --------  ----------  --------------  -------------------  ----------------------
/opt/airflow/dags/lampung_flood_prediction_dag.py                                 1           0  1.37s           2025-05-26T04:57:29                      12
/opt/airflow/dags/lampung_data_quality_monitoring.py                              1           0  1.30s           2025-05-26T04:57:27                      12
/opt/airflow/dags/lampung_flood_prediction_real_data.py                           1           0  1.01s           2025-05-26T04:57:26                      12
================================================================================
[2025-05-26T04:57:55.107+0000] {manager.py:821} INFO - Searching for files in /opt/airflow/dags
[2025-05-26T04:57:55.326+0000] {manager.py:824} INFO - There are 3 files in /opt/airflow/dags
[2025-05-26T04:58:26.527+0000] {manager.py:997} INFO - 
================================================================================
DAG File Processing Stats

File Path                                                PID    Runtime      # DAGs    # Errors  Last Runtime    Last Run               Last # of DB Queries
-------------------------------------------------------  -----  ---------  --------  ----------  --------------  -------------------  ----------------------
/opt/airflow/dags/lampung_flood_prediction_dag.py                                 1           0  4.91s           2025-05-26T04:58:04                      12
/opt/airflow/dags/lampung_data_quality_monitoring.py                              1           0  1.55s           2025-05-26T04:58:00                      12
/opt/airflow/dags/lampung_flood_prediction_real_data.py                           1           0  1.22s           2025-05-26T04:57:58                      12
================================================================================
[2025-05-26T04:58:55.351+0000] {manager.py:997} INFO - 
================================================================================
DAG File Processing Stats

File Path                                                PID    Runtime      # DAGs    # Errors  Last Runtime    Last Run               Last # of DB Queries
-------------------------------------------------------  -----  ---------  --------  ----------  --------------  -------------------  ----------------------
/opt/airflow/dags/lampung_flood_prediction_real_data.py                           1           0  2.08s           2025-05-26T04:58:31                      12
/opt/airflow/dags/lampung_data_quality_monitoring.py                              1           0  1.51s           2025-05-26T04:58:32                      12
/opt/airflow/dags/lampung_flood_prediction_dag.py                                 1           0  1.16s           2025-05-26T04:58:36                      12
================================================================================
[2025-05-26T04:59:27.081+0000] {manager.py:997} INFO - 
================================================================================
DAG File Processing Stats

File Path                                                PID    Runtime      # DAGs    # Errors  Last Runtime    Last Run               Last # of DB Queries
-------------------------------------------------------  -----  ---------  --------  ----------  --------------  -------------------  ----------------------
/opt/airflow/dags/lampung_flood_prediction_real_data.py                           1           0  3.24s           2025-05-26T04:59:05                      12
/opt/airflow/dags/lampung_data_quality_monitoring.py                              1           0  1.81s           2025-05-26T04:59:05                      12
/opt/airflow/dags/lampung_flood_prediction_dag.py                                 1           0  1.54s           2025-05-26T04:59:07                      12
================================================================================
[2025-05-26T04:59:57.825+0000] {manager.py:997} INFO - 
================================================================================
DAG File Processing Stats

File Path                                                PID    Runtime      # DAGs    # Errors  Last Runtime    Last Run               Last # of DB Queries
-------------------------------------------------------  -----  ---------  --------  ----------  --------------  -------------------  ----------------------
/opt/airflow/dags/lampung_flood_prediction_real_data.py                           1           0  1.97s           2025-05-26T04:59:37                      12
/opt/airflow/dags/lampung_data_quality_monitoring.py                              1           0  1.90s           2025-05-26T04:59:37                      12
/opt/airflow/dags/lampung_flood_prediction_dag.py                                 1           0  1.23s           2025-05-26T04:59:39                      12
================================================================================
[2025-05-26T05:00:27.685+0000] {manager.py:997} INFO - 
================================================================================
DAG File Processing Stats

File Path                                                PID    Runtime      # DAGs    # Errors  Last Runtime    Last Run               Last # of DB Queries
-------------------------------------------------------  -----  ---------  --------  ----------  --------------  -------------------  ----------------------
/opt/airflow/dags/lampung_data_quality_monitoring.py                              1           0  1.54s           2025-05-26T05:00:09                      12
/opt/airflow/dags/lampung_flood_prediction_dag.py                                 1           0  1.46s           2025-05-26T05:00:11                      12
/opt/airflow/dags/lampung_flood_prediction_real_data.py                           1           0  1.42s           2025-05-26T05:00:08                      12
================================================================================
[2025-05-26T05:00:55.357+0000] {manager.py:997} INFO - 
================================================================================
DAG File Processing Stats

File Path                                                PID    Runtime      # DAGs    # Errors  Last Runtime    Last Run               Last # of DB Queries
-------------------------------------------------------  -----  ---------  --------  ----------  --------------  -------------------  ----------------------
/opt/airflow/dags/lampung_data_quality_monitoring.py                              1           0  1.57s           2025-05-26T05:00:41                      12
/opt/airflow/dags/lampung_flood_prediction_real_data.py                           1           0  1.52s           2025-05-26T05:00:40                      12
/opt/airflow/dags/lampung_flood_prediction_dag.py                                 1           0  1.49s           2025-05-26T05:00:43                      12
================================================================================
[2025-05-26T05:01:23.389+0000] {manager.py:997} INFO - 
================================================================================
DAG File Processing Stats

File Path                                                PID    Runtime      # DAGs    # Errors  Last Runtime    Last Run               Last # of DB Queries
-------------------------------------------------------  -----  ---------  --------  ----------  --------------  -------------------  ----------------------
/opt/airflow/dags/lampung_flood_prediction_real_data.py                           1           0  1.58s           2025-05-26T05:01:13                      12
/opt/airflow/dags/lampung_data_quality_monitoring.py                              1           0  1.56s           2025-05-26T05:01:13                      12
/opt/airflow/dags/lampung_flood_prediction_dag.py                                 1           0  1.25s           2025-05-26T05:01:15                      12
================================================================================
[2025-05-26T05:01:54.530+0000] {manager.py:997} INFO - 
================================================================================
DAG File Processing Stats

File Path                                                PID    Runtime      # DAGs    # Errors  Last Runtime    Last Run               Last # of DB Queries
-------------------------------------------------------  -----  ---------  --------  ----------  --------------  -------------------  ----------------------
/opt/airflow/dags/lampung_flood_prediction_dag.py                                 1           0  1.66s           2025-05-26T05:01:47                      12
/opt/airflow/dags/lampung_flood_prediction_real_data.py                           1           0  1.51s           2025-05-26T05:01:45                      12
/opt/airflow/dags/lampung_data_quality_monitoring.py                              1           0  1.44s           2025-05-26T05:01:45                      12
================================================================================
[2025-05-26T05:02:25.191+0000] {manager.py:997} INFO - 
================================================================================
DAG File Processing Stats

File Path                                                PID    Runtime      # DAGs    # Errors  Last Runtime    Last Run               Last # of DB Queries
-------------------------------------------------------  -----  ---------  --------  ----------  --------------  -------------------  ----------------------
/opt/airflow/dags/lampung_flood_prediction_real_data.py                           1           0  1.31s           2025-05-26T05:02:17                      12
/opt/airflow/dags/lampung_data_quality_monitoring.py                              1           0  1.26s           2025-05-26T05:02:16                      12
/opt/airflow/dags/lampung_flood_prediction_dag.py                                 1           0  1.20s           2025-05-26T05:02:19                      12
================================================================================
[2025-05-26T05:02:54.593+0000] {manager.py:997} INFO - 
================================================================================
DAG File Processing Stats

File Path                                                PID    Runtime      # DAGs    # Errors  Last Runtime    Last Run               Last # of DB Queries
-------------------------------------------------------  -----  ---------  --------  ----------  --------------  -------------------  ----------------------
/opt/airflow/dags/lampung_flood_prediction_real_data.py                           1           0  1.19s           2025-05-26T05:02:49                      12
/opt/airflow/dags/lampung_flood_prediction_dag.py                                 1           0  1.18s           2025-05-26T05:02:51                      12
/opt/airflow/dags/lampung_data_quality_monitoring.py                              1           0  1.17s           2025-05-26T05:02:49                      12
================================================================================
[2025-05-26T05:02:55.409+0000] {manager.py:821} INFO - Searching for files in /opt/airflow/dags
[2025-05-26T05:02:55.486+0000] {manager.py:824} INFO - There are 3 files in /opt/airflow/dags
[2025-05-26T05:03:25.073+0000] {manager.py:997} INFO - 
================================================================================
DAG File Processing Stats

File Path                                                PID    Runtime      # DAGs    # Errors  Last Runtime    Last Run               Last # of DB Queries
-------------------------------------------------------  -----  ---------  --------  ----------  --------------  -------------------  ----------------------
/opt/airflow/dags/lampung_flood_prediction_real_data.py                           1           0  1.87s           2025-05-26T05:03:21                      12
/opt/airflow/dags/lampung_data_quality_monitoring.py                              1           0  1.79s           2025-05-26T05:03:21                      12
/opt/airflow/dags/lampung_flood_prediction_dag.py                                 1           0  1.17s           2025-05-26T05:03:23                      12
================================================================================
[2025-05-26T05:03:54.986+0000] {manager.py:997} INFO - 
================================================================================
DAG File Processing Stats

File Path                                                  PID  Runtime      # DAGs    # Errors  Last Runtime    Last Run               Last # of DB Queries
-------------------------------------------------------  -----  ---------  --------  ----------  --------------  -------------------  ----------------------
/opt/airflow/dags/lampung_flood_prediction_real_data.py    564  2.12s             1           0  1.87s           2025-05-26T05:03:21                      12
/opt/airflow/dags/lampung_data_quality_monitoring.py       565  2.06s             1           0  1.79s           2025-05-26T05:03:21                      12
/opt/airflow/dags/lampung_flood_prediction_dag.py                                 1           0  1.17s           2025-05-26T05:03:23                      12
================================================================================
[2025-05-26T05:04:24.932+0000] {manager.py:997} INFO - 
================================================================================
DAG File Processing Stats

File Path                                                PID    Runtime      # DAGs    # Errors  Last Runtime    Last Run               Last # of DB Queries
-------------------------------------------------------  -----  ---------  --------  ----------  --------------  -------------------  ----------------------
/opt/airflow/dags/lampung_flood_prediction_real_data.py                           1           0  3.45s           2025-05-26T05:03:56                      12
/opt/airflow/dags/lampung_data_quality_monitoring.py                              1           0  3.02s           2025-05-26T05:03:55                      12
/opt/airflow/dags/lampung_flood_prediction_dag.py                                 1           0  2.43s           2025-05-26T05:03:58                      12
================================================================================
[2025-05-26T05:04:54.942+0000] {manager.py:997} INFO - 
================================================================================
DAG File Processing Stats

File Path                                                PID    Runtime      # DAGs    # Errors  Last Runtime    Last Run               Last # of DB Queries
-------------------------------------------------------  -----  ---------  --------  ----------  --------------  -------------------  ----------------------
/opt/airflow/dags/lampung_flood_prediction_real_data.py                           1           0  2.03s           2025-05-26T05:04:29                      12
/opt/airflow/dags/lampung_data_quality_monitoring.py                              1           0  1.97s           2025-05-26T05:04:29                      12
/opt/airflow/dags/lampung_flood_prediction_dag.py                                 1           0  1.29s           2025-05-26T05:04:30                      12
================================================================================
[2025-05-26T05:05:25.061+0000] {manager.py:997} INFO - 
================================================================================
DAG File Processing Stats

File Path                                                PID    Runtime      # DAGs    # Errors  Last Runtime    Last Run               Last # of DB Queries
-------------------------------------------------------  -----  ---------  --------  ----------  --------------  -------------------  ----------------------
/opt/airflow/dags/lampung_flood_prediction_dag.py                                 1           0  1.76s           2025-05-26T05:05:02                      12
/opt/airflow/dags/lampung_flood_prediction_real_data.py                           1           0  1.35s           2025-05-26T05:05:00                      12
/opt/airflow/dags/lampung_data_quality_monitoring.py                              1           0  1.26s           2025-05-26T05:05:00                      12
================================================================================
[2025-05-26T05:05:55.490+0000] {manager.py:997} INFO - 
================================================================================
DAG File Processing Stats

File Path                                                PID    Runtime      # DAGs    # Errors  Last Runtime    Last Run               Last # of DB Queries
-------------------------------------------------------  -----  ---------  --------  ----------  --------------  -------------------  ----------------------
/opt/airflow/dags/lampung_flood_prediction_real_data.py                           1           0  1.71s           2025-05-26T05:05:32                      12
/opt/airflow/dags/lampung_data_quality_monitoring.py                              1           0  1.62s           2025-05-26T05:05:32                      12
/opt/airflow/dags/lampung_flood_prediction_dag.py                                 1           0  1.18s           2025-05-26T05:05:34                      12
================================================================================
[2025-05-26T05:06:25.478+0000] {manager.py:997} INFO - 
================================================================================
DAG File Processing Stats

File Path                                                PID    Runtime      # DAGs    # Errors  Last Runtime    Last Run               Last # of DB Queries
-------------------------------------------------------  -----  ---------  --------  ----------  --------------  -------------------  ----------------------
/opt/airflow/dags/lampung_data_quality_monitoring.py                              1           0  1.37s           2025-05-26T05:06:05                      12
/opt/airflow/dags/lampung_flood_prediction_real_data.py                           1           0  1.37s           2025-05-26T05:06:05                      12
/opt/airflow/dags/lampung_flood_prediction_dag.py                                 1           0  1.12s           2025-05-26T05:06:06                      12
================================================================================
[2025-05-26T05:06:55.641+0000] {manager.py:997} INFO - 
================================================================================
DAG File Processing Stats

File Path                                                PID    Runtime      # DAGs    # Errors  Last Runtime    Last Run               Last # of DB Queries
-------------------------------------------------------  -----  ---------  --------  ----------  --------------  -------------------  ----------------------
/opt/airflow/dags/lampung_flood_prediction_real_data.py                           1           0  1.76s           2025-05-26T05:06:37                      12
/opt/airflow/dags/lampung_data_quality_monitoring.py                              1           0  1.66s           2025-05-26T05:06:37                      12
/opt/airflow/dags/lampung_flood_prediction_dag.py                                 1           0  1.24s           2025-05-26T05:06:38                      12
================================================================================
[2025-05-26T05:07:25.659+0000] {manager.py:997} INFO - 
================================================================================
DAG File Processing Stats

File Path                                                PID    Runtime      # DAGs    # Errors  Last Runtime    Last Run               Last # of DB Queries
-------------------------------------------------------  -----  ---------  --------  ----------  --------------  -------------------  ----------------------
/opt/airflow/dags/lampung_flood_prediction_real_data.py                           1           0  1.88s           2025-05-26T05:07:09                      12
/opt/airflow/dags/lampung_data_quality_monitoring.py                              1           0  1.78s           2025-05-26T05:07:09                      12
/opt/airflow/dags/lampung_flood_prediction_dag.py                                 1           0  1.59s           2025-05-26T05:07:11                      12
================================================================================
[2025-05-26T05:07:55.733+0000] {manager.py:821} INFO - Searching for files in /opt/airflow/dags
[2025-05-26T05:07:55.816+0000] {manager.py:824} INFO - There are 3 files in /opt/airflow/dags
[2025-05-26T05:07:55.848+0000] {manager.py:997} INFO - 
================================================================================
DAG File Processing Stats

File Path                                                PID    Runtime      # DAGs    # Errors  Last Runtime    Last Run               Last # of DB Queries
-------------------------------------------------------  -----  ---------  --------  ----------  --------------  -------------------  ----------------------
/opt/airflow/dags/lampung_flood_prediction_dag.py                                 1           0  1.61s           2025-05-26T05:07:43                      12
/opt/airflow/dags/lampung_flood_prediction_real_data.py                           1           0  1.56s           2025-05-26T05:07:41                      12
/opt/airflow/dags/lampung_data_quality_monitoring.py                              1           0  1.52s           2025-05-26T05:07:41                      12
================================================================================
[2025-05-26T05:08:25.924+0000] {manager.py:997} INFO - 
================================================================================
DAG File Processing Stats

File Path                                                PID    Runtime      # DAGs    # Errors  Last Runtime    Last Run               Last # of DB Queries
-------------------------------------------------------  -----  ---------  --------  ----------  --------------  -------------------  ----------------------
/opt/airflow/dags/lampung_flood_prediction_real_data.py                           1           0  1.32s           2025-05-26T05:08:12                      12
/opt/airflow/dags/lampung_data_quality_monitoring.py                              1           0  1.29s           2025-05-26T05:08:12                      12
/opt/airflow/dags/lampung_flood_prediction_dag.py                                 1           0  1.14s           2025-05-26T05:08:14                      12
================================================================================
[2025-05-26T05:08:55.863+0000] {manager.py:997} INFO - 
================================================================================
DAG File Processing Stats

File Path                                                PID    Runtime      # DAGs    # Errors  Last Runtime    Last Run               Last # of DB Queries
-------------------------------------------------------  -----  ---------  --------  ----------  --------------  -------------------  ----------------------
/opt/airflow/dags/lampung_flood_prediction_real_data.py                           1           0  1.36s           2025-05-26T05:08:44                      12
/opt/airflow/dags/lampung_data_quality_monitoring.py                              1           0  1.31s           2025-05-26T05:08:44                      12
/opt/airflow/dags/lampung_flood_prediction_dag.py                                 1           0  1.22s           2025-05-26T05:08:46                      12
================================================================================
[2025-05-26T05:09:26.180+0000] {manager.py:997} INFO - 
================================================================================
DAG File Processing Stats

File Path                                                PID    Runtime      # DAGs    # Errors  Last Runtime    Last Run               Last # of DB Queries
-------------------------------------------------------  -----  ---------  --------  ----------  --------------  -------------------  ----------------------
/opt/airflow/dags/lampung_flood_prediction_dag.py                                 1           0  1.41s           2025-05-26T05:09:18                      12
/opt/airflow/dags/lampung_data_quality_monitoring.py                              1           0  1.31s           2025-05-26T05:09:16                      12
/opt/airflow/dags/lampung_flood_prediction_real_data.py                           1           0  1.21s           2025-05-26T05:09:15                      12
================================================================================
[2025-05-26T05:09:56.326+0000] {manager.py:997} INFO - 
================================================================================
DAG File Processing Stats

File Path                                                PID    Runtime      # DAGs    # Errors  Last Runtime    Last Run               Last # of DB Queries
-------------------------------------------------------  -----  ---------  --------  ----------  --------------  -------------------  ----------------------
/opt/airflow/dags/lampung_flood_prediction_dag.py                                 1           0  1.61s           2025-05-26T05:09:50                      12
/opt/airflow/dags/lampung_flood_prediction_real_data.py                           1           0  1.17s           2025-05-26T05:09:47                      12
/opt/airflow/dags/lampung_data_quality_monitoring.py                              1           0  1.16s           2025-05-26T05:09:47                      12
================================================================================
[2025-05-26T05:10:26.188+0000] {manager.py:997} INFO - 
================================================================================
DAG File Processing Stats

File Path                                                PID    Runtime      # DAGs    # Errors  Last Runtime    Last Run               Last # of DB Queries
-------------------------------------------------------  -----  ---------  --------  ----------  --------------  -------------------  ----------------------
/opt/airflow/dags/lampung_flood_prediction_dag.py                                 1           0  1.95s           2025-05-26T05:10:22                      12
/opt/airflow/dags/lampung_flood_prediction_real_data.py                           1           0  1.78s           2025-05-26T05:10:20                      12
/opt/airflow/dags/lampung_data_quality_monitoring.py                              1           0  1.74s           2025-05-26T05:10:20                      12
================================================================================
[2025-05-26T05:10:56.448+0000] {manager.py:997} INFO - 
================================================================================
DAG File Processing Stats

File Path                                                PID    Runtime      # DAGs    # Errors  Last Runtime    Last Run               Last # of DB Queries
-------------------------------------------------------  -----  ---------  --------  ----------  --------------  -------------------  ----------------------
/opt/airflow/dags/lampung_flood_prediction_real_data.py                           1           0  1.71s           2025-05-26T05:10:52                      12
/opt/airflow/dags/lampung_data_quality_monitoring.py                              1           0  1.16s           2025-05-26T05:10:52                      12
/opt/airflow/dags/lampung_flood_prediction_dag.py                                 1           0  1.04s           2025-05-26T05:10:54                      12
================================================================================
[2025-05-26T05:11:27.068+0000] {manager.py:997} INFO - 
================================================================================
DAG File Processing Stats

File Path                                                PID    Runtime      # DAGs    # Errors  Last Runtime    Last Run               Last # of DB Queries
-------------------------------------------------------  -----  ---------  --------  ----------  --------------  -------------------  ----------------------
/opt/airflow/dags/lampung_flood_prediction_real_data.py                           1           0  1.23s           2025-05-26T05:11:24                      12
/opt/airflow/dags/lampung_flood_prediction_dag.py                                 1           0  1.18s           2025-05-26T05:11:26                      12
/opt/airflow/dags/lampung_data_quality_monitoring.py                              1           0  1.17s           2025-05-26T05:11:24                      12
================================================================================
[2025-05-26T05:11:57.736+0000] {manager.py:997} INFO - 
================================================================================
DAG File Processing Stats

File Path                                                  PID  Runtime      # DAGs    # Errors  Last Runtime    Last Run               Last # of DB Queries
-------------------------------------------------------  -----  ---------  --------  ----------  --------------  -------------------  ----------------------
/opt/airflow/dags/lampung_flood_prediction_dag.py          755  1.03s             1           0  1.18s           2025-05-26T05:11:26                      12
/opt/airflow/dags/lampung_data_quality_monitoring.py                              1           0  1.02s           2025-05-26T05:11:55                      12
/opt/airflow/dags/lampung_flood_prediction_real_data.py                           1           0  0.88s           2025-05-26T05:11:55                      12
================================================================================
[2025-05-26T05:12:28.275+0000] {manager.py:997} INFO - 
================================================================================
DAG File Processing Stats

File Path                                                  PID  Runtime      # DAGs    # Errors  Last Runtime    Last Run               Last # of DB Queries
-------------------------------------------------------  -----  ---------  --------  ----------  --------------  -------------------  ----------------------
/opt/airflow/dags/lampung_flood_prediction_dag.py          767  0.01s             1           0  1.24s           2025-05-26T05:11:57                      12
/opt/airflow/dags/lampung_flood_prediction_real_data.py                           1           0  0.97s           2025-05-26T05:12:27                      12
/opt/airflow/dags/lampung_data_quality_monitoring.py                              1           0  0.95s           2025-05-26T05:12:27                      12
================================================================================
[2025-05-26T05:12:55.774+0000] {manager.py:821} INFO - Searching for files in /opt/airflow/dags
[2025-05-26T05:12:56.012+0000] {manager.py:824} INFO - There are 3 files in /opt/airflow/dags
[2025-05-26T05:12:58.192+0000] {manager.py:997} INFO - 
================================================================================
DAG File Processing Stats

File Path                                                  PID  Runtime      # DAGs    # Errors  Last Runtime    Last Run               Last # of DB Queries
-------------------------------------------------------  -----  ---------  --------  ----------  --------------  -------------------  ----------------------
/opt/airflow/dags/lampung_flood_prediction_dag.py                                 1           0  1.05s           2025-05-26T05:12:29                      12
/opt/airflow/dags/lampung_flood_prediction_real_data.py    775  0.05s             1           0  0.97s           2025-05-26T05:12:27                      12
/opt/airflow/dags/lampung_data_quality_monitoring.py       776  0.01s             1           0  0.95s           2025-05-26T05:12:27                      12
================================================================================
[2025-05-26T05:13:28.640+0000] {manager.py:997} INFO - 
================================================================================
DAG File Processing Stats

File Path                                                PID    Runtime      # DAGs    # Errors  Last Runtime    Last Run               Last # of DB Queries
-------------------------------------------------------  -----  ---------  --------  ----------  --------------  -------------------  ----------------------
/opt/airflow/dags/lampung_flood_prediction_real_data.py                           1           0  1.05s           2025-05-26T05:12:59                      12
/opt/airflow/dags/lampung_data_quality_monitoring.py                              1           0  0.99s           2025-05-26T05:12:59                      12
/opt/airflow/dags/lampung_flood_prediction_dag.py                                 1           0  0.98s           2025-05-26T05:13:01                      12
================================================================================
[2025-05-26T05:13:58.665+0000] {manager.py:997} INFO - 
================================================================================
DAG File Processing Stats

File Path                                                PID    Runtime      # DAGs    # Errors  Last Runtime    Last Run               Last # of DB Queries
-------------------------------------------------------  -----  ---------  --------  ----------  --------------  -------------------  ----------------------
/opt/airflow/dags/lampung_data_quality_monitoring.py                              1           0  1.58s           2025-05-26T05:13:31                      12
/opt/airflow/dags/lampung_flood_prediction_real_data.py                           1           0  1.56s           2025-05-26T05:13:31                      12
/opt/airflow/dags/lampung_flood_prediction_dag.py                                 1           0  1.08s           2025-05-26T05:13:32                      12
================================================================================
[2025-05-26T05:14:28.807+0000] {manager.py:997} INFO - 
================================================================================
DAG File Processing Stats

File Path                                                PID    Runtime      # DAGs    # Errors  Last Runtime    Last Run               Last # of DB Queries
-------------------------------------------------------  -----  ---------  --------  ----------  --------------  -------------------  ----------------------
/opt/airflow/dags/lampung_flood_prediction_dag.py                                 1           0  1.61s           2025-05-26T05:14:04                      12
/opt/airflow/dags/lampung_flood_prediction_real_data.py                           1           0  1.34s           2025-05-26T05:14:03                      12
/opt/airflow/dags/lampung_data_quality_monitoring.py                              1           0  1.25s           2025-05-26T05:14:03                      12
================================================================================
[2025-05-26T05:14:59.341+0000] {manager.py:997} INFO - 
================================================================================
DAG File Processing Stats

File Path                                                PID    Runtime      # DAGs    # Errors  Last Runtime    Last Run               Last # of DB Queries
-------------------------------------------------------  -----  ---------  --------  ----------  --------------  -------------------  ----------------------
/opt/airflow/dags/lampung_flood_prediction_real_data.py                           1           0  1.04s           2025-05-26T05:14:34                      12
/opt/airflow/dags/lampung_flood_prediction_dag.py                                 1           0  1.04s           2025-05-26T05:14:36                      12
/opt/airflow/dags/lampung_data_quality_monitoring.py                              1           0  1.01s           2025-05-26T05:14:34                      12
================================================================================
[2025-05-26T05:15:29.959+0000] {manager.py:997} INFO - 
================================================================================
DAG File Processing Stats

File Path                                                PID    Runtime      # DAGs    # Errors  Last Runtime    Last Run               Last # of DB Queries
-------------------------------------------------------  -----  ---------  --------  ----------  --------------  -------------------  ----------------------
/opt/airflow/dags/lampung_flood_prediction_real_data.py                           1           0  1.17s           2025-05-26T05:15:05                      12
/opt/airflow/dags/lampung_data_quality_monitoring.py                              1           0  1.16s           2025-05-26T05:15:05                      12
/opt/airflow/dags/lampung_flood_prediction_dag.py                                 1           0  0.91s           2025-05-26T05:15:07                      12
================================================================================
[2025-05-26T05:16:00.621+0000] {manager.py:997} INFO - 
================================================================================
DAG File Processing Stats

File Path                                                PID    Runtime      # DAGs    # Errors  Last Runtime    Last Run               Last # of DB Queries
-------------------------------------------------------  -----  ---------  --------  ----------  --------------  -------------------  ----------------------
/opt/airflow/dags/lampung_flood_prediction_dag.py                                 1           0  1.24s           2025-05-26T05:15:39                      12
/opt/airflow/dags/lampung_flood_prediction_real_data.py                           1           0  0.92s           2025-05-26T05:15:37                      12
/opt/airflow/dags/lampung_data_quality_monitoring.py                              1           0  0.89s           2025-05-26T05:15:37                      12
================================================================================
[2025-05-26T05:16:31.275+0000] {manager.py:997} INFO - 
================================================================================
DAG File Processing Stats

File Path                                                PID    Runtime      # DAGs    # Errors  Last Runtime    Last Run               Last # of DB Queries
-------------------------------------------------------  -----  ---------  --------  ----------  --------------  -------------------  ----------------------
/opt/airflow/dags/lampung_flood_prediction_dag.py                                 1           0  1.27s           2025-05-26T05:16:11                      12
/opt/airflow/dags/lampung_flood_prediction_real_data.py                           1           0  1.22s           2025-05-26T05:16:09                      12
/opt/airflow/dags/lampung_data_quality_monitoring.py                              1           0  1.17s           2025-05-26T05:16:09                      12
================================================================================
[2025-05-26T05:17:01.685+0000] {manager.py:997} INFO - 
================================================================================
DAG File Processing Stats

File Path                                                PID    Runtime      # DAGs    # Errors  Last Runtime    Last Run               Last # of DB Queries
-------------------------------------------------------  -----  ---------  --------  ----------  --------------  -------------------  ----------------------
/opt/airflow/dags/lampung_data_quality_monitoring.py                              1           0  1.81s           2025-05-26T05:16:41                      12
/opt/airflow/dags/lampung_flood_prediction_real_data.py                           1           0  1.81s           2025-05-26T05:16:41                      12
/opt/airflow/dags/lampung_flood_prediction_dag.py                                 1           0  1.04s           2025-05-26T05:16:42                      12
================================================================================
[2025-05-26T05:17:31.683+0000] {manager.py:997} INFO - 
================================================================================
DAG File Processing Stats

File Path                                                PID    Runtime      # DAGs    # Errors  Last Runtime    Last Run               Last # of DB Queries
-------------------------------------------------------  -----  ---------  --------  ----------  --------------  -------------------  ----------------------
/opt/airflow/dags/lampung_data_quality_monitoring.py                              1           0  1.64s           2025-05-26T05:17:13                      12
/opt/airflow/dags/lampung_flood_prediction_real_data.py                           1           0  1.61s           2025-05-26T05:17:13                      12
/opt/airflow/dags/lampung_flood_prediction_dag.py                                 1           0  0.92s           2025-05-26T05:17:14                      12
================================================================================
[2025-05-26T05:17:55.940+0000] {manager.py:821} INFO - Searching for files in /opt/airflow/dags
[2025-05-26T05:17:56.032+0000] {manager.py:824} INFO - There are 3 files in /opt/airflow/dags
[2025-05-26T05:18:02.210+0000] {manager.py:997} INFO - 
================================================================================
DAG File Processing Stats

File Path                                                PID    Runtime      # DAGs    # Errors  Last Runtime    Last Run               Last # of DB Queries
-------------------------------------------------------  -----  ---------  --------  ----------  --------------  -------------------  ----------------------
/opt/airflow/dags/lampung_flood_prediction_dag.py                                 1           0  1.15s           2025-05-26T05:17:46                      12
/opt/airflow/dags/lampung_flood_prediction_real_data.py                           1           0  0.98s           2025-05-26T05:17:44                      12
/opt/airflow/dags/lampung_data_quality_monitoring.py                              1           0  0.89s           2025-05-26T05:17:44                      12
================================================================================
[2025-05-26T05:18:32.898+0000] {manager.py:997} INFO - 
================================================================================
DAG File Processing Stats

File Path                                                PID    Runtime      # DAGs    # Errors  Last Runtime    Last Run               Last # of DB Queries
-------------------------------------------------------  -----  ---------  --------  ----------  --------------  -------------------  ----------------------
/opt/airflow/dags/lampung_data_quality_monitoring.py                              1           0  1.15s           2025-05-26T05:18:16                      12
/opt/airflow/dags/lampung_flood_prediction_real_data.py                           1           0  1.13s           2025-05-26T05:18:16                      12
/opt/airflow/dags/lampung_flood_prediction_dag.py                                 1           0  0.97s           2025-05-26T05:18:17                      12
================================================================================
[2025-05-26T05:19:03.588+0000] {manager.py:997} INFO - 
================================================================================
DAG File Processing Stats

File Path                                                PID    Runtime      # DAGs    # Errors  Last Runtime    Last Run               Last # of DB Queries
-------------------------------------------------------  -----  ---------  --------  ----------  --------------  -------------------  ----------------------
/opt/airflow/dags/lampung_flood_prediction_real_data.py                           1           0  1.14s           2025-05-26T05:18:48                      12
/opt/airflow/dags/lampung_data_quality_monitoring.py                              1           0  1.13s           2025-05-26T05:18:48                      12
/opt/airflow/dags/lampung_flood_prediction_dag.py                                 1           0  0.97s           2025-05-26T05:18:49                      12
================================================================================
[2025-05-26T05:19:34.223+0000] {manager.py:997} INFO - 
================================================================================
DAG File Processing Stats

File Path                                                PID    Runtime      # DAGs    # Errors  Last Runtime    Last Run               Last # of DB Queries
-------------------------------------------------------  -----  ---------  --------  ----------  --------------  -------------------  ----------------------
/opt/airflow/dags/lampung_flood_prediction_dag.py                                 1           0  1.27s           2025-05-26T05:19:21                      12
/opt/airflow/dags/lampung_data_quality_monitoring.py                              1           0  0.93s           2025-05-26T05:19:19                      12
/opt/airflow/dags/lampung_flood_prediction_real_data.py                           1           0  0.91s           2025-05-26T05:19:19                      12
================================================================================
[2025-05-26T05:20:04.514+0000] {manager.py:997} INFO - 
================================================================================
DAG File Processing Stats

File Path                                                PID    Runtime      # DAGs    # Errors  Last Runtime    Last Run               Last # of DB Queries
-------------------------------------------------------  -----  ---------  --------  ----------  --------------  -------------------  ----------------------
/opt/airflow/dags/lampung_data_quality_monitoring.py                              1           0  0.91s           2025-05-26T05:19:51                      12
/opt/airflow/dags/lampung_flood_prediction_dag.py                                 1           0  0.90s           2025-05-26T05:19:52                      12
/opt/airflow/dags/lampung_flood_prediction_real_data.py                           1           0  0.90s           2025-05-26T05:19:51                      12
================================================================================
[2025-05-26T05:20:35.220+0000] {manager.py:997} INFO - 
================================================================================
DAG File Processing Stats

File Path                                                PID    Runtime      # DAGs    # Errors  Last Runtime    Last Run               Last # of DB Queries
-------------------------------------------------------  -----  ---------  --------  ----------  --------------  -------------------  ----------------------
/opt/airflow/dags/lampung_flood_prediction_dag.py                                 1           0  1.22s           2025-05-26T05:20:24                      12
/opt/airflow/dags/lampung_data_quality_monitoring.py                              1           0  1.06s           2025-05-26T05:20:22                      12
/opt/airflow/dags/lampung_flood_prediction_real_data.py                           1           0  1.04s           2025-05-26T05:20:22                      12
================================================================================
[2025-05-26T05:21:03.107+0000] {manager.py:997} INFO - 
================================================================================
DAG File Processing Stats

File Path                                                PID    Runtime      # DAGs    # Errors  Last Runtime    Last Run               Last # of DB Queries
-------------------------------------------------------  -----  ---------  --------  ----------  --------------  -------------------  ----------------------
/opt/airflow/dags/lampung_data_quality_monitoring.py                              1           0  1.61s           2025-05-26T05:20:55                      12
/opt/airflow/dags/lampung_flood_prediction_real_data.py                           1           0  1.59s           2025-05-26T05:20:54                      12
/opt/airflow/dags/lampung_flood_prediction_dag.py                                 1           0  1.15s           2025-05-26T05:20:56                      12
================================================================================
[2025-05-26T05:21:32.978+0000] {manager.py:997} INFO - 
================================================================================
DAG File Processing Stats

File Path                                                PID    Runtime      # DAGs    # Errors  Last Runtime    Last Run               Last # of DB Queries
-------------------------------------------------------  -----  ---------  --------  ----------  --------------  -------------------  ----------------------
/opt/airflow/dags/lampung_flood_prediction_dag.py                                 1           0  1.83s           2025-05-26T05:21:26                      12
/opt/airflow/dags/lampung_flood_prediction_real_data.py                           1           0  -0.60s          2025-05-26T05:21:24                      12
/opt/airflow/dags/lampung_data_quality_monitoring.py                              1           0  -0.73s          2025-05-26T05:21:24                      12
================================================================================
[2025-05-26T05:22:03.632+0000] {manager.py:997} INFO - 
================================================================================
DAG File Processing Stats

File Path                                                PID    Runtime      # DAGs    # Errors  Last Runtime    Last Run               Last # of DB Queries
-------------------------------------------------------  -----  ---------  --------  ----------  --------------  -------------------  ----------------------
/opt/airflow/dags/lampung_flood_prediction_dag.py                                 1           0  1.56s           2025-05-26T05:21:58                      12
/opt/airflow/dags/lampung_flood_prediction_real_data.py                           1           0  0.95s           2025-05-26T05:21:55                      12
/opt/airflow/dags/lampung_data_quality_monitoring.py                              1           0  0.88s           2025-05-26T05:21:55                      12
================================================================================
[2025-05-26T05:22:33.100+0000] {manager.py:997} INFO - 
================================================================================
DAG File Processing Stats

File Path                                                PID    Runtime      # DAGs    # Errors  Last Runtime    Last Run               Last # of DB Queries
-------------------------------------------------------  -----  ---------  --------  ----------  --------------  -------------------  ----------------------
/opt/airflow/dags/lampung_flood_prediction_real_data.py                           1           0  1.89s           2025-05-26T05:22:27                      12
/opt/airflow/dags/lampung_data_quality_monitoring.py                              1           0  1.80s           2025-05-26T05:22:27                      12
/opt/airflow/dags/lampung_flood_prediction_dag.py                                 1           0  1.38s           2025-05-26T05:22:30                      12
================================================================================
[2025-05-26T05:22:56.007+0000] {manager.py:821} INFO - Searching for files in /opt/airflow/dags
[2025-05-26T05:22:56.254+0000] {manager.py:824} INFO - There are 3 files in /opt/airflow/dags
[2025-05-26T05:23:04.678+0000] {manager.py:997} INFO - 
================================================================================
DAG File Processing Stats

File Path                                                PID    Runtime      # DAGs    # Errors  Last Runtime    Last Run               Last # of DB Queries
-------------------------------------------------------  -----  ---------  --------  ----------  --------------  -------------------  ----------------------
/opt/airflow/dags/lampung_flood_prediction_real_data.py                           1           0  2.37s           2025-05-26T05:23:00                      12
/opt/airflow/dags/lampung_data_quality_monitoring.py                              1           0  1.83s           2025-05-26T05:23:00                      12
/opt/airflow/dags/lampung_flood_prediction_dag.py                                 1           0  0.99s           2025-05-26T05:23:01                      12
================================================================================
[2025-05-26T05:23:35.996+0000] {manager.py:997} INFO - 
================================================================================
DAG File Processing Stats

File Path                                                PID    Runtime      # DAGs    # Errors  Last Runtime    Last Run               Last # of DB Queries
-------------------------------------------------------  -----  ---------  --------  ----------  --------------  -------------------  ----------------------
/opt/airflow/dags/lampung_flood_prediction_dag.py                                 1           0  2.83s           2025-05-26T05:23:35                      12
/opt/airflow/dags/lampung_flood_prediction_real_data.py                           1           0  2.45s           2025-05-26T05:23:34                      12
/opt/airflow/dags/lampung_data_quality_monitoring.py                              1           0  1.53s           2025-05-26T05:23:32                      12
================================================================================
[2025-05-26T05:24:06.164+0000] {manager.py:997} INFO - 
================================================================================
DAG File Processing Stats

File Path                                                  PID  Runtime      # DAGs    # Errors  Last Runtime    Last Run               Last # of DB Queries
-------------------------------------------------------  -----  ---------  --------  ----------  --------------  -------------------  ----------------------
/opt/airflow/dags/lampung_flood_prediction_dag.py         1044  0.43s             1           0  2.83s           2025-05-26T05:23:35                      12
/opt/airflow/dags/lampung_flood_prediction_real_data.py                           1           0  1.48s           2025-05-26T05:24:06                      12
/opt/airflow/dags/lampung_data_quality_monitoring.py                              1           0  1.29s           2025-05-26T05:24:03                      12
================================================================================
[2025-05-26T05:24:36.459+0000] {manager.py:997} INFO - 
================================================================================
DAG File Processing Stats

File Path                                                  PID  Runtime      # DAGs    # Errors  Last Runtime    Last Run               Last # of DB Queries
-------------------------------------------------------  -----  ---------  --------  ----------  --------------  -------------------  ----------------------
/opt/airflow/dags/lampung_flood_prediction_dag.py                                 1           0  1.75s           2025-05-26T05:24:07                      12
/opt/airflow/dags/lampung_flood_prediction_real_data.py   1054  0.01s             1           0  1.48s           2025-05-26T05:24:06                      12
/opt/airflow/dags/lampung_data_quality_monitoring.py                              1           0  1.34s           2025-05-26T05:24:35                      12
================================================================================
[2025-05-26T05:25:06.377+0000] {manager.py:997} INFO - 
================================================================================
DAG File Processing Stats

File Path                                                  PID  Runtime      # DAGs    # Errors  Last Runtime    Last Run               Last # of DB Queries
-------------------------------------------------------  -----  ---------  --------  ----------  --------------  -------------------  ----------------------
/opt/airflow/dags/lampung_flood_prediction_real_data.py                           1           0  1.40s           2025-05-26T05:24:37                      12
/opt/airflow/dags/lampung_data_quality_monitoring.py      1064  0.68s             1           0  1.34s           2025-05-26T05:24:35                      12
/opt/airflow/dags/lampung_flood_prediction_dag.py                                 1           0  1.26s           2025-05-26T05:24:39                      12
================================================================================
