[2025-05-26T04:42:55.544+0000] {processor.py:186} INFO - Started process (PID=68) to work on /opt/airflow/dags/lampung_data_quality_monitoring.py
[2025-05-26T04:42:55.550+0000] {processor.py:914} INFO - Processing file /opt/airflow/dags/lampung_data_quality_monitoring.py for tasks to queue
[2025-05-26T04:42:55.567+0000] {logging_mixin.py:190} INFO - [2025-05-26T04:42:55.566+0000] {dagbag.py:588} INFO - Filling up the DagBag from /opt/airflow/dags/lampung_data_quality_monitoring.py
[2025-05-26T04:43:00.611+0000] {processor.py:925} INFO - DAG(s) 'lampung_data_quality_monitoring' retrieved from /opt/airflow/dags/lampung_data_quality_monitoring.py
[2025-05-26T04:43:01.425+0000] {logging_mixin.py:190} INFO - [2025-05-26T04:43:01.422+0000] {override.py:1911} INFO - Created Permission View: can delete on DAG:lampung_data_quality_monitoring
[2025-05-26T04:43:01.466+0000] {logging_mixin.py:190} INFO - [2025-05-26T04:43:01.465+0000] {override.py:1911} INFO - Created Permission View: can read on DAG:lampung_data_quality_monitoring
[2025-05-26T04:43:01.486+0000] {logging_mixin.py:190} INFO - [2025-05-26T04:43:01.486+0000] {override.py:1911} INFO - Created Permission View: can edit on DAG:lampung_data_quality_monitoring
[2025-05-26T04:43:01.510+0000] {logging_mixin.py:190} INFO - [2025-05-26T04:43:01.510+0000] {override.py:1911} INFO - Created Permission View: can delete on DAG Run:lampung_data_quality_monitoring
[2025-05-26T04:43:01.533+0000] {logging_mixin.py:190} INFO - [2025-05-26T04:43:01.532+0000] {override.py:1911} INFO - Created Permission View: can read on DAG Run:lampung_data_quality_monitoring
[2025-05-26T04:43:01.554+0000] {logging_mixin.py:190} INFO - [2025-05-26T04:43:01.553+0000] {override.py:1911} INFO - Created Permission View: can create on DAG Run:lampung_data_quality_monitoring
[2025-05-26T04:43:01.572+0000] {logging_mixin.py:190} INFO - [2025-05-26T04:43:01.572+0000] {override.py:1911} INFO - Created Permission View: menu access on DAG Run:lampung_data_quality_monitoring
[2025-05-26T04:43:01.574+0000] {logging_mixin.py:190} INFO - [2025-05-26T04:43:01.573+0000] {dag.py:3239} INFO - Sync 1 DAGs
[2025-05-26T04:43:01.604+0000] {logging_mixin.py:190} INFO - [2025-05-26T04:43:01.603+0000] {dag.py:3262} INFO - Creating ORM DAG for lampung_data_quality_monitoring
[2025-05-26T04:43:01.626+0000] {logging_mixin.py:190} INFO - [2025-05-26T04:43:01.626+0000] {dag.py:4180} INFO - Setting next_dagrun for lampung_data_quality_monitoring to 2025-05-25 18:00:00+00:00, run_after=2025-05-26 00:00:00+00:00
[2025-05-26T04:43:01.684+0000] {processor.py:208} INFO - Processing /opt/airflow/dags/lampung_data_quality_monitoring.py took 6.180 seconds
[2025-05-26T04:43:32.300+0000] {processor.py:186} INFO - Started process (PID=81) to work on /opt/airflow/dags/lampung_data_quality_monitoring.py
[2025-05-26T04:43:32.302+0000] {processor.py:914} INFO - Processing file /opt/airflow/dags/lampung_data_quality_monitoring.py for tasks to queue
[2025-05-26T04:43:32.306+0000] {logging_mixin.py:190} INFO - [2025-05-26T04:43:32.306+0000] {dagbag.py:588} INFO - Filling up the DagBag from /opt/airflow/dags/lampung_data_quality_monitoring.py
[2025-05-26T04:43:33.722+0000] {processor.py:925} INFO - DAG(s) 'lampung_data_quality_monitoring' retrieved from /opt/airflow/dags/lampung_data_quality_monitoring.py
[2025-05-26T04:43:33.802+0000] {logging_mixin.py:190} INFO - [2025-05-26T04:43:33.801+0000] {dag.py:3239} INFO - Sync 1 DAGs
[2025-05-26T04:43:33.859+0000] {logging_mixin.py:190} INFO - [2025-05-26T04:43:33.859+0000] {dag.py:4180} INFO - Setting next_dagrun for lampung_data_quality_monitoring to 2025-05-25 18:00:00+00:00, run_after=2025-05-26 00:00:00+00:00
[2025-05-26T04:43:33.905+0000] {processor.py:208} INFO - Processing /opt/airflow/dags/lampung_data_quality_monitoring.py took 1.615 seconds
[2025-05-26T04:44:04.898+0000] {processor.py:186} INFO - Started process (PID=93) to work on /opt/airflow/dags/lampung_data_quality_monitoring.py
[2025-05-26T04:44:04.901+0000] {processor.py:914} INFO - Processing file /opt/airflow/dags/lampung_data_quality_monitoring.py for tasks to queue
[2025-05-26T04:44:04.909+0000] {logging_mixin.py:190} INFO - [2025-05-26T04:44:04.908+0000] {dagbag.py:588} INFO - Filling up the DagBag from /opt/airflow/dags/lampung_data_quality_monitoring.py
[2025-05-26T04:44:07.270+0000] {processor.py:925} INFO - DAG(s) 'lampung_data_quality_monitoring' retrieved from /opt/airflow/dags/lampung_data_quality_monitoring.py
[2025-05-26T04:44:07.336+0000] {logging_mixin.py:190} INFO - [2025-05-26T04:44:07.336+0000] {dag.py:3239} INFO - Sync 1 DAGs
[2025-05-26T04:44:07.383+0000] {logging_mixin.py:190} INFO - [2025-05-26T04:44:07.382+0000] {dag.py:4180} INFO - Setting next_dagrun for lampung_data_quality_monitoring to 2025-05-25 18:00:00+00:00, run_after=2025-05-26 00:00:00+00:00
[2025-05-26T04:44:07.426+0000] {processor.py:208} INFO - Processing /opt/airflow/dags/lampung_data_quality_monitoring.py took 2.541 seconds
[2025-05-26T04:44:38.567+0000] {processor.py:186} INFO - Started process (PID=111) to work on /opt/airflow/dags/lampung_data_quality_monitoring.py
[2025-05-26T04:44:38.569+0000] {processor.py:914} INFO - Processing file /opt/airflow/dags/lampung_data_quality_monitoring.py for tasks to queue
[2025-05-26T04:44:38.575+0000] {logging_mixin.py:190} INFO - [2025-05-26T04:44:38.575+0000] {dagbag.py:588} INFO - Filling up the DagBag from /opt/airflow/dags/lampung_data_quality_monitoring.py
[2025-05-26T04:44:39.513+0000] {processor.py:925} INFO - DAG(s) 'lampung_data_quality_monitoring' retrieved from /opt/airflow/dags/lampung_data_quality_monitoring.py
[2025-05-26T04:44:39.583+0000] {logging_mixin.py:190} INFO - [2025-05-26T04:44:39.582+0000] {dag.py:3239} INFO - Sync 1 DAGs
[2025-05-26T04:44:39.638+0000] {logging_mixin.py:190} INFO - [2025-05-26T04:44:39.637+0000] {dag.py:4180} INFO - Setting next_dagrun for lampung_data_quality_monitoring to 2025-05-25 18:00:00+00:00, run_after=2025-05-26 00:00:00+00:00
[2025-05-26T04:44:39.685+0000] {processor.py:208} INFO - Processing /opt/airflow/dags/lampung_data_quality_monitoring.py took 1.129 seconds
[2025-05-26T04:45:10.272+0000] {processor.py:186} INFO - Started process (PID=123) to work on /opt/airflow/dags/lampung_data_quality_monitoring.py
[2025-05-26T04:45:10.274+0000] {processor.py:914} INFO - Processing file /opt/airflow/dags/lampung_data_quality_monitoring.py for tasks to queue
[2025-05-26T04:45:10.279+0000] {logging_mixin.py:190} INFO - [2025-05-26T04:45:10.278+0000] {dagbag.py:588} INFO - Filling up the DagBag from /opt/airflow/dags/lampung_data_quality_monitoring.py
[2025-05-26T04:45:11.863+0000] {processor.py:925} INFO - DAG(s) 'lampung_data_quality_monitoring' retrieved from /opt/airflow/dags/lampung_data_quality_monitoring.py
[2025-05-26T04:45:11.968+0000] {logging_mixin.py:190} INFO - [2025-05-26T04:45:11.967+0000] {dag.py:3239} INFO - Sync 1 DAGs
[2025-05-26T04:45:12.033+0000] {logging_mixin.py:190} INFO - [2025-05-26T04:45:12.033+0000] {dag.py:4180} INFO - Setting next_dagrun for lampung_data_quality_monitoring to 2025-05-25 18:00:00+00:00, run_after=2025-05-26 00:00:00+00:00
[2025-05-26T04:45:12.075+0000] {processor.py:208} INFO - Processing /opt/airflow/dags/lampung_data_quality_monitoring.py took 1.813 seconds
[2025-05-26T04:45:42.447+0000] {processor.py:186} INFO - Started process (PID=135) to work on /opt/airflow/dags/lampung_data_quality_monitoring.py
[2025-05-26T04:45:42.450+0000] {processor.py:914} INFO - Processing file /opt/airflow/dags/lampung_data_quality_monitoring.py for tasks to queue
[2025-05-26T04:45:42.455+0000] {logging_mixin.py:190} INFO - [2025-05-26T04:45:42.454+0000] {dagbag.py:588} INFO - Filling up the DagBag from /opt/airflow/dags/lampung_data_quality_monitoring.py
[2025-05-26T04:45:45.227+0000] {processor.py:925} INFO - DAG(s) 'lampung_data_quality_monitoring' retrieved from /opt/airflow/dags/lampung_data_quality_monitoring.py
[2025-05-26T04:45:45.293+0000] {logging_mixin.py:190} INFO - [2025-05-26T04:45:45.293+0000] {dag.py:3239} INFO - Sync 1 DAGs
[2025-05-26T04:45:45.344+0000] {logging_mixin.py:190} INFO - [2025-05-26T04:45:45.343+0000] {dag.py:4180} INFO - Setting next_dagrun for lampung_data_quality_monitoring to 2025-05-25 18:00:00+00:00, run_after=2025-05-26 00:00:00+00:00
[2025-05-26T04:45:45.390+0000] {processor.py:208} INFO - Processing /opt/airflow/dags/lampung_data_quality_monitoring.py took 1.421 seconds
[2025-05-26T04:46:16.160+0000] {processor.py:186} INFO - Started process (PID=147) to work on /opt/airflow/dags/lampung_data_quality_monitoring.py
[2025-05-26T04:46:16.163+0000] {processor.py:914} INFO - Processing file /opt/airflow/dags/lampung_data_quality_monitoring.py for tasks to queue
[2025-05-26T04:46:16.171+0000] {logging_mixin.py:190} INFO - [2025-05-26T04:46:16.170+0000] {dagbag.py:588} INFO - Filling up the DagBag from /opt/airflow/dags/lampung_data_quality_monitoring.py
[2025-05-26T04:46:17.087+0000] {processor.py:925} INFO - DAG(s) 'lampung_data_quality_monitoring' retrieved from /opt/airflow/dags/lampung_data_quality_monitoring.py
[2025-05-26T04:46:17.167+0000] {logging_mixin.py:190} INFO - [2025-05-26T04:46:17.166+0000] {dag.py:3239} INFO - Sync 1 DAGs
[2025-05-26T04:46:17.232+0000] {logging_mixin.py:190} INFO - [2025-05-26T04:46:17.232+0000] {dag.py:4180} INFO - Setting next_dagrun for lampung_data_quality_monitoring to 2025-05-25 18:00:00+00:00, run_after=2025-05-26 00:00:00+00:00
[2025-05-26T04:46:17.277+0000] {processor.py:208} INFO - Processing /opt/airflow/dags/lampung_data_quality_monitoring.py took 1.138 seconds
[2025-05-26T04:46:47.542+0000] {processor.py:186} INFO - Started process (PID=168) to work on /opt/airflow/dags/lampung_data_quality_monitoring.py
[2025-05-26T04:46:47.546+0000] {processor.py:914} INFO - Processing file /opt/airflow/dags/lampung_data_quality_monitoring.py for tasks to queue
[2025-05-26T04:46:47.550+0000] {logging_mixin.py:190} INFO - [2025-05-26T04:46:47.550+0000] {dagbag.py:588} INFO - Filling up the DagBag from /opt/airflow/dags/lampung_data_quality_monitoring.py
[2025-05-26T04:46:48.305+0000] {processor.py:925} INFO - DAG(s) 'lampung_data_quality_monitoring' retrieved from /opt/airflow/dags/lampung_data_quality_monitoring.py
[2025-05-26T04:46:48.378+0000] {logging_mixin.py:190} INFO - [2025-05-26T04:46:48.378+0000] {dag.py:3239} INFO - Sync 1 DAGs
[2025-05-26T04:46:48.533+0000] {processor.py:208} INFO - Processing /opt/airflow/dags/lampung_data_quality_monitoring.py took 1.003 seconds
[2025-05-26T04:47:19.461+0000] {processor.py:186} INFO - Started process (PID=180) to work on /opt/airflow/dags/lampung_data_quality_monitoring.py
[2025-05-26T04:47:19.463+0000] {processor.py:914} INFO - Processing file /opt/airflow/dags/lampung_data_quality_monitoring.py for tasks to queue
[2025-05-26T04:47:19.469+0000] {logging_mixin.py:190} INFO - [2025-05-26T04:47:19.468+0000] {dagbag.py:588} INFO - Filling up the DagBag from /opt/airflow/dags/lampung_data_quality_monitoring.py
[2025-05-26T04:47:20.123+0000] {processor.py:925} INFO - DAG(s) 'lampung_data_quality_monitoring' retrieved from /opt/airflow/dags/lampung_data_quality_monitoring.py
[2025-05-26T04:47:20.186+0000] {logging_mixin.py:190} INFO - [2025-05-26T04:47:20.185+0000] {dag.py:3239} INFO - Sync 1 DAGs
[2025-05-26T04:47:20.422+0000] {processor.py:208} INFO - Processing /opt/airflow/dags/lampung_data_quality_monitoring.py took 0.974 seconds
[2025-05-26T04:47:50.713+0000] {processor.py:186} INFO - Started process (PID=192) to work on /opt/airflow/dags/lampung_data_quality_monitoring.py
[2025-05-26T04:47:50.715+0000] {processor.py:914} INFO - Processing file /opt/airflow/dags/lampung_data_quality_monitoring.py for tasks to queue
[2025-05-26T04:47:50.720+0000] {logging_mixin.py:190} INFO - [2025-05-26T04:47:50.720+0000] {dagbag.py:588} INFO - Filling up the DagBag from /opt/airflow/dags/lampung_data_quality_monitoring.py
[2025-05-26T04:47:51.698+0000] {processor.py:925} INFO - DAG(s) 'lampung_data_quality_monitoring' retrieved from /opt/airflow/dags/lampung_data_quality_monitoring.py
[2025-05-26T04:47:51.815+0000] {logging_mixin.py:190} INFO - [2025-05-26T04:47:51.815+0000] {dag.py:3239} INFO - Sync 1 DAGs
[2025-05-26T04:47:51.904+0000] {processor.py:208} INFO - Processing /opt/airflow/dags/lampung_data_quality_monitoring.py took 1.206 seconds
[2025-05-26T04:48:22.074+0000] {processor.py:186} INFO - Started process (PID=203) to work on /opt/airflow/dags/lampung_data_quality_monitoring.py
[2025-05-26T04:48:22.076+0000] {processor.py:914} INFO - Processing file /opt/airflow/dags/lampung_data_quality_monitoring.py for tasks to queue
[2025-05-26T04:48:22.081+0000] {logging_mixin.py:190} INFO - [2025-05-26T04:48:22.080+0000] {dagbag.py:588} INFO - Filling up the DagBag from /opt/airflow/dags/lampung_data_quality_monitoring.py
[2025-05-26T04:48:22.756+0000] {processor.py:925} INFO - DAG(s) 'lampung_data_quality_monitoring' retrieved from /opt/airflow/dags/lampung_data_quality_monitoring.py
[2025-05-26T04:48:22.830+0000] {logging_mixin.py:190} INFO - [2025-05-26T04:48:22.830+0000] {dag.py:3239} INFO - Sync 1 DAGs
[2025-05-26T04:48:22.958+0000] {processor.py:208} INFO - Processing /opt/airflow/dags/lampung_data_quality_monitoring.py took 0.895 seconds
[2025-05-26T04:48:53.553+0000] {processor.py:186} INFO - Started process (PID=215) to work on /opt/airflow/dags/lampung_data_quality_monitoring.py
[2025-05-26T04:48:53.556+0000] {processor.py:914} INFO - Processing file /opt/airflow/dags/lampung_data_quality_monitoring.py for tasks to queue
[2025-05-26T04:48:53.577+0000] {logging_mixin.py:190} INFO - [2025-05-26T04:48:53.574+0000] {dagbag.py:588} INFO - Filling up the DagBag from /opt/airflow/dags/lampung_data_quality_monitoring.py
[2025-05-26T04:48:55.275+0000] {processor.py:925} INFO - DAG(s) 'lampung_data_quality_monitoring' retrieved from /opt/airflow/dags/lampung_data_quality_monitoring.py
[2025-05-26T04:48:55.429+0000] {logging_mixin.py:190} INFO - [2025-05-26T04:48:55.428+0000] {dag.py:3239} INFO - Sync 1 DAGs
[2025-05-26T04:48:55.609+0000] {processor.py:208} INFO - Processing /opt/airflow/dags/lampung_data_quality_monitoring.py took 2.104 seconds
[2025-05-26T04:49:27.099+0000] {processor.py:186} INFO - Started process (PID=227) to work on /opt/airflow/dags/lampung_data_quality_monitoring.py
[2025-05-26T04:49:27.112+0000] {processor.py:914} INFO - Processing file /opt/airflow/dags/lampung_data_quality_monitoring.py for tasks to queue
[2025-05-26T04:49:27.137+0000] {logging_mixin.py:190} INFO - [2025-05-26T04:49:27.135+0000] {dagbag.py:588} INFO - Filling up the DagBag from /opt/airflow/dags/lampung_data_quality_monitoring.py
[2025-05-26T04:49:29.744+0000] {processor.py:925} INFO - DAG(s) 'lampung_data_quality_monitoring' retrieved from /opt/airflow/dags/lampung_data_quality_monitoring.py
[2025-05-26T04:49:29.942+0000] {logging_mixin.py:190} INFO - [2025-05-26T04:49:29.941+0000] {dag.py:3239} INFO - Sync 1 DAGs
[2025-05-26T04:49:30.125+0000] {processor.py:208} INFO - Processing /opt/airflow/dags/lampung_data_quality_monitoring.py took 3.168 seconds
[2025-05-26T04:50:01.150+0000] {processor.py:186} INFO - Started process (PID=240) to work on /opt/airflow/dags/lampung_data_quality_monitoring.py
[2025-05-26T04:50:01.152+0000] {processor.py:914} INFO - Processing file /opt/airflow/dags/lampung_data_quality_monitoring.py for tasks to queue
[2025-05-26T04:50:01.160+0000] {logging_mixin.py:190} INFO - [2025-05-26T04:50:01.159+0000] {dagbag.py:588} INFO - Filling up the DagBag from /opt/airflow/dags/lampung_data_quality_monitoring.py
[2025-05-26T04:50:02.049+0000] {processor.py:925} INFO - DAG(s) 'lampung_data_quality_monitoring' retrieved from /opt/airflow/dags/lampung_data_quality_monitoring.py
[2025-05-26T04:50:02.110+0000] {logging_mixin.py:190} INFO - [2025-05-26T04:50:02.109+0000] {dag.py:3239} INFO - Sync 1 DAGs
[2025-05-26T04:50:02.207+0000] {processor.py:208} INFO - Processing /opt/airflow/dags/lampung_data_quality_monitoring.py took 1.075 seconds
[2025-05-26T04:50:32.970+0000] {processor.py:186} INFO - Started process (PID=251) to work on /opt/airflow/dags/lampung_data_quality_monitoring.py
[2025-05-26T04:50:32.972+0000] {processor.py:914} INFO - Processing file /opt/airflow/dags/lampung_data_quality_monitoring.py for tasks to queue
[2025-05-26T04:50:32.978+0000] {logging_mixin.py:190} INFO - [2025-05-26T04:50:32.977+0000] {dagbag.py:588} INFO - Filling up the DagBag from /opt/airflow/dags/lampung_data_quality_monitoring.py
[2025-05-26T04:50:33.740+0000] {processor.py:925} INFO - DAG(s) 'lampung_data_quality_monitoring' retrieved from /opt/airflow/dags/lampung_data_quality_monitoring.py
[2025-05-26T04:50:33.802+0000] {logging_mixin.py:190} INFO - [2025-05-26T04:50:33.802+0000] {dag.py:3239} INFO - Sync 1 DAGs
[2025-05-26T04:50:33.892+0000] {processor.py:208} INFO - Processing /opt/airflow/dags/lampung_data_quality_monitoring.py took 0.934 seconds
[2025-05-26T04:51:04.676+0000] {processor.py:186} INFO - Started process (PID=263) to work on /opt/airflow/dags/lampung_data_quality_monitoring.py
[2025-05-26T04:51:04.678+0000] {processor.py:914} INFO - Processing file /opt/airflow/dags/lampung_data_quality_monitoring.py for tasks to queue
[2025-05-26T04:51:04.684+0000] {logging_mixin.py:190} INFO - [2025-05-26T04:51:04.683+0000] {dagbag.py:588} INFO - Filling up the DagBag from /opt/airflow/dags/lampung_data_quality_monitoring.py
[2025-05-26T04:51:05.409+0000] {processor.py:925} INFO - DAG(s) 'lampung_data_quality_monitoring' retrieved from /opt/airflow/dags/lampung_data_quality_monitoring.py
[2025-05-26T04:51:05.474+0000] {logging_mixin.py:190} INFO - [2025-05-26T04:51:05.474+0000] {dag.py:3239} INFO - Sync 1 DAGs
[2025-05-26T04:51:05.682+0000] {processor.py:208} INFO - Processing /opt/airflow/dags/lampung_data_quality_monitoring.py took 1.021 seconds
[2025-05-26T04:51:36.552+0000] {processor.py:186} INFO - Started process (PID=274) to work on /opt/airflow/dags/lampung_data_quality_monitoring.py
[2025-05-26T04:51:36.554+0000] {processor.py:914} INFO - Processing file /opt/airflow/dags/lampung_data_quality_monitoring.py for tasks to queue
[2025-05-26T04:51:36.561+0000] {logging_mixin.py:190} INFO - [2025-05-26T04:51:36.560+0000] {dagbag.py:588} INFO - Filling up the DagBag from /opt/airflow/dags/lampung_data_quality_monitoring.py
[2025-05-26T04:51:37.340+0000] {processor.py:925} INFO - DAG(s) 'lampung_data_quality_monitoring' retrieved from /opt/airflow/dags/lampung_data_quality_monitoring.py
[2025-05-26T04:51:37.429+0000] {logging_mixin.py:190} INFO - [2025-05-26T04:51:37.428+0000] {dag.py:3239} INFO - Sync 1 DAGs
[2025-05-26T04:51:37.529+0000] {processor.py:208} INFO - Processing /opt/airflow/dags/lampung_data_quality_monitoring.py took 0.994 seconds
[2025-05-26T04:52:07.755+0000] {processor.py:186} INFO - Started process (PID=286) to work on /opt/airflow/dags/lampung_data_quality_monitoring.py
[2025-05-26T04:52:07.757+0000] {processor.py:914} INFO - Processing file /opt/airflow/dags/lampung_data_quality_monitoring.py for tasks to queue
[2025-05-26T04:52:07.762+0000] {logging_mixin.py:190} INFO - [2025-05-26T04:52:07.761+0000] {dagbag.py:588} INFO - Filling up the DagBag from /opt/airflow/dags/lampung_data_quality_monitoring.py
[2025-05-26T04:52:08.955+0000] {processor.py:925} INFO - DAG(s) 'lampung_data_quality_monitoring' retrieved from /opt/airflow/dags/lampung_data_quality_monitoring.py
[2025-05-26T04:52:09.156+0000] {logging_mixin.py:190} INFO - [2025-05-26T04:52:09.155+0000] {dag.py:3239} INFO - Sync 1 DAGs
[2025-05-26T04:52:09.283+0000] {processor.py:208} INFO - Processing /opt/airflow/dags/lampung_data_quality_monitoring.py took 1.542 seconds
[2025-05-26T04:52:39.783+0000] {processor.py:186} INFO - Started process (PID=304) to work on /opt/airflow/dags/lampung_data_quality_monitoring.py
[2025-05-26T04:52:39.785+0000] {processor.py:914} INFO - Processing file /opt/airflow/dags/lampung_data_quality_monitoring.py for tasks to queue
[2025-05-26T04:52:39.790+0000] {logging_mixin.py:190} INFO - [2025-05-26T04:52:39.789+0000] {dagbag.py:588} INFO - Filling up the DagBag from /opt/airflow/dags/lampung_data_quality_monitoring.py
[2025-05-26T04:52:40.528+0000] {processor.py:925} INFO - DAG(s) 'lampung_data_quality_monitoring' retrieved from /opt/airflow/dags/lampung_data_quality_monitoring.py
[2025-05-26T04:52:40.589+0000] {logging_mixin.py:190} INFO - [2025-05-26T04:52:40.589+0000] {dag.py:3239} INFO - Sync 1 DAGs
[2025-05-26T04:52:40.696+0000] {processor.py:208} INFO - Processing /opt/airflow/dags/lampung_data_quality_monitoring.py took 0.927 seconds
[2025-05-26T04:53:11.790+0000] {processor.py:186} INFO - Started process (PID=317) to work on /opt/airflow/dags/lampung_data_quality_monitoring.py
[2025-05-26T04:53:11.792+0000] {processor.py:914} INFO - Processing file /opt/airflow/dags/lampung_data_quality_monitoring.py for tasks to queue
[2025-05-26T04:53:11.797+0000] {logging_mixin.py:190} INFO - [2025-05-26T04:53:11.796+0000] {dagbag.py:588} INFO - Filling up the DagBag from /opt/airflow/dags/lampung_data_quality_monitoring.py
[2025-05-26T04:53:12.520+0000] {processor.py:925} INFO - DAG(s) 'lampung_data_quality_monitoring' retrieved from /opt/airflow/dags/lampung_data_quality_monitoring.py
[2025-05-26T04:53:12.585+0000] {logging_mixin.py:190} INFO - [2025-05-26T04:53:12.584+0000] {dag.py:3239} INFO - Sync 1 DAGs
[2025-05-26T04:53:12.669+0000] {processor.py:208} INFO - Processing /opt/airflow/dags/lampung_data_quality_monitoring.py took 0.891 seconds
[2025-05-26T04:53:43.097+0000] {processor.py:186} INFO - Started process (PID=329) to work on /opt/airflow/dags/lampung_data_quality_monitoring.py
[2025-05-26T04:53:43.098+0000] {processor.py:914} INFO - Processing file /opt/airflow/dags/lampung_data_quality_monitoring.py for tasks to queue
[2025-05-26T04:53:43.103+0000] {logging_mixin.py:190} INFO - [2025-05-26T04:53:43.102+0000] {dagbag.py:588} INFO - Filling up the DagBag from /opt/airflow/dags/lampung_data_quality_monitoring.py
[2025-05-26T04:53:43.956+0000] {processor.py:925} INFO - DAG(s) 'lampung_data_quality_monitoring' retrieved from /opt/airflow/dags/lampung_data_quality_monitoring.py
[2025-05-26T04:53:44.013+0000] {logging_mixin.py:190} INFO - [2025-05-26T04:53:44.012+0000] {dag.py:3239} INFO - Sync 1 DAGs
[2025-05-26T04:53:44.113+0000] {processor.py:208} INFO - Processing /opt/airflow/dags/lampung_data_quality_monitoring.py took 1.027 seconds
[2025-05-26T04:54:14.838+0000] {processor.py:186} INFO - Started process (PID=342) to work on /opt/airflow/dags/lampung_data_quality_monitoring.py
[2025-05-26T04:54:14.840+0000] {processor.py:914} INFO - Processing file /opt/airflow/dags/lampung_data_quality_monitoring.py for tasks to queue
[2025-05-26T04:54:14.846+0000] {logging_mixin.py:190} INFO - [2025-05-26T04:54:14.845+0000] {dagbag.py:588} INFO - Filling up the DagBag from /opt/airflow/dags/lampung_data_quality_monitoring.py
[2025-05-26T04:54:15.562+0000] {processor.py:925} INFO - DAG(s) 'lampung_data_quality_monitoring' retrieved from /opt/airflow/dags/lampung_data_quality_monitoring.py
[2025-05-26T04:54:15.623+0000] {logging_mixin.py:190} INFO - [2025-05-26T04:54:15.623+0000] {dag.py:3239} INFO - Sync 1 DAGs
[2025-05-26T04:54:15.708+0000] {processor.py:208} INFO - Processing /opt/airflow/dags/lampung_data_quality_monitoring.py took 0.893 seconds
[2025-05-26T04:54:46.060+0000] {processor.py:186} INFO - Started process (PID=354) to work on /opt/airflow/dags/lampung_data_quality_monitoring.py
[2025-05-26T04:54:46.062+0000] {processor.py:914} INFO - Processing file /opt/airflow/dags/lampung_data_quality_monitoring.py for tasks to queue
[2025-05-26T04:54:46.068+0000] {logging_mixin.py:190} INFO - [2025-05-26T04:54:46.067+0000] {dagbag.py:588} INFO - Filling up the DagBag from /opt/airflow/dags/lampung_data_quality_monitoring.py
[2025-05-26T04:54:46.820+0000] {processor.py:925} INFO - DAG(s) 'lampung_data_quality_monitoring' retrieved from /opt/airflow/dags/lampung_data_quality_monitoring.py
[2025-05-26T04:54:46.879+0000] {logging_mixin.py:190} INFO - [2025-05-26T04:54:46.879+0000] {dag.py:3239} INFO - Sync 1 DAGs
[2025-05-26T04:54:46.961+0000] {processor.py:208} INFO - Processing /opt/airflow/dags/lampung_data_quality_monitoring.py took 0.914 seconds
[2025-05-26T04:55:18.560+0000] {processor.py:186} INFO - Started process (PID=366) to work on /opt/airflow/dags/lampung_data_quality_monitoring.py
[2025-05-26T04:55:18.566+0000] {processor.py:914} INFO - Processing file /opt/airflow/dags/lampung_data_quality_monitoring.py for tasks to queue
[2025-05-26T04:55:18.598+0000] {logging_mixin.py:190} INFO - [2025-05-26T04:55:18.593+0000] {dagbag.py:588} INFO - Filling up the DagBag from /opt/airflow/dags/lampung_data_quality_monitoring.py
[2025-05-26T04:55:20.022+0000] {processor.py:925} INFO - DAG(s) 'lampung_data_quality_monitoring' retrieved from /opt/airflow/dags/lampung_data_quality_monitoring.py
[2025-05-26T04:55:20.136+0000] {logging_mixin.py:190} INFO - [2025-05-26T04:55:20.136+0000] {dag.py:3239} INFO - Sync 1 DAGs
[2025-05-26T04:55:20.313+0000] {processor.py:208} INFO - Processing /opt/airflow/dags/lampung_data_quality_monitoring.py took 1.916 seconds
[2025-05-26T04:55:50.593+0000] {processor.py:186} INFO - Started process (PID=378) to work on /opt/airflow/dags/lampung_data_quality_monitoring.py
[2025-05-26T04:55:50.595+0000] {processor.py:914} INFO - Processing file /opt/airflow/dags/lampung_data_quality_monitoring.py for tasks to queue
[2025-05-26T04:55:50.601+0000] {logging_mixin.py:190} INFO - [2025-05-26T04:55:50.600+0000] {dagbag.py:588} INFO - Filling up the DagBag from /opt/airflow/dags/lampung_data_quality_monitoring.py
[2025-05-26T04:55:51.304+0000] {processor.py:925} INFO - DAG(s) 'lampung_data_quality_monitoring' retrieved from /opt/airflow/dags/lampung_data_quality_monitoring.py
[2025-05-26T04:55:51.367+0000] {logging_mixin.py:190} INFO - [2025-05-26T04:55:51.366+0000] {dag.py:3239} INFO - Sync 1 DAGs
[2025-05-26T04:55:51.471+0000] {processor.py:208} INFO - Processing /opt/airflow/dags/lampung_data_quality_monitoring.py took 0.893 seconds
[2025-05-26T04:56:22.529+0000] {processor.py:186} INFO - Started process (PID=391) to work on /opt/airflow/dags/lampung_data_quality_monitoring.py
[2025-05-26T04:56:22.531+0000] {processor.py:914} INFO - Processing file /opt/airflow/dags/lampung_data_quality_monitoring.py for tasks to queue
[2025-05-26T04:56:22.536+0000] {logging_mixin.py:190} INFO - [2025-05-26T04:56:22.535+0000] {dagbag.py:588} INFO - Filling up the DagBag from /opt/airflow/dags/lampung_data_quality_monitoring.py
[2025-05-26T04:56:23.318+0000] {processor.py:925} INFO - DAG(s) 'lampung_data_quality_monitoring' retrieved from /opt/airflow/dags/lampung_data_quality_monitoring.py
[2025-05-26T04:56:23.384+0000] {logging_mixin.py:190} INFO - [2025-05-26T04:56:23.383+0000] {dag.py:3239} INFO - Sync 1 DAGs
[2025-05-26T04:56:23.771+0000] {processor.py:208} INFO - Processing /opt/airflow/dags/lampung_data_quality_monitoring.py took 1.258 seconds
[2025-05-26T04:56:54.033+0000] {processor.py:186} INFO - Started process (PID=403) to work on /opt/airflow/dags/lampung_data_quality_monitoring.py
[2025-05-26T04:56:54.036+0000] {processor.py:914} INFO - Processing file /opt/airflow/dags/lampung_data_quality_monitoring.py for tasks to queue
[2025-05-26T04:56:54.044+0000] {logging_mixin.py:190} INFO - [2025-05-26T04:56:54.043+0000] {dagbag.py:588} INFO - Filling up the DagBag from /opt/airflow/dags/lampung_data_quality_monitoring.py
[2025-05-26T04:56:55.187+0000] {processor.py:925} INFO - DAG(s) 'lampung_data_quality_monitoring' retrieved from /opt/airflow/dags/lampung_data_quality_monitoring.py
[2025-05-26T04:56:55.522+0000] {logging_mixin.py:190} INFO - [2025-05-26T04:56:55.521+0000] {dag.py:3239} INFO - Sync 1 DAGs
[2025-05-26T04:56:55.612+0000] {processor.py:208} INFO - Processing /opt/airflow/dags/lampung_data_quality_monitoring.py took 1.602 seconds
[2025-05-26T04:57:26.670+0000] {processor.py:186} INFO - Started process (PID=415) to work on /opt/airflow/dags/lampung_data_quality_monitoring.py
[2025-05-26T04:57:26.672+0000] {processor.py:914} INFO - Processing file /opt/airflow/dags/lampung_data_quality_monitoring.py for tasks to queue
[2025-05-26T04:57:26.677+0000] {logging_mixin.py:190} INFO - [2025-05-26T04:57:26.676+0000] {dagbag.py:588} INFO - Filling up the DagBag from /opt/airflow/dags/lampung_data_quality_monitoring.py
[2025-05-26T04:57:27.665+0000] {processor.py:925} INFO - DAG(s) 'lampung_data_quality_monitoring' retrieved from /opt/airflow/dags/lampung_data_quality_monitoring.py
[2025-05-26T04:57:27.754+0000] {logging_mixin.py:190} INFO - [2025-05-26T04:57:27.753+0000] {dag.py:3239} INFO - Sync 1 DAGs
[2025-05-26T04:57:27.883+0000] {processor.py:208} INFO - Processing /opt/airflow/dags/lampung_data_quality_monitoring.py took 1.224 seconds
[2025-05-26T04:57:58.576+0000] {processor.py:186} INFO - Started process (PID=428) to work on /opt/airflow/dags/lampung_data_quality_monitoring.py
[2025-05-26T04:57:58.578+0000] {processor.py:914} INFO - Processing file /opt/airflow/dags/lampung_data_quality_monitoring.py for tasks to queue
[2025-05-26T04:57:58.584+0000] {logging_mixin.py:190} INFO - [2025-05-26T04:57:58.583+0000] {dagbag.py:588} INFO - Filling up the DagBag from /opt/airflow/dags/lampung_data_quality_monitoring.py
[2025-05-26T04:57:59.851+0000] {processor.py:925} INFO - DAG(s) 'lampung_data_quality_monitoring' retrieved from /opt/airflow/dags/lampung_data_quality_monitoring.py
[2025-05-26T04:57:59.909+0000] {logging_mixin.py:190} INFO - [2025-05-26T04:57:59.909+0000] {dag.py:3239} INFO - Sync 1 DAGs
[2025-05-26T04:58:00.027+0000] {processor.py:208} INFO - Processing /opt/airflow/dags/lampung_data_quality_monitoring.py took 1.467 seconds
[2025-05-26T04:58:30.782+0000] {processor.py:186} INFO - Started process (PID=440) to work on /opt/airflow/dags/lampung_data_quality_monitoring.py
[2025-05-26T04:58:30.785+0000] {processor.py:914} INFO - Processing file /opt/airflow/dags/lampung_data_quality_monitoring.py for tasks to queue
[2025-05-26T04:58:30.791+0000] {logging_mixin.py:190} INFO - [2025-05-26T04:58:30.790+0000] {dagbag.py:588} INFO - Filling up the DagBag from /opt/airflow/dags/lampung_data_quality_monitoring.py
[2025-05-26T04:58:32.061+0000] {processor.py:925} INFO - DAG(s) 'lampung_data_quality_monitoring' retrieved from /opt/airflow/dags/lampung_data_quality_monitoring.py
[2025-05-26T04:58:32.125+0000] {logging_mixin.py:190} INFO - [2025-05-26T04:58:32.124+0000] {dag.py:3239} INFO - Sync 1 DAGs
[2025-05-26T04:58:32.209+0000] {processor.py:208} INFO - Processing /opt/airflow/dags/lampung_data_quality_monitoring.py took 1.439 seconds
[2025-05-26T04:59:03.919+0000] {processor.py:186} INFO - Started process (PID=452) to work on /opt/airflow/dags/lampung_data_quality_monitoring.py
[2025-05-26T04:59:03.921+0000] {processor.py:914} INFO - Processing file /opt/airflow/dags/lampung_data_quality_monitoring.py for tasks to queue
[2025-05-26T04:59:03.927+0000] {logging_mixin.py:190} INFO - [2025-05-26T04:59:03.926+0000] {dagbag.py:588} INFO - Filling up the DagBag from /opt/airflow/dags/lampung_data_quality_monitoring.py
[2025-05-26T04:59:05.476+0000] {processor.py:925} INFO - DAG(s) 'lampung_data_quality_monitoring' retrieved from /opt/airflow/dags/lampung_data_quality_monitoring.py
[2025-05-26T04:59:05.537+0000] {logging_mixin.py:190} INFO - [2025-05-26T04:59:05.537+0000] {dag.py:3239} INFO - Sync 1 DAGs
[2025-05-26T04:59:05.636+0000] {processor.py:208} INFO - Processing /opt/airflow/dags/lampung_data_quality_monitoring.py took 1.730 seconds
[2025-05-26T04:59:35.834+0000] {processor.py:186} INFO - Started process (PID=470) to work on /opt/airflow/dags/lampung_data_quality_monitoring.py
[2025-05-26T04:59:35.836+0000] {processor.py:914} INFO - Processing file /opt/airflow/dags/lampung_data_quality_monitoring.py for tasks to queue
[2025-05-26T04:59:35.843+0000] {logging_mixin.py:190} INFO - [2025-05-26T04:59:35.842+0000] {dagbag.py:588} INFO - Filling up the DagBag from /opt/airflow/dags/lampung_data_quality_monitoring.py
[2025-05-26T04:59:37.508+0000] {processor.py:925} INFO - DAG(s) 'lampung_data_quality_monitoring' retrieved from /opt/airflow/dags/lampung_data_quality_monitoring.py
[2025-05-26T04:59:37.561+0000] {logging_mixin.py:190} INFO - [2025-05-26T04:59:37.561+0000] {dag.py:3239} INFO - Sync 1 DAGs
[2025-05-26T04:59:37.647+0000] {processor.py:208} INFO - Processing /opt/airflow/dags/lampung_data_quality_monitoring.py took 1.829 seconds
[2025-05-26T05:00:07.790+0000] {processor.py:186} INFO - Started process (PID=481) to work on /opt/airflow/dags/lampung_data_quality_monitoring.py
[2025-05-26T05:00:07.793+0000] {processor.py:914} INFO - Processing file /opt/airflow/dags/lampung_data_quality_monitoring.py for tasks to queue
[2025-05-26T05:00:07.798+0000] {logging_mixin.py:190} INFO - [2025-05-26T05:00:07.797+0000] {dagbag.py:588} INFO - Filling up the DagBag from /opt/airflow/dags/lampung_data_quality_monitoring.py
[2025-05-26T05:00:09.088+0000] {processor.py:925} INFO - DAG(s) 'lampung_data_quality_monitoring' retrieved from /opt/airflow/dags/lampung_data_quality_monitoring.py
[2025-05-26T05:00:09.155+0000] {logging_mixin.py:190} INFO - [2025-05-26T05:00:09.154+0000] {dag.py:3239} INFO - Sync 1 DAGs
[2025-05-26T05:00:09.248+0000] {processor.py:208} INFO - Processing /opt/airflow/dags/lampung_data_quality_monitoring.py took 1.471 seconds
[2025-05-26T05:00:39.520+0000] {processor.py:186} INFO - Started process (PID=492) to work on /opt/airflow/dags/lampung_data_quality_monitoring.py
[2025-05-26T05:00:39.522+0000] {processor.py:914} INFO - Processing file /opt/airflow/dags/lampung_data_quality_monitoring.py for tasks to queue
[2025-05-26T05:00:39.527+0000] {logging_mixin.py:190} INFO - [2025-05-26T05:00:39.526+0000] {dagbag.py:588} INFO - Filling up the DagBag from /opt/airflow/dags/lampung_data_quality_monitoring.py
[2025-05-26T05:00:40.779+0000] {processor.py:925} INFO - DAG(s) 'lampung_data_quality_monitoring' retrieved from /opt/airflow/dags/lampung_data_quality_monitoring.py
[2025-05-26T05:00:40.919+0000] {logging_mixin.py:190} INFO - [2025-05-26T05:00:40.919+0000] {dag.py:3239} INFO - Sync 1 DAGs
[2025-05-26T05:00:41.003+0000] {processor.py:208} INFO - Processing /opt/airflow/dags/lampung_data_quality_monitoring.py took 1.497 seconds
[2025-05-26T05:01:11.602+0000] {processor.py:186} INFO - Started process (PID=504) to work on /opt/airflow/dags/lampung_data_quality_monitoring.py
[2025-05-26T05:01:11.604+0000] {processor.py:914} INFO - Processing file /opt/airflow/dags/lampung_data_quality_monitoring.py for tasks to queue
[2025-05-26T05:01:11.609+0000] {logging_mixin.py:190} INFO - [2025-05-26T05:01:11.608+0000] {dagbag.py:588} INFO - Filling up the DagBag from /opt/airflow/dags/lampung_data_quality_monitoring.py
[2025-05-26T05:01:12.846+0000] {processor.py:925} INFO - DAG(s) 'lampung_data_quality_monitoring' retrieved from /opt/airflow/dags/lampung_data_quality_monitoring.py
[2025-05-26T05:01:12.983+0000] {logging_mixin.py:190} INFO - [2025-05-26T05:01:12.983+0000] {dag.py:3239} INFO - Sync 1 DAGs
[2025-05-26T05:01:13.068+0000] {processor.py:208} INFO - Processing /opt/airflow/dags/lampung_data_quality_monitoring.py took 1.480 seconds
[2025-05-26T05:01:43.837+0000] {processor.py:186} INFO - Started process (PID=517) to work on /opt/airflow/dags/lampung_data_quality_monitoring.py
[2025-05-26T05:01:43.839+0000] {processor.py:914} INFO - Processing file /opt/airflow/dags/lampung_data_quality_monitoring.py for tasks to queue
[2025-05-26T05:01:43.848+0000] {logging_mixin.py:190} INFO - [2025-05-26T05:01:43.846+0000] {dagbag.py:588} INFO - Filling up the DagBag from /opt/airflow/dags/lampung_data_quality_monitoring.py
[2025-05-26T05:01:45.027+0000] {processor.py:925} INFO - DAG(s) 'lampung_data_quality_monitoring' retrieved from /opt/airflow/dags/lampung_data_quality_monitoring.py
[2025-05-26T05:01:45.086+0000] {logging_mixin.py:190} INFO - [2025-05-26T05:01:45.086+0000] {dag.py:3239} INFO - Sync 1 DAGs
[2025-05-26T05:01:45.187+0000] {processor.py:208} INFO - Processing /opt/airflow/dags/lampung_data_quality_monitoring.py took 1.366 seconds
[2025-05-26T05:02:15.770+0000] {processor.py:186} INFO - Started process (PID=529) to work on /opt/airflow/dags/lampung_data_quality_monitoring.py
[2025-05-26T05:02:15.772+0000] {processor.py:914} INFO - Processing file /opt/airflow/dags/lampung_data_quality_monitoring.py for tasks to queue
[2025-05-26T05:02:15.777+0000] {logging_mixin.py:190} INFO - [2025-05-26T05:02:15.776+0000] {dagbag.py:588} INFO - Filling up the DagBag from /opt/airflow/dags/lampung_data_quality_monitoring.py
[2025-05-26T05:02:16.754+0000] {processor.py:925} INFO - DAG(s) 'lampung_data_quality_monitoring' retrieved from /opt/airflow/dags/lampung_data_quality_monitoring.py
[2025-05-26T05:02:16.809+0000] {logging_mixin.py:190} INFO - [2025-05-26T05:02:16.809+0000] {dag.py:3239} INFO - Sync 1 DAGs
[2025-05-26T05:02:16.937+0000] {processor.py:208} INFO - Processing /opt/airflow/dags/lampung_data_quality_monitoring.py took 1.179 seconds
[2025-05-26T05:02:48.081+0000] {processor.py:186} INFO - Started process (PID=541) to work on /opt/airflow/dags/lampung_data_quality_monitoring.py
[2025-05-26T05:02:48.083+0000] {processor.py:914} INFO - Processing file /opt/airflow/dags/lampung_data_quality_monitoring.py for tasks to queue
[2025-05-26T05:02:48.088+0000] {logging_mixin.py:190} INFO - [2025-05-26T05:02:48.088+0000] {dagbag.py:588} INFO - Filling up the DagBag from /opt/airflow/dags/lampung_data_quality_monitoring.py
[2025-05-26T05:02:49.031+0000] {processor.py:925} INFO - DAG(s) 'lampung_data_quality_monitoring' retrieved from /opt/airflow/dags/lampung_data_quality_monitoring.py
[2025-05-26T05:02:49.086+0000] {logging_mixin.py:190} INFO - [2025-05-26T05:02:49.086+0000] {dag.py:3239} INFO - Sync 1 DAGs
[2025-05-26T05:02:49.169+0000] {processor.py:208} INFO - Processing /opt/airflow/dags/lampung_data_quality_monitoring.py took 1.099 seconds
[2025-05-26T05:03:20.385+0000] {processor.py:186} INFO - Started process (PID=553) to work on /opt/airflow/dags/lampung_data_quality_monitoring.py
[2025-05-26T05:03:20.388+0000] {processor.py:914} INFO - Processing file /opt/airflow/dags/lampung_data_quality_monitoring.py for tasks to queue
[2025-05-26T05:03:20.408+0000] {logging_mixin.py:190} INFO - [2025-05-26T05:03:20.406+0000] {dagbag.py:588} INFO - Filling up the DagBag from /opt/airflow/dags/lampung_data_quality_monitoring.py
[2025-05-26T05:03:21.809+0000] {processor.py:925} INFO - DAG(s) 'lampung_data_quality_monitoring' retrieved from /opt/airflow/dags/lampung_data_quality_monitoring.py
[2025-05-26T05:03:21.867+0000] {logging_mixin.py:190} INFO - [2025-05-26T05:03:21.867+0000] {dag.py:3239} INFO - Sync 1 DAGs
[2025-05-26T05:03:21.958+0000] {processor.py:208} INFO - Processing /opt/airflow/dags/lampung_data_quality_monitoring.py took 1.638 seconds
[2025-05-26T05:03:52.976+0000] {processor.py:186} INFO - Started process (PID=565) to work on /opt/airflow/dags/lampung_data_quality_monitoring.py
[2025-05-26T05:03:52.978+0000] {processor.py:914} INFO - Processing file /opt/airflow/dags/lampung_data_quality_monitoring.py for tasks to queue
[2025-05-26T05:03:52.985+0000] {logging_mixin.py:190} INFO - [2025-05-26T05:03:52.984+0000] {dagbag.py:588} INFO - Filling up the DagBag from /opt/airflow/dags/lampung_data_quality_monitoring.py
[2025-05-26T05:03:55.397+0000] {processor.py:925} INFO - DAG(s) 'lampung_data_quality_monitoring' retrieved from /opt/airflow/dags/lampung_data_quality_monitoring.py
[2025-05-26T05:03:55.666+0000] {logging_mixin.py:190} INFO - [2025-05-26T05:03:55.666+0000] {dag.py:3239} INFO - Sync 1 DAGs
[2025-05-26T05:03:55.889+0000] {processor.py:208} INFO - Processing /opt/airflow/dags/lampung_data_quality_monitoring.py took 2.927 seconds
[2025-05-26T05:04:27.256+0000] {processor.py:186} INFO - Started process (PID=577) to work on /opt/airflow/dags/lampung_data_quality_monitoring.py
[2025-05-26T05:04:27.259+0000] {processor.py:914} INFO - Processing file /opt/airflow/dags/lampung_data_quality_monitoring.py for tasks to queue
[2025-05-26T05:04:27.265+0000] {logging_mixin.py:190} INFO - [2025-05-26T05:04:27.264+0000] {dagbag.py:588} INFO - Filling up the DagBag from /opt/airflow/dags/lampung_data_quality_monitoring.py
[2025-05-26T05:04:28.893+0000] {processor.py:925} INFO - DAG(s) 'lampung_data_quality_monitoring' retrieved from /opt/airflow/dags/lampung_data_quality_monitoring.py
[2025-05-26T05:04:28.957+0000] {logging_mixin.py:190} INFO - [2025-05-26T05:04:28.956+0000] {dag.py:3239} INFO - Sync 1 DAGs
[2025-05-26T05:04:29.063+0000] {processor.py:208} INFO - Processing /opt/airflow/dags/lampung_data_quality_monitoring.py took 2.010 seconds
[2025-05-26T05:04:59.623+0000] {processor.py:186} INFO - Started process (PID=590) to work on /opt/airflow/dags/lampung_data_quality_monitoring.py
[2025-05-26T05:04:59.626+0000] {processor.py:914} INFO - Processing file /opt/airflow/dags/lampung_data_quality_monitoring.py for tasks to queue
[2025-05-26T05:04:59.632+0000] {logging_mixin.py:190} INFO - [2025-05-26T05:04:59.631+0000] {dagbag.py:588} INFO - Filling up the DagBag from /opt/airflow/dags/lampung_data_quality_monitoring.py
[2025-05-26T05:05:00.647+0000] {processor.py:925} INFO - DAG(s) 'lampung_data_quality_monitoring' retrieved from /opt/airflow/dags/lampung_data_quality_monitoring.py
[2025-05-26T05:05:00.707+0000] {logging_mixin.py:190} INFO - [2025-05-26T05:05:00.707+0000] {dag.py:3239} INFO - Sync 1 DAGs
[2025-05-26T05:05:00.799+0000] {processor.py:208} INFO - Processing /opt/airflow/dags/lampung_data_quality_monitoring.py took 1.190 seconds
[2025-05-26T05:05:31.344+0000] {processor.py:186} INFO - Started process (PID=602) to work on /opt/airflow/dags/lampung_data_quality_monitoring.py
[2025-05-26T05:05:31.347+0000] {processor.py:914} INFO - Processing file /opt/airflow/dags/lampung_data_quality_monitoring.py for tasks to queue
[2025-05-26T05:05:31.353+0000] {logging_mixin.py:190} INFO - [2025-05-26T05:05:31.352+0000] {dagbag.py:588} INFO - Filling up the DagBag from /opt/airflow/dags/lampung_data_quality_monitoring.py
[2025-05-26T05:05:32.719+0000] {processor.py:925} INFO - DAG(s) 'lampung_data_quality_monitoring' retrieved from /opt/airflow/dags/lampung_data_quality_monitoring.py
[2025-05-26T05:05:32.780+0000] {logging_mixin.py:190} INFO - [2025-05-26T05:05:32.779+0000] {dag.py:3239} INFO - Sync 1 DAGs
[2025-05-26T05:05:32.881+0000] {processor.py:208} INFO - Processing /opt/airflow/dags/lampung_data_quality_monitoring.py took 1.549 seconds
[2025-05-26T05:06:03.794+0000] {processor.py:186} INFO - Started process (PID=620) to work on /opt/airflow/dags/lampung_data_quality_monitoring.py
[2025-05-26T05:06:03.796+0000] {processor.py:914} INFO - Processing file /opt/airflow/dags/lampung_data_quality_monitoring.py for tasks to queue
[2025-05-26T05:06:03.802+0000] {logging_mixin.py:190} INFO - [2025-05-26T05:06:03.801+0000] {dagbag.py:588} INFO - Filling up the DagBag from /opt/airflow/dags/lampung_data_quality_monitoring.py
[2025-05-26T05:06:04.843+0000] {processor.py:925} INFO - DAG(s) 'lampung_data_quality_monitoring' retrieved from /opt/airflow/dags/lampung_data_quality_monitoring.py
[2025-05-26T05:06:04.917+0000] {logging_mixin.py:190} INFO - [2025-05-26T05:06:04.916+0000] {dag.py:3239} INFO - Sync 1 DAGs
[2025-05-26T05:06:05.027+0000] {processor.py:208} INFO - Processing /opt/airflow/dags/lampung_data_quality_monitoring.py took 1.246 seconds
[2025-05-26T05:06:35.671+0000] {processor.py:186} INFO - Started process (PID=632) to work on /opt/airflow/dags/lampung_data_quality_monitoring.py
[2025-05-26T05:06:35.676+0000] {processor.py:914} INFO - Processing file /opt/airflow/dags/lampung_data_quality_monitoring.py for tasks to queue
[2025-05-26T05:06:35.682+0000] {logging_mixin.py:190} INFO - [2025-05-26T05:06:35.682+0000] {dagbag.py:588} INFO - Filling up the DagBag from /opt/airflow/dags/lampung_data_quality_monitoring.py
[2025-05-26T05:06:37.061+0000] {processor.py:925} INFO - DAG(s) 'lampung_data_quality_monitoring' retrieved from /opt/airflow/dags/lampung_data_quality_monitoring.py
[2025-05-26T05:06:37.129+0000] {logging_mixin.py:190} INFO - [2025-05-26T05:06:37.129+0000] {dag.py:3239} INFO - Sync 1 DAGs
[2025-05-26T05:06:37.224+0000] {processor.py:208} INFO - Processing /opt/airflow/dags/lampung_data_quality_monitoring.py took 1.575 seconds
[2025-05-26T05:07:08.038+0000] {processor.py:186} INFO - Started process (PID=643) to work on /opt/airflow/dags/lampung_data_quality_monitoring.py
[2025-05-26T05:07:08.044+0000] {processor.py:914} INFO - Processing file /opt/airflow/dags/lampung_data_quality_monitoring.py for tasks to queue
[2025-05-26T05:07:08.065+0000] {logging_mixin.py:190} INFO - [2025-05-26T05:07:08.063+0000] {dagbag.py:588} INFO - Filling up the DagBag from /opt/airflow/dags/lampung_data_quality_monitoring.py
[2025-05-26T05:07:09.363+0000] {processor.py:925} INFO - DAG(s) 'lampung_data_quality_monitoring' retrieved from /opt/airflow/dags/lampung_data_quality_monitoring.py
[2025-05-26T05:07:09.500+0000] {logging_mixin.py:190} INFO - [2025-05-26T05:07:09.499+0000] {dag.py:3239} INFO - Sync 1 DAGs
[2025-05-26T05:07:09.651+0000] {processor.py:208} INFO - Processing /opt/airflow/dags/lampung_data_quality_monitoring.py took 1.646 seconds
[2025-05-26T05:07:39.932+0000] {processor.py:186} INFO - Started process (PID=655) to work on /opt/airflow/dags/lampung_data_quality_monitoring.py
[2025-05-26T05:07:39.934+0000] {processor.py:914} INFO - Processing file /opt/airflow/dags/lampung_data_quality_monitoring.py for tasks to queue
[2025-05-26T05:07:39.939+0000] {logging_mixin.py:190} INFO - [2025-05-26T05:07:39.939+0000] {dagbag.py:588} INFO - Filling up the DagBag from /opt/airflow/dags/lampung_data_quality_monitoring.py
[2025-05-26T05:07:41.215+0000] {processor.py:925} INFO - DAG(s) 'lampung_data_quality_monitoring' retrieved from /opt/airflow/dags/lampung_data_quality_monitoring.py
[2025-05-26T05:07:41.271+0000] {logging_mixin.py:190} INFO - [2025-05-26T05:07:41.270+0000] {dag.py:3239} INFO - Sync 1 DAGs
[2025-05-26T05:07:41.352+0000] {processor.py:208} INFO - Processing /opt/airflow/dags/lampung_data_quality_monitoring.py took 1.433 seconds
[2025-05-26T05:08:11.581+0000] {processor.py:186} INFO - Started process (PID=667) to work on /opt/airflow/dags/lampung_data_quality_monitoring.py
[2025-05-26T05:08:11.582+0000] {processor.py:914} INFO - Processing file /opt/airflow/dags/lampung_data_quality_monitoring.py for tasks to queue
[2025-05-26T05:08:11.588+0000] {logging_mixin.py:190} INFO - [2025-05-26T05:08:11.587+0000] {dagbag.py:588} INFO - Filling up the DagBag from /opt/airflow/dags/lampung_data_quality_monitoring.py
[2025-05-26T05:08:12.548+0000] {processor.py:925} INFO - DAG(s) 'lampung_data_quality_monitoring' retrieved from /opt/airflow/dags/lampung_data_quality_monitoring.py
[2025-05-26T05:08:12.607+0000] {logging_mixin.py:190} INFO - [2025-05-26T05:08:12.606+0000] {dag.py:3239} INFO - Sync 1 DAGs
[2025-05-26T05:08:12.769+0000] {processor.py:208} INFO - Processing /opt/airflow/dags/lampung_data_quality_monitoring.py took 1.203 seconds
[2025-05-26T05:08:43.314+0000] {processor.py:186} INFO - Started process (PID=679) to work on /opt/airflow/dags/lampung_data_quality_monitoring.py
[2025-05-26T05:08:43.316+0000] {processor.py:914} INFO - Processing file /opt/airflow/dags/lampung_data_quality_monitoring.py for tasks to queue
[2025-05-26T05:08:43.321+0000] {logging_mixin.py:190} INFO - [2025-05-26T05:08:43.321+0000] {dagbag.py:588} INFO - Filling up the DagBag from /opt/airflow/dags/lampung_data_quality_monitoring.py
[2025-05-26T05:08:44.383+0000] {processor.py:925} INFO - DAG(s) 'lampung_data_quality_monitoring' retrieved from /opt/airflow/dags/lampung_data_quality_monitoring.py
[2025-05-26T05:08:44.439+0000] {logging_mixin.py:190} INFO - [2025-05-26T05:08:44.439+0000] {dag.py:3239} INFO - Sync 1 DAGs
[2025-05-26T05:08:44.521+0000] {processor.py:208} INFO - Processing /opt/airflow/dags/lampung_data_quality_monitoring.py took 1.220 seconds
[2025-05-26T05:09:14.865+0000] {processor.py:186} INFO - Started process (PID=691) to work on /opt/airflow/dags/lampung_data_quality_monitoring.py
[2025-05-26T05:09:14.867+0000] {processor.py:914} INFO - Processing file /opt/airflow/dags/lampung_data_quality_monitoring.py for tasks to queue
[2025-05-26T05:09:14.872+0000] {logging_mixin.py:190} INFO - [2025-05-26T05:09:14.871+0000] {dagbag.py:588} INFO - Filling up the DagBag from /opt/airflow/dags/lampung_data_quality_monitoring.py
[2025-05-26T05:09:15.845+0000] {processor.py:925} INFO - DAG(s) 'lampung_data_quality_monitoring' retrieved from /opt/airflow/dags/lampung_data_quality_monitoring.py
[2025-05-26T05:09:15.918+0000] {logging_mixin.py:190} INFO - [2025-05-26T05:09:15.917+0000] {dag.py:3239} INFO - Sync 1 DAGs
[2025-05-26T05:09:16.047+0000] {processor.py:208} INFO - Processing /opt/airflow/dags/lampung_data_quality_monitoring.py took 1.194 seconds
[2025-05-26T05:09:46.645+0000] {processor.py:186} INFO - Started process (PID=703) to work on /opt/airflow/dags/lampung_data_quality_monitoring.py
[2025-05-26T05:09:46.647+0000] {processor.py:914} INFO - Processing file /opt/airflow/dags/lampung_data_quality_monitoring.py for tasks to queue
[2025-05-26T05:09:46.651+0000] {logging_mixin.py:190} INFO - [2025-05-26T05:09:46.651+0000] {dagbag.py:588} INFO - Filling up the DagBag from /opt/airflow/dags/lampung_data_quality_monitoring.py
[2025-05-26T05:09:47.588+0000] {processor.py:925} INFO - DAG(s) 'lampung_data_quality_monitoring' retrieved from /opt/airflow/dags/lampung_data_quality_monitoring.py
[2025-05-26T05:09:47.639+0000] {logging_mixin.py:190} INFO - [2025-05-26T05:09:47.639+0000] {dag.py:3239} INFO - Sync 1 DAGs
[2025-05-26T05:09:47.724+0000] {processor.py:208} INFO - Processing /opt/airflow/dags/lampung_data_quality_monitoring.py took 1.091 seconds
[2025-05-26T05:10:18.473+0000] {processor.py:186} INFO - Started process (PID=716) to work on /opt/airflow/dags/lampung_data_quality_monitoring.py
[2025-05-26T05:10:18.476+0000] {processor.py:914} INFO - Processing file /opt/airflow/dags/lampung_data_quality_monitoring.py for tasks to queue
[2025-05-26T05:10:18.483+0000] {logging_mixin.py:190} INFO - [2025-05-26T05:10:18.482+0000] {dagbag.py:588} INFO - Filling up the DagBag from /opt/airflow/dags/lampung_data_quality_monitoring.py
[2025-05-26T05:10:19.711+0000] {processor.py:925} INFO - DAG(s) 'lampung_data_quality_monitoring' retrieved from /opt/airflow/dags/lampung_data_quality_monitoring.py
[2025-05-26T05:10:19.787+0000] {logging_mixin.py:190} INFO - [2025-05-26T05:10:19.787+0000] {dag.py:3239} INFO - Sync 1 DAGs
[2025-05-26T05:10:20.103+0000] {processor.py:208} INFO - Processing /opt/airflow/dags/lampung_data_quality_monitoring.py took 1.646 seconds
[2025-05-26T05:10:51.554+0000] {processor.py:186} INFO - Started process (PID=728) to work on /opt/airflow/dags/lampung_data_quality_monitoring.py
[2025-05-26T05:10:51.560+0000] {processor.py:914} INFO - Processing file /opt/airflow/dags/lampung_data_quality_monitoring.py for tasks to queue
[2025-05-26T05:10:51.570+0000] {logging_mixin.py:190} INFO - [2025-05-26T05:10:51.568+0000] {dagbag.py:588} INFO - Filling up the DagBag from /opt/airflow/dags/lampung_data_quality_monitoring.py
[2025-05-26T05:10:52.329+0000] {processor.py:925} INFO - DAG(s) 'lampung_data_quality_monitoring' retrieved from /opt/airflow/dags/lampung_data_quality_monitoring.py
[2025-05-26T05:10:52.402+0000] {logging_mixin.py:190} INFO - [2025-05-26T05:10:52.401+0000] {dag.py:3239} INFO - Sync 1 DAGs
[2025-05-26T05:10:52.503+0000] {processor.py:208} INFO - Processing /opt/airflow/dags/lampung_data_quality_monitoring.py took 0.997 seconds
[2025-05-26T05:11:23.020+0000] {processor.py:186} INFO - Started process (PID=739) to work on /opt/airflow/dags/lampung_data_quality_monitoring.py
[2025-05-26T05:11:23.023+0000] {processor.py:914} INFO - Processing file /opt/airflow/dags/lampung_data_quality_monitoring.py for tasks to queue
[2025-05-26T05:11:23.030+0000] {logging_mixin.py:190} INFO - [2025-05-26T05:11:23.029+0000] {dagbag.py:588} INFO - Filling up the DagBag from /opt/airflow/dags/lampung_data_quality_monitoring.py
[2025-05-26T05:11:23.962+0000] {processor.py:925} INFO - DAG(s) 'lampung_data_quality_monitoring' retrieved from /opt/airflow/dags/lampung_data_quality_monitoring.py
[2025-05-26T05:11:24.026+0000] {logging_mixin.py:190} INFO - [2025-05-26T05:11:24.025+0000] {dag.py:3239} INFO - Sync 1 DAGs
[2025-05-26T05:11:24.112+0000] {processor.py:208} INFO - Processing /opt/airflow/dags/lampung_data_quality_monitoring.py took 1.103 seconds
[2025-05-26T05:11:54.764+0000] {processor.py:186} INFO - Started process (PID=752) to work on /opt/airflow/dags/lampung_data_quality_monitoring.py
[2025-05-26T05:11:54.766+0000] {processor.py:914} INFO - Processing file /opt/airflow/dags/lampung_data_quality_monitoring.py for tasks to queue
[2025-05-26T05:11:54.772+0000] {logging_mixin.py:190} INFO - [2025-05-26T05:11:54.771+0000] {dagbag.py:588} INFO - Filling up the DagBag from /opt/airflow/dags/lampung_data_quality_monitoring.py
[2025-05-26T05:11:55.384+0000] {processor.py:925} INFO - DAG(s) 'lampung_data_quality_monitoring' retrieved from /opt/airflow/dags/lampung_data_quality_monitoring.py
[2025-05-26T05:11:55.462+0000] {logging_mixin.py:190} INFO - [2025-05-26T05:11:55.462+0000] {dag.py:3239} INFO - Sync 1 DAGs
[2025-05-26T05:11:55.616+0000] {processor.py:208} INFO - Processing /opt/airflow/dags/lampung_data_quality_monitoring.py took 1.012 seconds
[2025-05-26T05:12:26.323+0000] {processor.py:186} INFO - Started process (PID=764) to work on /opt/airflow/dags/lampung_data_quality_monitoring.py
[2025-05-26T05:12:26.325+0000] {processor.py:914} INFO - Processing file /opt/airflow/dags/lampung_data_quality_monitoring.py for tasks to queue
[2025-05-26T05:12:26.331+0000] {logging_mixin.py:190} INFO - [2025-05-26T05:12:26.330+0000] {dagbag.py:588} INFO - Filling up the DagBag from /opt/airflow/dags/lampung_data_quality_monitoring.py
[2025-05-26T05:12:27.009+0000] {processor.py:925} INFO - DAG(s) 'lampung_data_quality_monitoring' retrieved from /opt/airflow/dags/lampung_data_quality_monitoring.py
[2025-05-26T05:12:27.104+0000] {logging_mixin.py:190} INFO - [2025-05-26T05:12:27.103+0000] {dag.py:3239} INFO - Sync 1 DAGs
[2025-05-26T05:12:27.193+0000] {processor.py:208} INFO - Processing /opt/airflow/dags/lampung_data_quality_monitoring.py took 0.882 seconds
[2025-05-26T05:12:58.230+0000] {processor.py:186} INFO - Started process (PID=776) to work on /opt/airflow/dags/lampung_data_quality_monitoring.py
[2025-05-26T05:12:58.231+0000] {processor.py:914} INFO - Processing file /opt/airflow/dags/lampung_data_quality_monitoring.py for tasks to queue
[2025-05-26T05:12:58.236+0000] {logging_mixin.py:190} INFO - [2025-05-26T05:12:58.236+0000] {dagbag.py:588} INFO - Filling up the DagBag from /opt/airflow/dags/lampung_data_quality_monitoring.py
[2025-05-26T05:12:58.990+0000] {processor.py:925} INFO - DAG(s) 'lampung_data_quality_monitoring' retrieved from /opt/airflow/dags/lampung_data_quality_monitoring.py
[2025-05-26T05:12:59.049+0000] {logging_mixin.py:190} INFO - [2025-05-26T05:12:59.048+0000] {dag.py:3239} INFO - Sync 1 DAGs
[2025-05-26T05:12:59.133+0000] {processor.py:208} INFO - Processing /opt/airflow/dags/lampung_data_quality_monitoring.py took 0.917 seconds
[2025-05-26T05:13:29.805+0000] {processor.py:186} INFO - Started process (PID=789) to work on /opt/airflow/dags/lampung_data_quality_monitoring.py
[2025-05-26T05:13:29.807+0000] {processor.py:914} INFO - Processing file /opt/airflow/dags/lampung_data_quality_monitoring.py for tasks to queue
[2025-05-26T05:13:29.814+0000] {logging_mixin.py:190} INFO - [2025-05-26T05:13:29.813+0000] {dagbag.py:588} INFO - Filling up the DagBag from /opt/airflow/dags/lampung_data_quality_monitoring.py
[2025-05-26T05:13:31.023+0000] {processor.py:925} INFO - DAG(s) 'lampung_data_quality_monitoring' retrieved from /opt/airflow/dags/lampung_data_quality_monitoring.py
[2025-05-26T05:13:31.123+0000] {logging_mixin.py:190} INFO - [2025-05-26T05:13:31.123+0000] {dag.py:3239} INFO - Sync 1 DAGs
[2025-05-26T05:13:31.247+0000] {processor.py:208} INFO - Processing /opt/airflow/dags/lampung_data_quality_monitoring.py took 1.460 seconds
[2025-05-26T05:14:01.826+0000] {processor.py:186} INFO - Started process (PID=802) to work on /opt/airflow/dags/lampung_data_quality_monitoring.py
[2025-05-26T05:14:01.828+0000] {processor.py:914} INFO - Processing file /opt/airflow/dags/lampung_data_quality_monitoring.py for tasks to queue
[2025-05-26T05:14:01.834+0000] {logging_mixin.py:190} INFO - [2025-05-26T05:14:01.833+0000] {dagbag.py:588} INFO - Filling up the DagBag from /opt/airflow/dags/lampung_data_quality_monitoring.py
[2025-05-26T05:14:02.549+0000] {processor.py:925} INFO - DAG(s) 'lampung_data_quality_monitoring' retrieved from /opt/airflow/dags/lampung_data_quality_monitoring.py
[2025-05-26T05:14:02.708+0000] {logging_mixin.py:190} INFO - [2025-05-26T05:14:02.707+0000] {dag.py:3239} INFO - Sync 1 DAGs
[2025-05-26T05:14:02.988+0000] {processor.py:208} INFO - Processing /opt/airflow/dags/lampung_data_quality_monitoring.py took 1.175 seconds
[2025-05-26T05:14:33.497+0000] {processor.py:186} INFO - Started process (PID=820) to work on /opt/airflow/dags/lampung_data_quality_monitoring.py
[2025-05-26T05:14:33.501+0000] {processor.py:914} INFO - Processing file /opt/airflow/dags/lampung_data_quality_monitoring.py for tasks to queue
[2025-05-26T05:14:33.507+0000] {logging_mixin.py:190} INFO - [2025-05-26T05:14:33.506+0000] {dagbag.py:588} INFO - Filling up the DagBag from /opt/airflow/dags/lampung_data_quality_monitoring.py
[2025-05-26T05:14:34.265+0000] {processor.py:925} INFO - DAG(s) 'lampung_data_quality_monitoring' retrieved from /opt/airflow/dags/lampung_data_quality_monitoring.py
[2025-05-26T05:14:34.328+0000] {logging_mixin.py:190} INFO - [2025-05-26T05:14:34.327+0000] {dag.py:3239} INFO - Sync 1 DAGs
[2025-05-26T05:14:34.423+0000] {processor.py:208} INFO - Processing /opt/airflow/dags/lampung_data_quality_monitoring.py took 0.946 seconds
[2025-05-26T05:15:04.594+0000] {processor.py:186} INFO - Started process (PID=831) to work on /opt/airflow/dags/lampung_data_quality_monitoring.py
[2025-05-26T05:15:04.596+0000] {processor.py:914} INFO - Processing file /opt/airflow/dags/lampung_data_quality_monitoring.py for tasks to queue
[2025-05-26T05:15:04.601+0000] {logging_mixin.py:190} INFO - [2025-05-26T05:15:04.601+0000] {dagbag.py:588} INFO - Filling up the DagBag from /opt/airflow/dags/lampung_data_quality_monitoring.py
[2025-05-26T05:15:05.540+0000] {processor.py:925} INFO - DAG(s) 'lampung_data_quality_monitoring' retrieved from /opt/airflow/dags/lampung_data_quality_monitoring.py
[2025-05-26T05:15:05.599+0000] {logging_mixin.py:190} INFO - [2025-05-26T05:15:05.599+0000] {dag.py:3239} INFO - Sync 1 DAGs
[2025-05-26T05:15:05.689+0000] {processor.py:208} INFO - Processing /opt/airflow/dags/lampung_data_quality_monitoring.py took 1.107 seconds
[2025-05-26T05:15:36.198+0000] {processor.py:186} INFO - Started process (PID=843) to work on /opt/airflow/dags/lampung_data_quality_monitoring.py
[2025-05-26T05:15:36.200+0000] {processor.py:914} INFO - Processing file /opt/airflow/dags/lampung_data_quality_monitoring.py for tasks to queue
[2025-05-26T05:15:36.206+0000] {logging_mixin.py:190} INFO - [2025-05-26T05:15:36.205+0000] {dagbag.py:588} INFO - Filling up the DagBag from /opt/airflow/dags/lampung_data_quality_monitoring.py
[2025-05-26T05:15:36.874+0000] {processor.py:925} INFO - DAG(s) 'lampung_data_quality_monitoring' retrieved from /opt/airflow/dags/lampung_data_quality_monitoring.py
[2025-05-26T05:15:36.931+0000] {logging_mixin.py:190} INFO - [2025-05-26T05:15:36.931+0000] {dag.py:3239} INFO - Sync 1 DAGs
[2025-05-26T05:15:37.015+0000] {processor.py:208} INFO - Processing /opt/airflow/dags/lampung_data_quality_monitoring.py took 0.829 seconds
[2025-05-26T05:16:07.877+0000] {processor.py:186} INFO - Started process (PID=855) to work on /opt/airflow/dags/lampung_data_quality_monitoring.py
[2025-05-26T05:16:07.879+0000] {processor.py:914} INFO - Processing file /opt/airflow/dags/lampung_data_quality_monitoring.py for tasks to queue
[2025-05-26T05:16:07.885+0000] {logging_mixin.py:190} INFO - [2025-05-26T05:16:07.884+0000] {dagbag.py:588} INFO - Filling up the DagBag from /opt/airflow/dags/lampung_data_quality_monitoring.py
[2025-05-26T05:16:08.812+0000] {processor.py:925} INFO - DAG(s) 'lampung_data_quality_monitoring' retrieved from /opt/airflow/dags/lampung_data_quality_monitoring.py
[2025-05-26T05:16:08.878+0000] {logging_mixin.py:190} INFO - [2025-05-26T05:16:08.877+0000] {dag.py:3239} INFO - Sync 1 DAGs
[2025-05-26T05:16:08.970+0000] {processor.py:208} INFO - Processing /opt/airflow/dags/lampung_data_quality_monitoring.py took 1.104 seconds
[2025-05-26T05:16:39.688+0000] {processor.py:186} INFO - Started process (PID=867) to work on /opt/airflow/dags/lampung_data_quality_monitoring.py
[2025-05-26T05:16:39.693+0000] {processor.py:914} INFO - Processing file /opt/airflow/dags/lampung_data_quality_monitoring.py for tasks to queue
[2025-05-26T05:16:39.704+0000] {logging_mixin.py:190} INFO - [2025-05-26T05:16:39.703+0000] {dagbag.py:588} INFO - Filling up the DagBag from /opt/airflow/dags/lampung_data_quality_monitoring.py
[2025-05-26T05:16:41.146+0000] {processor.py:925} INFO - DAG(s) 'lampung_data_quality_monitoring' retrieved from /opt/airflow/dags/lampung_data_quality_monitoring.py
[2025-05-26T05:16:41.249+0000] {logging_mixin.py:190} INFO - [2025-05-26T05:16:41.248+0000] {dag.py:3239} INFO - Sync 1 DAGs
[2025-05-26T05:16:41.362+0000] {processor.py:208} INFO - Processing /opt/airflow/dags/lampung_data_quality_monitoring.py took 1.698 seconds
[2025-05-26T05:17:12.016+0000] {processor.py:186} INFO - Started process (PID=879) to work on /opt/airflow/dags/lampung_data_quality_monitoring.py
[2025-05-26T05:17:12.019+0000] {processor.py:914} INFO - Processing file /opt/airflow/dags/lampung_data_quality_monitoring.py for tasks to queue
[2025-05-26T05:17:12.029+0000] {logging_mixin.py:190} INFO - [2025-05-26T05:17:12.027+0000] {dagbag.py:588} INFO - Filling up the DagBag from /opt/airflow/dags/lampung_data_quality_monitoring.py
[2025-05-26T05:17:13.396+0000] {processor.py:925} INFO - DAG(s) 'lampung_data_quality_monitoring' retrieved from /opt/airflow/dags/lampung_data_quality_monitoring.py
[2025-05-26T05:17:13.465+0000] {logging_mixin.py:190} INFO - [2025-05-26T05:17:13.464+0000] {dag.py:3239} INFO - Sync 1 DAGs
[2025-05-26T05:17:13.569+0000] {processor.py:208} INFO - Processing /opt/airflow/dags/lampung_data_quality_monitoring.py took 1.572 seconds
[2025-05-26T05:17:44.015+0000] {processor.py:186} INFO - Started process (PID=892) to work on /opt/airflow/dags/lampung_data_quality_monitoring.py
[2025-05-26T05:17:44.017+0000] {processor.py:914} INFO - Processing file /opt/airflow/dags/lampung_data_quality_monitoring.py for tasks to queue
[2025-05-26T05:17:44.022+0000] {logging_mixin.py:190} INFO - [2025-05-26T05:17:44.021+0000] {dagbag.py:588} INFO - Filling up the DagBag from /opt/airflow/dags/lampung_data_quality_monitoring.py
[2025-05-26T05:17:44.677+0000] {processor.py:925} INFO - DAG(s) 'lampung_data_quality_monitoring' retrieved from /opt/airflow/dags/lampung_data_quality_monitoring.py
[2025-05-26T05:17:44.738+0000] {logging_mixin.py:190} INFO - [2025-05-26T05:17:44.737+0000] {dag.py:3239} INFO - Sync 1 DAGs
[2025-05-26T05:17:44.828+0000] {processor.py:208} INFO - Processing /opt/airflow/dags/lampung_data_quality_monitoring.py took 0.824 seconds
[2025-05-26T05:18:15.560+0000] {processor.py:186} INFO - Started process (PID=903) to work on /opt/airflow/dags/lampung_data_quality_monitoring.py
[2025-05-26T05:18:15.563+0000] {processor.py:914} INFO - Processing file /opt/airflow/dags/lampung_data_quality_monitoring.py for tasks to queue
[2025-05-26T05:18:15.569+0000] {logging_mixin.py:190} INFO - [2025-05-26T05:18:15.568+0000] {dagbag.py:588} INFO - Filling up the DagBag from /opt/airflow/dags/lampung_data_quality_monitoring.py
[2025-05-26T05:18:16.422+0000] {processor.py:925} INFO - DAG(s) 'lampung_data_quality_monitoring' retrieved from /opt/airflow/dags/lampung_data_quality_monitoring.py
[2025-05-26T05:18:16.496+0000] {logging_mixin.py:190} INFO - [2025-05-26T05:18:16.496+0000] {dag.py:3239} INFO - Sync 1 DAGs
[2025-05-26T05:18:16.600+0000] {processor.py:208} INFO - Processing /opt/airflow/dags/lampung_data_quality_monitoring.py took 1.055 seconds
[2025-05-26T05:18:47.341+0000] {processor.py:186} INFO - Started process (PID=914) to work on /opt/airflow/dags/lampung_data_quality_monitoring.py
[2025-05-26T05:18:47.343+0000] {processor.py:914} INFO - Processing file /opt/airflow/dags/lampung_data_quality_monitoring.py for tasks to queue
[2025-05-26T05:18:47.350+0000] {logging_mixin.py:190} INFO - [2025-05-26T05:18:47.349+0000] {dagbag.py:588} INFO - Filling up the DagBag from /opt/airflow/dags/lampung_data_quality_monitoring.py
[2025-05-26T05:18:48.122+0000] {processor.py:925} INFO - DAG(s) 'lampung_data_quality_monitoring' retrieved from /opt/airflow/dags/lampung_data_quality_monitoring.py
[2025-05-26T05:18:48.200+0000] {logging_mixin.py:190} INFO - [2025-05-26T05:18:48.200+0000] {dag.py:3239} INFO - Sync 1 DAGs
[2025-05-26T05:18:48.327+0000] {processor.py:208} INFO - Processing /opt/airflow/dags/lampung_data_quality_monitoring.py took 1.005 seconds
[2025-05-26T05:19:19.033+0000] {processor.py:186} INFO - Started process (PID=926) to work on /opt/airflow/dags/lampung_data_quality_monitoring.py
[2025-05-26T05:19:19.035+0000] {processor.py:914} INFO - Processing file /opt/airflow/dags/lampung_data_quality_monitoring.py for tasks to queue
[2025-05-26T05:19:19.040+0000] {logging_mixin.py:190} INFO - [2025-05-26T05:19:19.039+0000] {dagbag.py:588} INFO - Filling up the DagBag from /opt/airflow/dags/lampung_data_quality_monitoring.py
[2025-05-26T05:19:19.713+0000] {processor.py:925} INFO - DAG(s) 'lampung_data_quality_monitoring' retrieved from /opt/airflow/dags/lampung_data_quality_monitoring.py
[2025-05-26T05:19:19.778+0000] {logging_mixin.py:190} INFO - [2025-05-26T05:19:19.778+0000] {dag.py:3239} INFO - Sync 1 DAGs
[2025-05-26T05:19:19.878+0000] {processor.py:208} INFO - Processing /opt/airflow/dags/lampung_data_quality_monitoring.py took 0.857 seconds
[2025-05-26T05:19:50.628+0000] {processor.py:186} INFO - Started process (PID=939) to work on /opt/airflow/dags/lampung_data_quality_monitoring.py
[2025-05-26T05:19:50.630+0000] {processor.py:914} INFO - Processing file /opt/airflow/dags/lampung_data_quality_monitoring.py for tasks to queue
[2025-05-26T05:19:50.636+0000] {logging_mixin.py:190} INFO - [2025-05-26T05:19:50.635+0000] {dagbag.py:588} INFO - Filling up the DagBag from /opt/airflow/dags/lampung_data_quality_monitoring.py
[2025-05-26T05:19:51.248+0000] {processor.py:925} INFO - DAG(s) 'lampung_data_quality_monitoring' retrieved from /opt/airflow/dags/lampung_data_quality_monitoring.py
[2025-05-26T05:19:51.321+0000] {logging_mixin.py:190} INFO - [2025-05-26T05:19:51.320+0000] {dag.py:3239} INFO - Sync 1 DAGs
[2025-05-26T05:19:51.426+0000] {processor.py:208} INFO - Processing /opt/airflow/dags/lampung_data_quality_monitoring.py took 0.808 seconds
[2025-05-26T05:20:21.922+0000] {processor.py:186} INFO - Started process (PID=951) to work on /opt/airflow/dags/lampung_data_quality_monitoring.py
[2025-05-26T05:20:21.925+0000] {processor.py:914} INFO - Processing file /opt/airflow/dags/lampung_data_quality_monitoring.py for tasks to queue
[2025-05-26T05:20:21.932+0000] {logging_mixin.py:190} INFO - [2025-05-26T05:20:21.931+0000] {dagbag.py:588} INFO - Filling up the DagBag from /opt/airflow/dags/lampung_data_quality_monitoring.py
[2025-05-26T05:20:22.669+0000] {processor.py:925} INFO - DAG(s) 'lampung_data_quality_monitoring' retrieved from /opt/airflow/dags/lampung_data_quality_monitoring.py
[2025-05-26T05:20:22.769+0000] {logging_mixin.py:190} INFO - [2025-05-26T05:20:22.768+0000] {dag.py:3239} INFO - Sync 1 DAGs
[2025-05-26T05:20:22.876+0000] {processor.py:208} INFO - Processing /opt/airflow/dags/lampung_data_quality_monitoring.py took 1.078 seconds
[2025-05-26T05:20:53.448+0000] {processor.py:186} INFO - Started process (PID=962) to work on /opt/airflow/dags/lampung_data_quality_monitoring.py
[2025-05-26T05:20:53.450+0000] {processor.py:914} INFO - Processing file /opt/airflow/dags/lampung_data_quality_monitoring.py for tasks to queue
[2025-05-26T05:20:53.455+0000] {logging_mixin.py:190} INFO - [2025-05-26T05:20:53.454+0000] {dagbag.py:588} INFO - Filling up the DagBag from /opt/airflow/dags/lampung_data_quality_monitoring.py
[2025-05-26T05:20:54.715+0000] {processor.py:925} INFO - DAG(s) 'lampung_data_quality_monitoring' retrieved from /opt/airflow/dags/lampung_data_quality_monitoring.py
[2025-05-26T05:20:54.862+0000] {logging_mixin.py:190} INFO - [2025-05-26T05:20:54.861+0000] {dag.py:3239} INFO - Sync 1 DAGs
[2025-05-26T05:20:54.951+0000] {processor.py:208} INFO - Processing /opt/airflow/dags/lampung_data_quality_monitoring.py took 1.518 seconds
[2025-05-26T05:21:25.368+0000] {processor.py:186} INFO - Started process (PID=975) to work on /opt/airflow/dags/lampung_data_quality_monitoring.py
[2025-05-26T05:21:25.370+0000] {processor.py:914} INFO - Processing file /opt/airflow/dags/lampung_data_quality_monitoring.py for tasks to queue
[2025-05-26T05:21:25.376+0000] {logging_mixin.py:190} INFO - [2025-05-26T05:21:25.375+0000] {dagbag.py:588} INFO - Filling up the DagBag from /opt/airflow/dags/lampung_data_quality_monitoring.py
[2025-05-26T05:21:26.033+0000] {processor.py:925} INFO - DAG(s) 'lampung_data_quality_monitoring' retrieved from /opt/airflow/dags/lampung_data_quality_monitoring.py
[2025-05-26T05:21:26.092+0000] {logging_mixin.py:190} INFO - [2025-05-26T05:21:26.091+0000] {dag.py:3239} INFO - Sync 1 DAGs
[2025-05-26T05:21:24.549+0000] {processor.py:208} INFO - Processing /opt/airflow/dags/lampung_data_quality_monitoring.py took 1.295 seconds
[2025-05-26T05:21:55.068+0000] {processor.py:186} INFO - Started process (PID=986) to work on /opt/airflow/dags/lampung_data_quality_monitoring.py
[2025-05-26T05:21:55.070+0000] {processor.py:914} INFO - Processing file /opt/airflow/dags/lampung_data_quality_monitoring.py for tasks to queue
[2025-05-26T05:21:55.075+0000] {logging_mixin.py:190} INFO - [2025-05-26T05:21:55.074+0000] {dagbag.py:588} INFO - Filling up the DagBag from /opt/airflow/dags/lampung_data_quality_monitoring.py
[2025-05-26T05:21:55.722+0000] {processor.py:925} INFO - DAG(s) 'lampung_data_quality_monitoring' retrieved from /opt/airflow/dags/lampung_data_quality_monitoring.py
[2025-05-26T05:21:55.787+0000] {logging_mixin.py:190} INFO - [2025-05-26T05:21:55.787+0000] {dag.py:3239} INFO - Sync 1 DAGs
[2025-05-26T05:21:55.879+0000] {processor.py:208} INFO - Processing /opt/airflow/dags/lampung_data_quality_monitoring.py took 0.822 seconds
[2025-05-26T05:22:26.121+0000] {processor.py:186} INFO - Started process (PID=999) to work on /opt/airflow/dags/lampung_data_quality_monitoring.py
[2025-05-26T05:22:26.123+0000] {processor.py:914} INFO - Processing file /opt/airflow/dags/lampung_data_quality_monitoring.py for tasks to queue
[2025-05-26T05:22:26.129+0000] {logging_mixin.py:190} INFO - [2025-05-26T05:22:26.128+0000] {dagbag.py:588} INFO - Filling up the DagBag from /opt/airflow/dags/lampung_data_quality_monitoring.py
[2025-05-26T05:22:27.358+0000] {processor.py:925} INFO - DAG(s) 'lampung_data_quality_monitoring' retrieved from /opt/airflow/dags/lampung_data_quality_monitoring.py
[2025-05-26T05:22:27.415+0000] {logging_mixin.py:190} INFO - [2025-05-26T05:22:27.414+0000] {dag.py:3239} INFO - Sync 1 DAGs
[2025-05-26T05:22:27.844+0000] {processor.py:208} INFO - Processing /opt/airflow/dags/lampung_data_quality_monitoring.py took 1.735 seconds
[2025-05-26T05:22:58.822+0000] {processor.py:186} INFO - Started process (PID=1011) to work on /opt/airflow/dags/lampung_data_quality_monitoring.py
[2025-05-26T05:22:58.836+0000] {processor.py:914} INFO - Processing file /opt/airflow/dags/lampung_data_quality_monitoring.py for tasks to queue
[2025-05-26T05:22:58.850+0000] {logging_mixin.py:190} INFO - [2025-05-26T05:22:58.846+0000] {dagbag.py:588} INFO - Filling up the DagBag from /opt/airflow/dags/lampung_data_quality_monitoring.py
[2025-05-26T05:23:00.164+0000] {processor.py:925} INFO - DAG(s) 'lampung_data_quality_monitoring' retrieved from /opt/airflow/dags/lampung_data_quality_monitoring.py
[2025-05-26T05:23:00.261+0000] {logging_mixin.py:190} INFO - [2025-05-26T05:23:00.260+0000] {dag.py:3239} INFO - Sync 1 DAGs
[2025-05-26T05:23:00.414+0000] {processor.py:208} INFO - Processing /opt/airflow/dags/lampung_data_quality_monitoring.py took 1.631 seconds
[2025-05-26T05:23:30.740+0000] {processor.py:186} INFO - Started process (PID=1022) to work on /opt/airflow/dags/lampung_data_quality_monitoring.py
[2025-05-26T05:23:30.744+0000] {processor.py:914} INFO - Processing file /opt/airflow/dags/lampung_data_quality_monitoring.py for tasks to queue
[2025-05-26T05:23:30.753+0000] {logging_mixin.py:190} INFO - [2025-05-26T05:23:30.751+0000] {dagbag.py:588} INFO - Filling up the DagBag from /opt/airflow/dags/lampung_data_quality_monitoring.py
[2025-05-26T05:23:31.864+0000] {processor.py:925} INFO - DAG(s) 'lampung_data_quality_monitoring' retrieved from /opt/airflow/dags/lampung_data_quality_monitoring.py
[2025-05-26T05:23:31.950+0000] {logging_mixin.py:190} INFO - [2025-05-26T05:23:31.949+0000] {dag.py:3239} INFO - Sync 1 DAGs
[2025-05-26T05:23:32.153+0000] {processor.py:208} INFO - Processing /opt/airflow/dags/lampung_data_quality_monitoring.py took 1.437 seconds
[2025-05-26T05:24:02.598+0000] {processor.py:186} INFO - Started process (PID=1034) to work on /opt/airflow/dags/lampung_data_quality_monitoring.py
[2025-05-26T05:24:02.600+0000] {processor.py:914} INFO - Processing file /opt/airflow/dags/lampung_data_quality_monitoring.py for tasks to queue
[2025-05-26T05:24:02.605+0000] {logging_mixin.py:190} INFO - [2025-05-26T05:24:02.604+0000] {dagbag.py:588} INFO - Filling up the DagBag from /opt/airflow/dags/lampung_data_quality_monitoring.py
[2025-05-26T05:24:03.593+0000] {processor.py:925} INFO - DAG(s) 'lampung_data_quality_monitoring' retrieved from /opt/airflow/dags/lampung_data_quality_monitoring.py
[2025-05-26T05:24:03.651+0000] {logging_mixin.py:190} INFO - [2025-05-26T05:24:03.650+0000] {dag.py:3239} INFO - Sync 1 DAGs
[2025-05-26T05:24:03.729+0000] {processor.py:208} INFO - Processing /opt/airflow/dags/lampung_data_quality_monitoring.py took 1.144 seconds
[2025-05-26T05:24:34.086+0000] {processor.py:186} INFO - Started process (PID=1046) to work on /opt/airflow/dags/lampung_data_quality_monitoring.py
[2025-05-26T05:24:34.088+0000] {processor.py:914} INFO - Processing file /opt/airflow/dags/lampung_data_quality_monitoring.py for tasks to queue
[2025-05-26T05:24:34.093+0000] {logging_mixin.py:190} INFO - [2025-05-26T05:24:34.093+0000] {dagbag.py:588} INFO - Filling up the DagBag from /opt/airflow/dags/lampung_data_quality_monitoring.py
[2025-05-26T05:24:35.047+0000] {processor.py:925} INFO - DAG(s) 'lampung_data_quality_monitoring' retrieved from /opt/airflow/dags/lampung_data_quality_monitoring.py
[2025-05-26T05:24:35.226+0000] {logging_mixin.py:190} INFO - [2025-05-26T05:24:35.225+0000] {dag.py:3239} INFO - Sync 1 DAGs
[2025-05-26T05:24:35.343+0000] {processor.py:208} INFO - Processing /opt/airflow/dags/lampung_data_quality_monitoring.py took 1.268 seconds
[2025-05-26T05:25:05.750+0000] {processor.py:186} INFO - Started process (PID=1064) to work on /opt/airflow/dags/lampung_data_quality_monitoring.py
[2025-05-26T05:25:05.753+0000] {processor.py:914} INFO - Processing file /opt/airflow/dags/lampung_data_quality_monitoring.py for tasks to queue
[2025-05-26T05:25:05.758+0000] {logging_mixin.py:190} INFO - [2025-05-26T05:25:05.757+0000] {dagbag.py:588} INFO - Filling up the DagBag from /opt/airflow/dags/lampung_data_quality_monitoring.py
[2025-05-26T05:25:06.745+0000] {processor.py:925} INFO - DAG(s) 'lampung_data_quality_monitoring' retrieved from /opt/airflow/dags/lampung_data_quality_monitoring.py
[2025-05-26T05:25:06.799+0000] {logging_mixin.py:190} INFO - [2025-05-26T05:25:06.799+0000] {dag.py:3239} INFO - Sync 1 DAGs
[2025-05-26T05:25:06.891+0000] {processor.py:208} INFO - Processing /opt/airflow/dags/lampung_data_quality_monitoring.py took 1.155 seconds
