[2025-05-26T04:42:55.488+0000] {processor.py:186} INFO - Started process (PID=67) to work on /opt/airflow/dags/lampung_flood_prediction_real_data.py
[2025-05-26T04:42:55.495+0000] {processor.py:914} INFO - Processing file /opt/airflow/dags/lampung_flood_prediction_real_data.py for tasks to queue
[2025-05-26T04:42:55.511+0000] {logging_mixin.py:190} INFO - [2025-05-26T04:42:55.509+0000] {dagbag.py:588} INFO - Filling up the DagBag from /opt/airflow/dags/lampung_flood_prediction_real_data.py
[2025-05-26T04:43:00.608+0000] {processor.py:925} INFO - DAG(s) 'lampung_flood_prediction_real_data' retrieved from /opt/airflow/dags/lampung_flood_prediction_real_data.py
[2025-05-26T04:43:01.402+0000] {logging_mixin.py:190} INFO - [2025-05-26T04:43:01.400+0000] {override.py:1911} INFO - Created Permission View: can delete on DAG:lampung_flood_prediction_real_data
[2025-05-26T04:43:01.457+0000] {logging_mixin.py:190} INFO - [2025-05-26T04:43:01.457+0000] {override.py:1911} INFO - Created Permission View: can read on DAG:lampung_flood_prediction_real_data
[2025-05-26T04:43:01.478+0000] {logging_mixin.py:190} INFO - [2025-05-26T04:43:01.477+0000] {override.py:1911} INFO - Created Permission View: can edit on DAG:lampung_flood_prediction_real_data
[2025-05-26T04:43:01.503+0000] {logging_mixin.py:190} INFO - [2025-05-26T04:43:01.502+0000] {override.py:1911} INFO - Created Permission View: can delete on DAG Run:lampung_flood_prediction_real_data
[2025-05-26T04:43:01.523+0000] {logging_mixin.py:190} INFO - [2025-05-26T04:43:01.523+0000] {override.py:1911} INFO - Created Permission View: can read on DAG Run:lampung_flood_prediction_real_data
[2025-05-26T04:43:01.544+0000] {logging_mixin.py:190} INFO - [2025-05-26T04:43:01.543+0000] {override.py:1911} INFO - Created Permission View: can create on DAG Run:lampung_flood_prediction_real_data
[2025-05-26T04:43:01.564+0000] {logging_mixin.py:190} INFO - [2025-05-26T04:43:01.564+0000] {override.py:1911} INFO - Created Permission View: menu access on DAG Run:lampung_flood_prediction_real_data
[2025-05-26T04:43:01.566+0000] {logging_mixin.py:190} INFO - [2025-05-26T04:43:01.566+0000] {dag.py:3239} INFO - Sync 1 DAGs
[2025-05-26T04:43:01.596+0000] {logging_mixin.py:190} INFO - [2025-05-26T04:43:01.595+0000] {dag.py:3262} INFO - Creating ORM DAG for lampung_flood_prediction_real_data
[2025-05-26T04:43:01.623+0000] {logging_mixin.py:190} INFO - [2025-05-26T04:43:01.623+0000] {dag.py:4180} INFO - Setting next_dagrun for lampung_flood_prediction_real_data to 2025-05-26 03:00:00+00:00, run_after=2025-05-26 04:00:00+00:00
[2025-05-26T04:43:01.681+0000] {processor.py:208} INFO - Processing /opt/airflow/dags/lampung_flood_prediction_real_data.py took 6.235 seconds
[2025-05-26T04:43:32.275+0000] {processor.py:186} INFO - Started process (PID=80) to work on /opt/airflow/dags/lampung_flood_prediction_real_data.py
[2025-05-26T04:43:32.277+0000] {processor.py:914} INFO - Processing file /opt/airflow/dags/lampung_flood_prediction_real_data.py for tasks to queue
[2025-05-26T04:43:32.282+0000] {logging_mixin.py:190} INFO - [2025-05-26T04:43:32.281+0000] {dagbag.py:588} INFO - Filling up the DagBag from /opt/airflow/dags/lampung_flood_prediction_real_data.py
[2025-05-26T04:43:33.719+0000] {processor.py:925} INFO - DAG(s) 'lampung_flood_prediction_real_data' retrieved from /opt/airflow/dags/lampung_flood_prediction_real_data.py
[2025-05-26T04:43:33.804+0000] {logging_mixin.py:190} INFO - [2025-05-26T04:43:33.803+0000] {dag.py:3239} INFO - Sync 1 DAGs
[2025-05-26T04:43:33.856+0000] {logging_mixin.py:190} INFO - [2025-05-26T04:43:33.856+0000] {dag.py:4180} INFO - Setting next_dagrun for lampung_flood_prediction_real_data to 2025-05-26 03:00:00+00:00, run_after=2025-05-26 04:00:00+00:00
[2025-05-26T04:43:33.905+0000] {processor.py:208} INFO - Processing /opt/airflow/dags/lampung_flood_prediction_real_data.py took 1.639 seconds
[2025-05-26T04:44:04.868+0000] {processor.py:186} INFO - Started process (PID=92) to work on /opt/airflow/dags/lampung_flood_prediction_real_data.py
[2025-05-26T04:44:04.871+0000] {processor.py:914} INFO - Processing file /opt/airflow/dags/lampung_flood_prediction_real_data.py for tasks to queue
[2025-05-26T04:44:04.878+0000] {logging_mixin.py:190} INFO - [2025-05-26T04:44:04.877+0000] {dagbag.py:588} INFO - Filling up the DagBag from /opt/airflow/dags/lampung_flood_prediction_real_data.py
[2025-05-26T04:44:07.159+0000] {processor.py:925} INFO - DAG(s) 'lampung_flood_prediction_real_data' retrieved from /opt/airflow/dags/lampung_flood_prediction_real_data.py
[2025-05-26T04:44:07.229+0000] {logging_mixin.py:190} INFO - [2025-05-26T04:44:07.229+0000] {dag.py:3239} INFO - Sync 1 DAGs
[2025-05-26T04:44:07.279+0000] {logging_mixin.py:190} INFO - [2025-05-26T04:44:07.278+0000] {dag.py:4180} INFO - Setting next_dagrun for lampung_flood_prediction_real_data to 2025-05-26 03:00:00+00:00, run_after=2025-05-26 04:00:00+00:00
[2025-05-26T04:44:07.325+0000] {processor.py:208} INFO - Processing /opt/airflow/dags/lampung_flood_prediction_real_data.py took 2.469 seconds
[2025-05-26T04:44:38.532+0000] {processor.py:186} INFO - Started process (PID=110) to work on /opt/airflow/dags/lampung_flood_prediction_real_data.py
[2025-05-26T04:44:38.536+0000] {processor.py:914} INFO - Processing file /opt/airflow/dags/lampung_flood_prediction_real_data.py for tasks to queue
[2025-05-26T04:44:38.543+0000] {logging_mixin.py:190} INFO - [2025-05-26T04:44:38.542+0000] {dagbag.py:588} INFO - Filling up the DagBag from /opt/airflow/dags/lampung_flood_prediction_real_data.py
[2025-05-26T04:44:39.478+0000] {processor.py:925} INFO - DAG(s) 'lampung_flood_prediction_real_data' retrieved from /opt/airflow/dags/lampung_flood_prediction_real_data.py
[2025-05-26T04:44:39.554+0000] {logging_mixin.py:190} INFO - [2025-05-26T04:44:39.553+0000] {dag.py:3239} INFO - Sync 1 DAGs
[2025-05-26T04:44:39.604+0000] {logging_mixin.py:190} INFO - [2025-05-26T04:44:39.604+0000] {dag.py:4180} INFO - Setting next_dagrun for lampung_flood_prediction_real_data to 2025-05-26 03:00:00+00:00, run_after=2025-05-26 04:00:00+00:00
[2025-05-26T04:44:39.650+0000] {processor.py:208} INFO - Processing /opt/airflow/dags/lampung_flood_prediction_real_data.py took 1.155 seconds
[2025-05-26T04:45:10.247+0000] {processor.py:186} INFO - Started process (PID=122) to work on /opt/airflow/dags/lampung_flood_prediction_real_data.py
[2025-05-26T04:45:10.250+0000] {processor.py:914} INFO - Processing file /opt/airflow/dags/lampung_flood_prediction_real_data.py for tasks to queue
[2025-05-26T04:45:10.259+0000] {logging_mixin.py:190} INFO - [2025-05-26T04:45:10.257+0000] {dagbag.py:588} INFO - Filling up the DagBag from /opt/airflow/dags/lampung_flood_prediction_real_data.py
[2025-05-26T04:45:11.867+0000] {processor.py:925} INFO - DAG(s) 'lampung_flood_prediction_real_data' retrieved from /opt/airflow/dags/lampung_flood_prediction_real_data.py
[2025-05-26T04:45:11.970+0000] {logging_mixin.py:190} INFO - [2025-05-26T04:45:11.969+0000] {dag.py:3239} INFO - Sync 1 DAGs
[2025-05-26T04:45:12.039+0000] {logging_mixin.py:190} INFO - [2025-05-26T04:45:12.038+0000] {dag.py:4180} INFO - Setting next_dagrun for lampung_flood_prediction_real_data to 2025-05-26 03:00:00+00:00, run_after=2025-05-26 04:00:00+00:00
[2025-05-26T04:45:12.085+0000] {processor.py:208} INFO - Processing /opt/airflow/dags/lampung_flood_prediction_real_data.py took 1.851 seconds
[2025-05-26T04:45:42.421+0000] {processor.py:186} INFO - Started process (PID=134) to work on /opt/airflow/dags/lampung_flood_prediction_real_data.py
[2025-05-26T04:45:42.423+0000] {processor.py:914} INFO - Processing file /opt/airflow/dags/lampung_flood_prediction_real_data.py for tasks to queue
[2025-05-26T04:45:42.428+0000] {logging_mixin.py:190} INFO - [2025-05-26T04:45:42.427+0000] {dagbag.py:588} INFO - Filling up the DagBag from /opt/airflow/dags/lampung_flood_prediction_real_data.py
[2025-05-26T04:45:45.221+0000] {processor.py:925} INFO - DAG(s) 'lampung_flood_prediction_real_data' retrieved from /opt/airflow/dags/lampung_flood_prediction_real_data.py
[2025-05-26T04:45:45.292+0000] {logging_mixin.py:190} INFO - [2025-05-26T04:45:45.292+0000] {dag.py:3239} INFO - Sync 1 DAGs
[2025-05-26T04:45:45.346+0000] {logging_mixin.py:190} INFO - [2025-05-26T04:45:45.345+0000] {dag.py:4180} INFO - Setting next_dagrun for lampung_flood_prediction_real_data to 2025-05-26 03:00:00+00:00, run_after=2025-05-26 04:00:00+00:00
[2025-05-26T04:45:45.393+0000] {processor.py:208} INFO - Processing /opt/airflow/dags/lampung_flood_prediction_real_data.py took 1.449 seconds
[2025-05-26T04:46:16.104+0000] {processor.py:186} INFO - Started process (PID=146) to work on /opt/airflow/dags/lampung_flood_prediction_real_data.py
[2025-05-26T04:46:16.111+0000] {processor.py:914} INFO - Processing file /opt/airflow/dags/lampung_flood_prediction_real_data.py for tasks to queue
[2025-05-26T04:46:16.123+0000] {logging_mixin.py:190} INFO - [2025-05-26T04:46:16.122+0000] {dagbag.py:588} INFO - Filling up the DagBag from /opt/airflow/dags/lampung_flood_prediction_real_data.py
[2025-05-26T04:46:17.024+0000] {processor.py:925} INFO - DAG(s) 'lampung_flood_prediction_real_data' retrieved from /opt/airflow/dags/lampung_flood_prediction_real_data.py
[2025-05-26T04:46:17.094+0000] {logging_mixin.py:190} INFO - [2025-05-26T04:46:17.093+0000] {dag.py:3239} INFO - Sync 1 DAGs
[2025-05-26T04:46:17.157+0000] {logging_mixin.py:190} INFO - [2025-05-26T04:46:17.156+0000] {dag.py:4180} INFO - Setting next_dagrun for lampung_flood_prediction_real_data to 2025-05-26 03:00:00+00:00, run_after=2025-05-26 04:00:00+00:00
[2025-05-26T04:46:17.211+0000] {processor.py:208} INFO - Processing /opt/airflow/dags/lampung_flood_prediction_real_data.py took 1.128 seconds
[2025-05-26T04:46:47.511+0000] {processor.py:186} INFO - Started process (PID=167) to work on /opt/airflow/dags/lampung_flood_prediction_real_data.py
[2025-05-26T04:46:47.513+0000] {processor.py:914} INFO - Processing file /opt/airflow/dags/lampung_flood_prediction_real_data.py for tasks to queue
[2025-05-26T04:46:47.518+0000] {logging_mixin.py:190} INFO - [2025-05-26T04:46:47.517+0000] {dagbag.py:588} INFO - Filling up the DagBag from /opt/airflow/dags/lampung_flood_prediction_real_data.py
[2025-05-26T04:46:48.238+0000] {processor.py:925} INFO - DAG(s) 'lampung_flood_prediction_real_data' retrieved from /opt/airflow/dags/lampung_flood_prediction_real_data.py
[2025-05-26T04:46:48.307+0000] {logging_mixin.py:190} INFO - [2025-05-26T04:46:48.306+0000] {dag.py:3239} INFO - Sync 1 DAGs
[2025-05-26T04:46:48.365+0000] {logging_mixin.py:190} INFO - [2025-05-26T04:46:48.364+0000] {dag.py:4180} INFO - Setting next_dagrun for lampung_flood_prediction_real_data to 2025-05-26 03:00:00+00:00, run_after=2025-05-26 04:00:00+00:00
[2025-05-26T04:46:48.414+0000] {processor.py:208} INFO - Processing /opt/airflow/dags/lampung_flood_prediction_real_data.py took 0.915 seconds
[2025-05-26T04:47:18.683+0000] {processor.py:186} INFO - Started process (PID=178) to work on /opt/airflow/dags/lampung_flood_prediction_real_data.py
[2025-05-26T04:47:18.685+0000] {processor.py:914} INFO - Processing file /opt/airflow/dags/lampung_flood_prediction_real_data.py for tasks to queue
[2025-05-26T04:47:18.690+0000] {logging_mixin.py:190} INFO - [2025-05-26T04:47:18.689+0000] {dagbag.py:588} INFO - Filling up the DagBag from /opt/airflow/dags/lampung_flood_prediction_real_data.py
[2025-05-26T04:47:19.470+0000] {processor.py:925} INFO - DAG(s) 'lampung_flood_prediction_real_data' retrieved from /opt/airflow/dags/lampung_flood_prediction_real_data.py
[2025-05-26T04:47:19.540+0000] {logging_mixin.py:190} INFO - [2025-05-26T04:47:19.539+0000] {dag.py:3239} INFO - Sync 1 DAGs
[2025-05-26T04:47:19.598+0000] {logging_mixin.py:190} INFO - [2025-05-26T04:47:19.597+0000] {dag.py:4180} INFO - Setting next_dagrun for lampung_flood_prediction_real_data to 2025-05-26 03:00:00+00:00, run_after=2025-05-26 04:00:00+00:00
[2025-05-26T04:47:19.638+0000] {processor.py:208} INFO - Processing /opt/airflow/dags/lampung_flood_prediction_real_data.py took 0.973 seconds
[2025-05-26T04:47:50.327+0000] {processor.py:186} INFO - Started process (PID=190) to work on /opt/airflow/dags/lampung_flood_prediction_real_data.py
[2025-05-26T04:47:50.329+0000] {processor.py:914} INFO - Processing file /opt/airflow/dags/lampung_flood_prediction_real_data.py for tasks to queue
[2025-05-26T04:47:50.336+0000] {logging_mixin.py:190} INFO - [2025-05-26T04:47:50.335+0000] {dagbag.py:588} INFO - Filling up the DagBag from /opt/airflow/dags/lampung_flood_prediction_real_data.py
[2025-05-26T04:47:51.468+0000] {processor.py:925} INFO - DAG(s) 'lampung_flood_prediction_real_data' retrieved from /opt/airflow/dags/lampung_flood_prediction_real_data.py
[2025-05-26T04:47:51.542+0000] {logging_mixin.py:190} INFO - [2025-05-26T04:47:51.541+0000] {dag.py:3239} INFO - Sync 1 DAGs
[2025-05-26T04:47:51.607+0000] {logging_mixin.py:190} INFO - [2025-05-26T04:47:51.606+0000] {dag.py:4180} INFO - Setting next_dagrun for lampung_flood_prediction_real_data to 2025-05-26 03:00:00+00:00, run_after=2025-05-26 04:00:00+00:00
[2025-05-26T04:47:51.661+0000] {processor.py:208} INFO - Processing /opt/airflow/dags/lampung_flood_prediction_real_data.py took 1.347 seconds
[2025-05-26T04:48:22.047+0000] {processor.py:186} INFO - Started process (PID=202) to work on /opt/airflow/dags/lampung_flood_prediction_real_data.py
[2025-05-26T04:48:22.050+0000] {processor.py:914} INFO - Processing file /opt/airflow/dags/lampung_flood_prediction_real_data.py for tasks to queue
[2025-05-26T04:48:22.054+0000] {logging_mixin.py:190} INFO - [2025-05-26T04:48:22.053+0000] {dagbag.py:588} INFO - Filling up the DagBag from /opt/airflow/dags/lampung_flood_prediction_real_data.py
[2025-05-26T04:48:22.738+0000] {processor.py:925} INFO - DAG(s) 'lampung_flood_prediction_real_data' retrieved from /opt/airflow/dags/lampung_flood_prediction_real_data.py
[2025-05-26T04:48:22.809+0000] {logging_mixin.py:190} INFO - [2025-05-26T04:48:22.809+0000] {dag.py:3239} INFO - Sync 1 DAGs
[2025-05-26T04:48:22.871+0000] {logging_mixin.py:190} INFO - [2025-05-26T04:48:22.870+0000] {dag.py:4180} INFO - Setting next_dagrun for lampung_flood_prediction_real_data to 2025-05-26 03:00:00+00:00, run_after=2025-05-26 04:00:00+00:00
[2025-05-26T04:48:22.933+0000] {processor.py:208} INFO - Processing /opt/airflow/dags/lampung_flood_prediction_real_data.py took 0.897 seconds
[2025-05-26T04:48:53.469+0000] {processor.py:186} INFO - Started process (PID=214) to work on /opt/airflow/dags/lampung_flood_prediction_real_data.py
[2025-05-26T04:48:53.477+0000] {processor.py:914} INFO - Processing file /opt/airflow/dags/lampung_flood_prediction_real_data.py for tasks to queue
[2025-05-26T04:48:53.493+0000] {logging_mixin.py:190} INFO - [2025-05-26T04:48:53.492+0000] {dagbag.py:588} INFO - Filling up the DagBag from /opt/airflow/dags/lampung_flood_prediction_real_data.py
[2025-05-26T04:48:55.126+0000] {processor.py:925} INFO - DAG(s) 'lampung_flood_prediction_real_data' retrieved from /opt/airflow/dags/lampung_flood_prediction_real_data.py
[2025-05-26T04:48:55.244+0000] {logging_mixin.py:190} INFO - [2025-05-26T04:48:55.244+0000] {dag.py:3239} INFO - Sync 1 DAGs
[2025-05-26T04:48:55.383+0000] {logging_mixin.py:190} INFO - [2025-05-26T04:48:55.382+0000] {dag.py:4180} INFO - Setting next_dagrun for lampung_flood_prediction_real_data to 2025-05-26 03:00:00+00:00, run_after=2025-05-26 04:00:00+00:00
[2025-05-26T04:48:55.462+0000] {processor.py:208} INFO - Processing /opt/airflow/dags/lampung_flood_prediction_real_data.py took 2.034 seconds
[2025-05-26T04:49:26.837+0000] {processor.py:186} INFO - Started process (PID=226) to work on /opt/airflow/dags/lampung_flood_prediction_real_data.py
[2025-05-26T04:49:26.842+0000] {processor.py:914} INFO - Processing file /opt/airflow/dags/lampung_flood_prediction_real_data.py for tasks to queue
[2025-05-26T04:49:26.850+0000] {logging_mixin.py:190} INFO - [2025-05-26T04:49:26.848+0000] {dagbag.py:588} INFO - Filling up the DagBag from /opt/airflow/dags/lampung_flood_prediction_real_data.py
[2025-05-26T04:49:29.504+0000] {processor.py:925} INFO - DAG(s) 'lampung_flood_prediction_real_data' retrieved from /opt/airflow/dags/lampung_flood_prediction_real_data.py
[2025-05-26T04:49:29.713+0000] {logging_mixin.py:190} INFO - [2025-05-26T04:49:29.712+0000] {dag.py:3239} INFO - Sync 1 DAGs
[2025-05-26T04:49:29.881+0000] {logging_mixin.py:190} INFO - [2025-05-26T04:49:29.880+0000] {dag.py:4180} INFO - Setting next_dagrun for lampung_flood_prediction_real_data to 2025-05-26 03:00:00+00:00, run_after=2025-05-26 04:00:00+00:00
[2025-05-26T04:49:29.991+0000] {processor.py:208} INFO - Processing /opt/airflow/dags/lampung_flood_prediction_real_data.py took 3.203 seconds
[2025-05-26T04:50:01.112+0000] {processor.py:186} INFO - Started process (PID=239) to work on /opt/airflow/dags/lampung_flood_prediction_real_data.py
[2025-05-26T04:50:01.114+0000] {processor.py:914} INFO - Processing file /opt/airflow/dags/lampung_flood_prediction_real_data.py for tasks to queue
[2025-05-26T04:50:01.122+0000] {logging_mixin.py:190} INFO - [2025-05-26T04:50:01.121+0000] {dagbag.py:588} INFO - Filling up the DagBag from /opt/airflow/dags/lampung_flood_prediction_real_data.py
[2025-05-26T04:50:02.045+0000] {processor.py:925} INFO - DAG(s) 'lampung_flood_prediction_real_data' retrieved from /opt/airflow/dags/lampung_flood_prediction_real_data.py
[2025-05-26T04:50:02.114+0000] {logging_mixin.py:190} INFO - [2025-05-26T04:50:02.113+0000] {dag.py:3239} INFO - Sync 1 DAGs
[2025-05-26T04:50:02.176+0000] {logging_mixin.py:190} INFO - [2025-05-26T04:50:02.176+0000] {dag.py:4180} INFO - Setting next_dagrun for lampung_flood_prediction_real_data to 2025-05-26 03:00:00+00:00, run_after=2025-05-26 04:00:00+00:00
[2025-05-26T04:50:02.220+0000] {processor.py:208} INFO - Processing /opt/airflow/dags/lampung_flood_prediction_real_data.py took 1.121 seconds
[2025-05-26T04:50:32.941+0000] {processor.py:186} INFO - Started process (PID=250) to work on /opt/airflow/dags/lampung_flood_prediction_real_data.py
[2025-05-26T04:50:32.943+0000] {processor.py:914} INFO - Processing file /opt/airflow/dags/lampung_flood_prediction_real_data.py for tasks to queue
[2025-05-26T04:50:32.948+0000] {logging_mixin.py:190} INFO - [2025-05-26T04:50:32.948+0000] {dagbag.py:588} INFO - Filling up the DagBag from /opt/airflow/dags/lampung_flood_prediction_real_data.py
[2025-05-26T04:50:33.679+0000] {processor.py:925} INFO - DAG(s) 'lampung_flood_prediction_real_data' retrieved from /opt/airflow/dags/lampung_flood_prediction_real_data.py
[2025-05-26T04:50:33.750+0000] {logging_mixin.py:190} INFO - [2025-05-26T04:50:33.749+0000] {dag.py:3239} INFO - Sync 1 DAGs
[2025-05-26T04:50:33.799+0000] {logging_mixin.py:190} INFO - [2025-05-26T04:50:33.799+0000] {dag.py:4180} INFO - Setting next_dagrun for lampung_flood_prediction_real_data to 2025-05-26 03:00:00+00:00, run_after=2025-05-26 04:00:00+00:00
[2025-05-26T04:50:33.849+0000] {processor.py:208} INFO - Processing /opt/airflow/dags/lampung_flood_prediction_real_data.py took 0.920 seconds
[2025-05-26T04:51:04.645+0000] {processor.py:186} INFO - Started process (PID=262) to work on /opt/airflow/dags/lampung_flood_prediction_real_data.py
[2025-05-26T04:51:04.647+0000] {processor.py:914} INFO - Processing file /opt/airflow/dags/lampung_flood_prediction_real_data.py for tasks to queue
[2025-05-26T04:51:04.653+0000] {logging_mixin.py:190} INFO - [2025-05-26T04:51:04.652+0000] {dagbag.py:588} INFO - Filling up the DagBag from /opt/airflow/dags/lampung_flood_prediction_real_data.py
[2025-05-26T04:51:05.412+0000] {processor.py:925} INFO - DAG(s) 'lampung_flood_prediction_real_data' retrieved from /opt/airflow/dags/lampung_flood_prediction_real_data.py
[2025-05-26T04:51:05.481+0000] {logging_mixin.py:190} INFO - [2025-05-26T04:51:05.481+0000] {dag.py:3239} INFO - Sync 1 DAGs
[2025-05-26T04:51:05.556+0000] {logging_mixin.py:190} INFO - [2025-05-26T04:51:05.555+0000] {dag.py:4180} INFO - Setting next_dagrun for lampung_flood_prediction_real_data to 2025-05-26 03:00:00+00:00, run_after=2025-05-26 04:00:00+00:00
[2025-05-26T04:51:05.699+0000] {processor.py:208} INFO - Processing /opt/airflow/dags/lampung_flood_prediction_real_data.py took 1.069 seconds
[2025-05-26T04:51:36.515+0000] {processor.py:186} INFO - Started process (PID=273) to work on /opt/airflow/dags/lampung_flood_prediction_real_data.py
[2025-05-26T04:51:36.517+0000] {processor.py:914} INFO - Processing file /opt/airflow/dags/lampung_flood_prediction_real_data.py for tasks to queue
[2025-05-26T04:51:36.523+0000] {logging_mixin.py:190} INFO - [2025-05-26T04:51:36.522+0000] {dagbag.py:588} INFO - Filling up the DagBag from /opt/airflow/dags/lampung_flood_prediction_real_data.py
[2025-05-26T04:51:37.282+0000] {processor.py:925} INFO - DAG(s) 'lampung_flood_prediction_real_data' retrieved from /opt/airflow/dags/lampung_flood_prediction_real_data.py
[2025-05-26T04:51:37.385+0000] {logging_mixin.py:190} INFO - [2025-05-26T04:51:37.384+0000] {dag.py:3239} INFO - Sync 1 DAGs
[2025-05-26T04:51:37.452+0000] {logging_mixin.py:190} INFO - [2025-05-26T04:51:37.451+0000] {dag.py:4180} INFO - Setting next_dagrun for lampung_flood_prediction_real_data to 2025-05-26 03:00:00+00:00, run_after=2025-05-26 04:00:00+00:00
[2025-05-26T04:51:37.496+0000] {processor.py:208} INFO - Processing /opt/airflow/dags/lampung_flood_prediction_real_data.py took 0.994 seconds
[2025-05-26T04:52:07.724+0000] {processor.py:186} INFO - Started process (PID=285) to work on /opt/airflow/dags/lampung_flood_prediction_real_data.py
[2025-05-26T04:52:07.726+0000] {processor.py:914} INFO - Processing file /opt/airflow/dags/lampung_flood_prediction_real_data.py for tasks to queue
[2025-05-26T04:52:07.732+0000] {logging_mixin.py:190} INFO - [2025-05-26T04:52:07.731+0000] {dagbag.py:588} INFO - Filling up the DagBag from /opt/airflow/dags/lampung_flood_prediction_real_data.py
[2025-05-26T04:52:08.842+0000] {processor.py:925} INFO - DAG(s) 'lampung_flood_prediction_real_data' retrieved from /opt/airflow/dags/lampung_flood_prediction_real_data.py
[2025-05-26T04:52:09.004+0000] {logging_mixin.py:190} INFO - [2025-05-26T04:52:09.004+0000] {dag.py:3239} INFO - Sync 1 DAGs
[2025-05-26T04:52:09.140+0000] {logging_mixin.py:190} INFO - [2025-05-26T04:52:09.139+0000] {dag.py:4180} INFO - Setting next_dagrun for lampung_flood_prediction_real_data to 2025-05-26 03:00:00+00:00, run_after=2025-05-26 04:00:00+00:00
[2025-05-26T04:52:09.202+0000] {processor.py:208} INFO - Processing /opt/airflow/dags/lampung_flood_prediction_real_data.py took 1.490 seconds
[2025-05-26T04:52:39.859+0000] {processor.py:186} INFO - Started process (PID=303) to work on /opt/airflow/dags/lampung_flood_prediction_real_data.py
[2025-05-26T04:52:39.861+0000] {processor.py:914} INFO - Processing file /opt/airflow/dags/lampung_flood_prediction_real_data.py for tasks to queue
[2025-05-26T04:52:39.867+0000] {logging_mixin.py:190} INFO - [2025-05-26T04:52:39.866+0000] {dagbag.py:588} INFO - Filling up the DagBag from /opt/airflow/dags/lampung_flood_prediction_real_data.py
[2025-05-26T04:52:40.507+0000] {processor.py:925} INFO - DAG(s) 'lampung_flood_prediction_real_data' retrieved from /opt/airflow/dags/lampung_flood_prediction_real_data.py
[2025-05-26T04:52:40.588+0000] {logging_mixin.py:190} INFO - [2025-05-26T04:52:40.588+0000] {dag.py:3239} INFO - Sync 1 DAGs
[2025-05-26T04:52:40.646+0000] {logging_mixin.py:190} INFO - [2025-05-26T04:52:40.646+0000] {dag.py:4180} INFO - Setting next_dagrun for lampung_flood_prediction_real_data to 2025-05-26 03:00:00+00:00, run_after=2025-05-26 04:00:00+00:00
[2025-05-26T04:52:40.696+0000] {processor.py:208} INFO - Processing /opt/airflow/dags/lampung_flood_prediction_real_data.py took 0.962 seconds
[2025-05-26T04:53:11.758+0000] {processor.py:186} INFO - Started process (PID=316) to work on /opt/airflow/dags/lampung_flood_prediction_real_data.py
[2025-05-26T04:53:11.761+0000] {processor.py:914} INFO - Processing file /opt/airflow/dags/lampung_flood_prediction_real_data.py for tasks to queue
[2025-05-26T04:53:11.766+0000] {logging_mixin.py:190} INFO - [2025-05-26T04:53:11.765+0000] {dagbag.py:588} INFO - Filling up the DagBag from /opt/airflow/dags/lampung_flood_prediction_real_data.py
[2025-05-26T04:53:12.478+0000] {processor.py:925} INFO - DAG(s) 'lampung_flood_prediction_real_data' retrieved from /opt/airflow/dags/lampung_flood_prediction_real_data.py
[2025-05-26T04:53:12.559+0000] {logging_mixin.py:190} INFO - [2025-05-26T04:53:12.558+0000] {dag.py:3239} INFO - Sync 1 DAGs
[2025-05-26T04:53:12.606+0000] {logging_mixin.py:190} INFO - [2025-05-26T04:53:12.605+0000] {dag.py:4180} INFO - Setting next_dagrun for lampung_flood_prediction_real_data to 2025-05-26 03:00:00+00:00, run_after=2025-05-26 04:00:00+00:00
[2025-05-26T04:53:12.649+0000] {processor.py:208} INFO - Processing /opt/airflow/dags/lampung_flood_prediction_real_data.py took 0.902 seconds
[2025-05-26T04:53:43.067+0000] {processor.py:186} INFO - Started process (PID=328) to work on /opt/airflow/dags/lampung_flood_prediction_real_data.py
[2025-05-26T04:53:43.069+0000] {processor.py:914} INFO - Processing file /opt/airflow/dags/lampung_flood_prediction_real_data.py for tasks to queue
[2025-05-26T04:53:43.076+0000] {logging_mixin.py:190} INFO - [2025-05-26T04:53:43.075+0000] {dagbag.py:588} INFO - Filling up the DagBag from /opt/airflow/dags/lampung_flood_prediction_real_data.py
[2025-05-26T04:53:43.943+0000] {processor.py:925} INFO - DAG(s) 'lampung_flood_prediction_real_data' retrieved from /opt/airflow/dags/lampung_flood_prediction_real_data.py
[2025-05-26T04:53:44.020+0000] {logging_mixin.py:190} INFO - [2025-05-26T04:53:44.019+0000] {dag.py:3239} INFO - Sync 1 DAGs
[2025-05-26T04:53:44.071+0000] {logging_mixin.py:190} INFO - [2025-05-26T04:53:44.071+0000] {dag.py:4180} INFO - Setting next_dagrun for lampung_flood_prediction_real_data to 2025-05-26 03:00:00+00:00, run_after=2025-05-26 04:00:00+00:00
[2025-05-26T04:53:44.121+0000] {processor.py:208} INFO - Processing /opt/airflow/dags/lampung_flood_prediction_real_data.py took 1.066 seconds
[2025-05-26T04:54:14.791+0000] {processor.py:186} INFO - Started process (PID=341) to work on /opt/airflow/dags/lampung_flood_prediction_real_data.py
[2025-05-26T04:54:14.793+0000] {processor.py:914} INFO - Processing file /opt/airflow/dags/lampung_flood_prediction_real_data.py for tasks to queue
[2025-05-26T04:54:14.797+0000] {logging_mixin.py:190} INFO - [2025-05-26T04:54:14.797+0000] {dagbag.py:588} INFO - Filling up the DagBag from /opt/airflow/dags/lampung_flood_prediction_real_data.py
[2025-05-26T04:54:15.562+0000] {processor.py:925} INFO - DAG(s) 'lampung_flood_prediction_real_data' retrieved from /opt/airflow/dags/lampung_flood_prediction_real_data.py
[2025-05-26T04:54:15.623+0000] {logging_mixin.py:190} INFO - [2025-05-26T04:54:15.623+0000] {dag.py:3239} INFO - Sync 1 DAGs
[2025-05-26T04:54:15.672+0000] {logging_mixin.py:190} INFO - [2025-05-26T04:54:15.671+0000] {dag.py:4180} INFO - Setting next_dagrun for lampung_flood_prediction_real_data to 2025-05-26 03:00:00+00:00, run_after=2025-05-26 04:00:00+00:00
[2025-05-26T04:54:15.714+0000] {processor.py:208} INFO - Processing /opt/airflow/dags/lampung_flood_prediction_real_data.py took 0.934 seconds
[2025-05-26T04:54:46.029+0000] {processor.py:186} INFO - Started process (PID=353) to work on /opt/airflow/dags/lampung_flood_prediction_real_data.py
[2025-05-26T04:54:46.031+0000] {processor.py:914} INFO - Processing file /opt/airflow/dags/lampung_flood_prediction_real_data.py for tasks to queue
[2025-05-26T04:54:46.036+0000] {logging_mixin.py:190} INFO - [2025-05-26T04:54:46.035+0000] {dagbag.py:588} INFO - Filling up the DagBag from /opt/airflow/dags/lampung_flood_prediction_real_data.py
[2025-05-26T04:54:46.804+0000] {processor.py:925} INFO - DAG(s) 'lampung_flood_prediction_real_data' retrieved from /opt/airflow/dags/lampung_flood_prediction_real_data.py
[2025-05-26T04:54:46.865+0000] {logging_mixin.py:190} INFO - [2025-05-26T04:54:46.865+0000] {dag.py:3239} INFO - Sync 1 DAGs
[2025-05-26T04:54:46.910+0000] {logging_mixin.py:190} INFO - [2025-05-26T04:54:46.909+0000] {dag.py:4180} INFO - Setting next_dagrun for lampung_flood_prediction_real_data to 2025-05-26 03:00:00+00:00, run_after=2025-05-26 04:00:00+00:00
[2025-05-26T04:54:46.949+0000] {processor.py:208} INFO - Processing /opt/airflow/dags/lampung_flood_prediction_real_data.py took 0.931 seconds
[2025-05-26T04:55:18.267+0000] {processor.py:186} INFO - Started process (PID=365) to work on /opt/airflow/dags/lampung_flood_prediction_real_data.py
[2025-05-26T04:55:18.293+0000] {processor.py:914} INFO - Processing file /opt/airflow/dags/lampung_flood_prediction_real_data.py for tasks to queue
[2025-05-26T04:55:18.361+0000] {logging_mixin.py:190} INFO - [2025-05-26T04:55:18.360+0000] {dagbag.py:588} INFO - Filling up the DagBag from /opt/airflow/dags/lampung_flood_prediction_real_data.py
[2025-05-26T04:55:19.994+0000] {processor.py:925} INFO - DAG(s) 'lampung_flood_prediction_real_data' retrieved from /opt/airflow/dags/lampung_flood_prediction_real_data.py
[2025-05-26T04:55:20.103+0000] {logging_mixin.py:190} INFO - [2025-05-26T04:55:20.102+0000] {dag.py:3239} INFO - Sync 1 DAGs
[2025-05-26T04:55:20.203+0000] {logging_mixin.py:190} INFO - [2025-05-26T04:55:20.202+0000] {dag.py:4180} INFO - Setting next_dagrun for lampung_flood_prediction_real_data to 2025-05-26 03:00:00+00:00, run_after=2025-05-26 04:00:00+00:00
[2025-05-26T04:55:20.279+0000] {processor.py:208} INFO - Processing /opt/airflow/dags/lampung_flood_prediction_real_data.py took 2.147 seconds
[2025-05-26T04:55:50.558+0000] {processor.py:186} INFO - Started process (PID=377) to work on /opt/airflow/dags/lampung_flood_prediction_real_data.py
[2025-05-26T04:55:50.561+0000] {processor.py:914} INFO - Processing file /opt/airflow/dags/lampung_flood_prediction_real_data.py for tasks to queue
[2025-05-26T04:55:50.567+0000] {logging_mixin.py:190} INFO - [2025-05-26T04:55:50.566+0000] {dagbag.py:588} INFO - Filling up the DagBag from /opt/airflow/dags/lampung_flood_prediction_real_data.py
[2025-05-26T04:55:51.277+0000] {processor.py:925} INFO - DAG(s) 'lampung_flood_prediction_real_data' retrieved from /opt/airflow/dags/lampung_flood_prediction_real_data.py
[2025-05-26T04:55:51.343+0000] {logging_mixin.py:190} INFO - [2025-05-26T04:55:51.342+0000] {dag.py:3239} INFO - Sync 1 DAGs
[2025-05-26T04:55:51.388+0000] {logging_mixin.py:190} INFO - [2025-05-26T04:55:51.388+0000] {dag.py:4180} INFO - Setting next_dagrun for lampung_flood_prediction_real_data to 2025-05-26 03:00:00+00:00, run_after=2025-05-26 04:00:00+00:00
[2025-05-26T04:55:51.440+0000] {processor.py:208} INFO - Processing /opt/airflow/dags/lampung_flood_prediction_real_data.py took 0.893 seconds
[2025-05-26T04:56:21.596+0000] {processor.py:186} INFO - Started process (PID=389) to work on /opt/airflow/dags/lampung_flood_prediction_real_data.py
[2025-05-26T04:56:21.598+0000] {processor.py:914} INFO - Processing file /opt/airflow/dags/lampung_flood_prediction_real_data.py for tasks to queue
[2025-05-26T04:56:21.604+0000] {logging_mixin.py:190} INFO - [2025-05-26T04:56:21.603+0000] {dagbag.py:588} INFO - Filling up the DagBag from /opt/airflow/dags/lampung_flood_prediction_real_data.py
[2025-05-26T04:56:22.426+0000] {processor.py:925} INFO - DAG(s) 'lampung_flood_prediction_real_data' retrieved from /opt/airflow/dags/lampung_flood_prediction_real_data.py
[2025-05-26T04:56:22.503+0000] {logging_mixin.py:190} INFO - [2025-05-26T04:56:22.502+0000] {dag.py:3239} INFO - Sync 1 DAGs
[2025-05-26T04:56:22.553+0000] {logging_mixin.py:190} INFO - [2025-05-26T04:56:22.553+0000] {dag.py:4180} INFO - Setting next_dagrun for lampung_flood_prediction_real_data to 2025-05-26 03:00:00+00:00, run_after=2025-05-26 04:00:00+00:00
[2025-05-26T04:56:22.933+0000] {processor.py:208} INFO - Processing /opt/airflow/dags/lampung_flood_prediction_real_data.py took 1.350 seconds
[2025-05-26T04:56:53.163+0000] {processor.py:186} INFO - Started process (PID=401) to work on /opt/airflow/dags/lampung_flood_prediction_real_data.py
[2025-05-26T04:56:53.165+0000] {processor.py:914} INFO - Processing file /opt/airflow/dags/lampung_flood_prediction_real_data.py for tasks to queue
[2025-05-26T04:56:53.171+0000] {logging_mixin.py:190} INFO - [2025-05-26T04:56:53.170+0000] {dagbag.py:588} INFO - Filling up the DagBag from /opt/airflow/dags/lampung_flood_prediction_real_data.py
[2025-05-26T04:56:53.888+0000] {processor.py:925} INFO - DAG(s) 'lampung_flood_prediction_real_data' retrieved from /opt/airflow/dags/lampung_flood_prediction_real_data.py
[2025-05-26T04:56:53.956+0000] {logging_mixin.py:190} INFO - [2025-05-26T04:56:53.955+0000] {dag.py:3239} INFO - Sync 1 DAGs
[2025-05-26T04:56:54.666+0000] {logging_mixin.py:190} INFO - [2025-05-26T04:56:54.666+0000] {dag.py:4180} INFO - Setting next_dagrun for lampung_flood_prediction_real_data to 2025-05-26 03:00:00+00:00, run_after=2025-05-26 04:00:00+00:00
[2025-05-26T04:56:54.716+0000] {processor.py:208} INFO - Processing /opt/airflow/dags/lampung_flood_prediction_real_data.py took 1.568 seconds
[2025-05-26T04:57:25.615+0000] {processor.py:186} INFO - Started process (PID=413) to work on /opt/airflow/dags/lampung_flood_prediction_real_data.py
[2025-05-26T04:57:25.617+0000] {processor.py:914} INFO - Processing file /opt/airflow/dags/lampung_flood_prediction_real_data.py for tasks to queue
[2025-05-26T04:57:25.623+0000] {logging_mixin.py:190} INFO - [2025-05-26T04:57:25.622+0000] {dagbag.py:588} INFO - Filling up the DagBag from /opt/airflow/dags/lampung_flood_prediction_real_data.py
[2025-05-26T04:57:26.359+0000] {processor.py:925} INFO - DAG(s) 'lampung_flood_prediction_real_data' retrieved from /opt/airflow/dags/lampung_flood_prediction_real_data.py
[2025-05-26T04:57:26.434+0000] {logging_mixin.py:190} INFO - [2025-05-26T04:57:26.433+0000] {dag.py:3239} INFO - Sync 1 DAGs
[2025-05-26T04:57:26.495+0000] {logging_mixin.py:190} INFO - [2025-05-26T04:57:26.495+0000] {dag.py:4180} INFO - Setting next_dagrun for lampung_flood_prediction_real_data to 2025-05-26 03:00:00+00:00, run_after=2025-05-26 04:00:00+00:00
[2025-05-26T04:57:26.543+0000] {processor.py:208} INFO - Processing /opt/airflow/dags/lampung_flood_prediction_real_data.py took 0.942 seconds
[2025-05-26T04:57:57.529+0000] {processor.py:186} INFO - Started process (PID=426) to work on /opt/airflow/dags/lampung_flood_prediction_real_data.py
[2025-05-26T04:57:57.531+0000] {processor.py:914} INFO - Processing file /opt/airflow/dags/lampung_flood_prediction_real_data.py for tasks to queue
[2025-05-26T04:57:57.536+0000] {logging_mixin.py:190} INFO - [2025-05-26T04:57:57.535+0000] {dagbag.py:588} INFO - Filling up the DagBag from /opt/airflow/dags/lampung_flood_prediction_real_data.py
[2025-05-26T04:57:58.503+0000] {processor.py:925} INFO - DAG(s) 'lampung_flood_prediction_real_data' retrieved from /opt/airflow/dags/lampung_flood_prediction_real_data.py
[2025-05-26T04:57:58.566+0000] {logging_mixin.py:190} INFO - [2025-05-26T04:57:58.566+0000] {dag.py:3239} INFO - Sync 1 DAGs
[2025-05-26T04:57:58.612+0000] {logging_mixin.py:190} INFO - [2025-05-26T04:57:58.611+0000] {dag.py:4180} INFO - Setting next_dagrun for lampung_flood_prediction_real_data to 2025-05-26 03:00:00+00:00, run_after=2025-05-26 04:00:00+00:00
[2025-05-26T04:57:58.651+0000] {processor.py:208} INFO - Processing /opt/airflow/dags/lampung_flood_prediction_real_data.py took 1.134 seconds
[2025-05-26T04:58:29.769+0000] {processor.py:186} INFO - Started process (PID=438) to work on /opt/airflow/dags/lampung_flood_prediction_real_data.py
[2025-05-26T04:58:29.772+0000] {processor.py:914} INFO - Processing file /opt/airflow/dags/lampung_flood_prediction_real_data.py for tasks to queue
[2025-05-26T04:58:29.807+0000] {logging_mixin.py:190} INFO - [2025-05-26T04:58:29.805+0000] {dagbag.py:588} INFO - Filling up the DagBag from /opt/airflow/dags/lampung_flood_prediction_real_data.py
[2025-05-26T04:58:31.419+0000] {processor.py:925} INFO - DAG(s) 'lampung_flood_prediction_real_data' retrieved from /opt/airflow/dags/lampung_flood_prediction_real_data.py
[2025-05-26T04:58:31.501+0000] {logging_mixin.py:190} INFO - [2025-05-26T04:58:31.501+0000] {dag.py:3239} INFO - Sync 1 DAGs
[2025-05-26T04:58:31.569+0000] {logging_mixin.py:190} INFO - [2025-05-26T04:58:31.568+0000] {dag.py:4180} INFO - Setting next_dagrun for lampung_flood_prediction_real_data to 2025-05-26 03:00:00+00:00, run_after=2025-05-26 04:00:00+00:00
[2025-05-26T04:58:31.631+0000] {processor.py:208} INFO - Processing /opt/airflow/dags/lampung_flood_prediction_real_data.py took 1.899 seconds
[2025-05-26T04:59:01.869+0000] {processor.py:186} INFO - Started process (PID=450) to work on /opt/airflow/dags/lampung_flood_prediction_real_data.py
[2025-05-26T04:59:01.871+0000] {processor.py:914} INFO - Processing file /opt/airflow/dags/lampung_flood_prediction_real_data.py for tasks to queue
[2025-05-26T04:59:01.877+0000] {logging_mixin.py:190} INFO - [2025-05-26T04:59:01.876+0000] {dagbag.py:588} INFO - Filling up the DagBag from /opt/airflow/dags/lampung_flood_prediction_real_data.py
[2025-05-26T04:59:04.590+0000] {processor.py:925} INFO - DAG(s) 'lampung_flood_prediction_real_data' retrieved from /opt/airflow/dags/lampung_flood_prediction_real_data.py
[2025-05-26T04:59:04.669+0000] {logging_mixin.py:190} INFO - [2025-05-26T04:59:04.668+0000] {dag.py:3239} INFO - Sync 1 DAGs
[2025-05-26T04:59:04.740+0000] {logging_mixin.py:190} INFO - [2025-05-26T04:59:04.739+0000] {dag.py:4180} INFO - Setting next_dagrun for lampung_flood_prediction_real_data to 2025-05-26 03:00:00+00:00, run_after=2025-05-26 04:00:00+00:00
[2025-05-26T04:59:04.907+0000] {processor.py:208} INFO - Processing /opt/airflow/dags/lampung_flood_prediction_real_data.py took 1.889 seconds
[2025-05-26T04:59:35.495+0000] {processor.py:186} INFO - Started process (PID=468) to work on /opt/airflow/dags/lampung_flood_prediction_real_data.py
[2025-05-26T04:59:35.497+0000] {processor.py:914} INFO - Processing file /opt/airflow/dags/lampung_flood_prediction_real_data.py for tasks to queue
[2025-05-26T04:59:35.503+0000] {logging_mixin.py:190} INFO - [2025-05-26T04:59:35.503+0000] {dagbag.py:588} INFO - Filling up the DagBag from /opt/airflow/dags/lampung_flood_prediction_real_data.py
[2025-05-26T04:59:36.913+0000] {processor.py:925} INFO - DAG(s) 'lampung_flood_prediction_real_data' retrieved from /opt/airflow/dags/lampung_flood_prediction_real_data.py
[2025-05-26T04:59:37.063+0000] {logging_mixin.py:190} INFO - [2025-05-26T04:59:37.062+0000] {dag.py:3239} INFO - Sync 1 DAGs
[2025-05-26T04:59:37.222+0000] {logging_mixin.py:190} INFO - [2025-05-26T04:59:37.221+0000] {dag.py:4180} INFO - Setting next_dagrun for lampung_flood_prediction_real_data to 2025-05-26 03:00:00+00:00, run_after=2025-05-26 04:00:00+00:00
[2025-05-26T04:59:37.371+0000] {processor.py:208} INFO - Processing /opt/airflow/dags/lampung_flood_prediction_real_data.py took 1.889 seconds
[2025-05-26T05:00:07.526+0000] {processor.py:186} INFO - Started process (PID=479) to work on /opt/airflow/dags/lampung_flood_prediction_real_data.py
[2025-05-26T05:00:07.529+0000] {processor.py:914} INFO - Processing file /opt/airflow/dags/lampung_flood_prediction_real_data.py for tasks to queue
[2025-05-26T05:00:07.534+0000] {logging_mixin.py:190} INFO - [2025-05-26T05:00:07.533+0000] {dagbag.py:588} INFO - Filling up the DagBag from /opt/airflow/dags/lampung_flood_prediction_real_data.py
[2025-05-26T05:00:08.570+0000] {processor.py:925} INFO - DAG(s) 'lampung_flood_prediction_real_data' retrieved from /opt/airflow/dags/lampung_flood_prediction_real_data.py
[2025-05-26T05:00:08.692+0000] {logging_mixin.py:190} INFO - [2025-05-26T05:00:08.691+0000] {dag.py:3239} INFO - Sync 1 DAGs
[2025-05-26T05:00:08.762+0000] {logging_mixin.py:190} INFO - [2025-05-26T05:00:08.762+0000] {dag.py:4180} INFO - Setting next_dagrun for lampung_flood_prediction_real_data to 2025-05-26 04:00:00+00:00, run_after=2025-05-26 05:00:00+00:00
[2025-05-26T05:00:08.840+0000] {processor.py:208} INFO - Processing /opt/airflow/dags/lampung_flood_prediction_real_data.py took 1.328 seconds
[2025-05-26T05:00:39.485+0000] {processor.py:186} INFO - Started process (PID=491) to work on /opt/airflow/dags/lampung_flood_prediction_real_data.py
[2025-05-26T05:00:39.488+0000] {processor.py:914} INFO - Processing file /opt/airflow/dags/lampung_flood_prediction_real_data.py for tasks to queue
[2025-05-26T05:00:39.493+0000] {logging_mixin.py:190} INFO - [2025-05-26T05:00:39.492+0000] {dagbag.py:588} INFO - Filling up the DagBag from /opt/airflow/dags/lampung_flood_prediction_real_data.py
[2025-05-26T05:00:40.646+0000] {processor.py:925} INFO - DAG(s) 'lampung_flood_prediction_real_data' retrieved from /opt/airflow/dags/lampung_flood_prediction_real_data.py
[2025-05-26T05:00:40.712+0000] {logging_mixin.py:190} INFO - [2025-05-26T05:00:40.712+0000] {dag.py:3239} INFO - Sync 1 DAGs
[2025-05-26T05:00:40.815+0000] {logging_mixin.py:190} INFO - [2025-05-26T05:00:40.814+0000] {dag.py:4180} INFO - Setting next_dagrun for lampung_flood_prediction_real_data to 2025-05-26 04:00:00+00:00, run_after=2025-05-26 05:00:00+00:00
[2025-05-26T05:00:40.913+0000] {processor.py:208} INFO - Processing /opt/airflow/dags/lampung_flood_prediction_real_data.py took 1.440 seconds
[2025-05-26T05:01:11.569+0000] {processor.py:186} INFO - Started process (PID=503) to work on /opt/airflow/dags/lampung_flood_prediction_real_data.py
[2025-05-26T05:01:11.571+0000] {processor.py:914} INFO - Processing file /opt/airflow/dags/lampung_flood_prediction_real_data.py for tasks to queue
[2025-05-26T05:01:11.576+0000] {logging_mixin.py:190} INFO - [2025-05-26T05:01:11.575+0000] {dagbag.py:588} INFO - Filling up the DagBag from /opt/airflow/dags/lampung_flood_prediction_real_data.py
[2025-05-26T05:01:12.794+0000] {processor.py:925} INFO - DAG(s) 'lampung_flood_prediction_real_data' retrieved from /opt/airflow/dags/lampung_flood_prediction_real_data.py
[2025-05-26T05:01:12.961+0000] {logging_mixin.py:190} INFO - [2025-05-26T05:01:12.960+0000] {dag.py:3239} INFO - Sync 1 DAGs
[2025-05-26T05:01:13.008+0000] {logging_mixin.py:190} INFO - [2025-05-26T05:01:13.008+0000] {dag.py:4180} INFO - Setting next_dagrun for lampung_flood_prediction_real_data to 2025-05-26 04:00:00+00:00, run_after=2025-05-26 05:00:00+00:00
[2025-05-26T05:01:13.051+0000] {processor.py:208} INFO - Processing /opt/airflow/dags/lampung_flood_prediction_real_data.py took 1.495 seconds
[2025-05-26T05:01:43.808+0000] {processor.py:186} INFO - Started process (PID=516) to work on /opt/airflow/dags/lampung_flood_prediction_real_data.py
[2025-05-26T05:01:43.810+0000] {processor.py:914} INFO - Processing file /opt/airflow/dags/lampung_flood_prediction_real_data.py for tasks to queue
[2025-05-26T05:01:43.816+0000] {logging_mixin.py:190} INFO - [2025-05-26T05:01:43.815+0000] {dagbag.py:588} INFO - Filling up the DagBag from /opt/airflow/dags/lampung_flood_prediction_real_data.py
[2025-05-26T05:01:45.041+0000] {processor.py:925} INFO - DAG(s) 'lampung_flood_prediction_real_data' retrieved from /opt/airflow/dags/lampung_flood_prediction_real_data.py
[2025-05-26T05:01:45.109+0000] {logging_mixin.py:190} INFO - [2025-05-26T05:01:45.109+0000] {dag.py:3239} INFO - Sync 1 DAGs
[2025-05-26T05:01:45.162+0000] {logging_mixin.py:190} INFO - [2025-05-26T05:01:45.161+0000] {dag.py:4180} INFO - Setting next_dagrun for lampung_flood_prediction_real_data to 2025-05-26 04:00:00+00:00, run_after=2025-05-26 05:00:00+00:00
[2025-05-26T05:01:45.216+0000] {processor.py:208} INFO - Processing /opt/airflow/dags/lampung_flood_prediction_real_data.py took 1.425 seconds
[2025-05-26T05:02:15.743+0000] {processor.py:186} INFO - Started process (PID=528) to work on /opt/airflow/dags/lampung_flood_prediction_real_data.py
[2025-05-26T05:02:15.746+0000] {processor.py:914} INFO - Processing file /opt/airflow/dags/lampung_flood_prediction_real_data.py for tasks to queue
[2025-05-26T05:02:15.750+0000] {logging_mixin.py:190} INFO - [2025-05-26T05:02:15.750+0000] {dagbag.py:588} INFO - Filling up the DagBag from /opt/airflow/dags/lampung_flood_prediction_real_data.py
[2025-05-26T05:02:16.758+0000] {processor.py:925} INFO - DAG(s) 'lampung_flood_prediction_real_data' retrieved from /opt/airflow/dags/lampung_flood_prediction_real_data.py
[2025-05-26T05:02:16.819+0000] {logging_mixin.py:190} INFO - [2025-05-26T05:02:16.818+0000] {dag.py:3239} INFO - Sync 1 DAGs
[2025-05-26T05:02:16.876+0000] {logging_mixin.py:190} INFO - [2025-05-26T05:02:16.876+0000] {dag.py:4180} INFO - Setting next_dagrun for lampung_flood_prediction_real_data to 2025-05-26 04:00:00+00:00, run_after=2025-05-26 05:00:00+00:00
[2025-05-26T05:02:16.954+0000] {processor.py:208} INFO - Processing /opt/airflow/dags/lampung_flood_prediction_real_data.py took 1.223 seconds
[2025-05-26T05:02:48.055+0000] {processor.py:186} INFO - Started process (PID=540) to work on /opt/airflow/dags/lampung_flood_prediction_real_data.py
[2025-05-26T05:02:48.058+0000] {processor.py:914} INFO - Processing file /opt/airflow/dags/lampung_flood_prediction_real_data.py for tasks to queue
[2025-05-26T05:02:48.064+0000] {logging_mixin.py:190} INFO - [2025-05-26T05:02:48.063+0000] {dagbag.py:588} INFO - Filling up the DagBag from /opt/airflow/dags/lampung_flood_prediction_real_data.py
[2025-05-26T05:02:48.995+0000] {processor.py:925} INFO - DAG(s) 'lampung_flood_prediction_real_data' retrieved from /opt/airflow/dags/lampung_flood_prediction_real_data.py
[2025-05-26T05:02:49.053+0000] {logging_mixin.py:190} INFO - [2025-05-26T05:02:49.053+0000] {dag.py:3239} INFO - Sync 1 DAGs
[2025-05-26T05:02:49.104+0000] {logging_mixin.py:190} INFO - [2025-05-26T05:02:49.104+0000] {dag.py:4180} INFO - Setting next_dagrun for lampung_flood_prediction_real_data to 2025-05-26 04:00:00+00:00, run_after=2025-05-26 05:00:00+00:00
[2025-05-26T05:02:49.151+0000] {processor.py:208} INFO - Processing /opt/airflow/dags/lampung_flood_prediction_real_data.py took 1.109 seconds
[2025-05-26T05:03:20.289+0000] {processor.py:186} INFO - Started process (PID=552) to work on /opt/airflow/dags/lampung_flood_prediction_real_data.py
[2025-05-26T05:03:20.303+0000] {processor.py:914} INFO - Processing file /opt/airflow/dags/lampung_flood_prediction_real_data.py for tasks to queue
[2025-05-26T05:03:20.327+0000] {logging_mixin.py:190} INFO - [2025-05-26T05:03:20.321+0000] {dagbag.py:588} INFO - Filling up the DagBag from /opt/airflow/dags/lampung_flood_prediction_real_data.py
[2025-05-26T05:03:21.718+0000] {processor.py:925} INFO - DAG(s) 'lampung_flood_prediction_real_data' retrieved from /opt/airflow/dags/lampung_flood_prediction_real_data.py
[2025-05-26T05:03:21.779+0000] {logging_mixin.py:190} INFO - [2025-05-26T05:03:21.779+0000] {dag.py:3239} INFO - Sync 1 DAGs
[2025-05-26T05:03:21.823+0000] {logging_mixin.py:190} INFO - [2025-05-26T05:03:21.823+0000] {dag.py:4180} INFO - Setting next_dagrun for lampung_flood_prediction_real_data to 2025-05-26 04:00:00+00:00, run_after=2025-05-26 05:00:00+00:00
[2025-05-26T05:03:21.866+0000] {processor.py:208} INFO - Processing /opt/airflow/dags/lampung_flood_prediction_real_data.py took 1.632 seconds
[2025-05-26T05:03:52.931+0000] {processor.py:186} INFO - Started process (PID=564) to work on /opt/airflow/dags/lampung_flood_prediction_real_data.py
[2025-05-26T05:03:52.935+0000] {processor.py:914} INFO - Processing file /opt/airflow/dags/lampung_flood_prediction_real_data.py for tasks to queue
[2025-05-26T05:03:52.942+0000] {logging_mixin.py:190} INFO - [2025-05-26T05:03:52.941+0000] {dagbag.py:588} INFO - Filling up the DagBag from /opt/airflow/dags/lampung_flood_prediction_real_data.py
[2025-05-26T05:03:55.429+0000] {processor.py:925} INFO - DAG(s) 'lampung_flood_prediction_real_data' retrieved from /opt/airflow/dags/lampung_flood_prediction_real_data.py
[2025-05-26T05:03:55.709+0000] {logging_mixin.py:190} INFO - [2025-05-26T05:03:55.708+0000] {dag.py:3239} INFO - Sync 1 DAGs
[2025-05-26T05:03:55.821+0000] {logging_mixin.py:190} INFO - [2025-05-26T05:03:55.820+0000] {dag.py:4180} INFO - Setting next_dagrun for lampung_flood_prediction_real_data to 2025-05-26 04:00:00+00:00, run_after=2025-05-26 05:00:00+00:00
[2025-05-26T05:03:56.225+0000] {processor.py:208} INFO - Processing /opt/airflow/dags/lampung_flood_prediction_real_data.py took 3.312 seconds
[2025-05-26T05:04:27.215+0000] {processor.py:186} INFO - Started process (PID=576) to work on /opt/airflow/dags/lampung_flood_prediction_real_data.py
[2025-05-26T05:04:27.218+0000] {processor.py:914} INFO - Processing file /opt/airflow/dags/lampung_flood_prediction_real_data.py for tasks to queue
[2025-05-26T05:04:27.227+0000] {logging_mixin.py:190} INFO - [2025-05-26T05:04:27.226+0000] {dagbag.py:588} INFO - Filling up the DagBag from /opt/airflow/dags/lampung_flood_prediction_real_data.py
[2025-05-26T05:04:28.884+0000] {processor.py:925} INFO - DAG(s) 'lampung_flood_prediction_real_data' retrieved from /opt/airflow/dags/lampung_flood_prediction_real_data.py
[2025-05-26T05:04:28.952+0000] {logging_mixin.py:190} INFO - [2025-05-26T05:04:28.951+0000] {dag.py:3239} INFO - Sync 1 DAGs
[2025-05-26T05:04:29.015+0000] {logging_mixin.py:190} INFO - [2025-05-26T05:04:29.015+0000] {dag.py:4180} INFO - Setting next_dagrun for lampung_flood_prediction_real_data to 2025-05-26 04:00:00+00:00, run_after=2025-05-26 05:00:00+00:00
[2025-05-26T05:04:29.058+0000] {processor.py:208} INFO - Processing /opt/airflow/dags/lampung_flood_prediction_real_data.py took 2.047 seconds
[2025-05-26T05:04:59.591+0000] {processor.py:186} INFO - Started process (PID=589) to work on /opt/airflow/dags/lampung_flood_prediction_real_data.py
[2025-05-26T05:04:59.593+0000] {processor.py:914} INFO - Processing file /opt/airflow/dags/lampung_flood_prediction_real_data.py for tasks to queue
[2025-05-26T05:04:59.598+0000] {logging_mixin.py:190} INFO - [2025-05-26T05:04:59.597+0000] {dagbag.py:588} INFO - Filling up the DagBag from /opt/airflow/dags/lampung_flood_prediction_real_data.py
[2025-05-26T05:05:00.649+0000] {processor.py:925} INFO - DAG(s) 'lampung_flood_prediction_real_data' retrieved from /opt/airflow/dags/lampung_flood_prediction_real_data.py
[2025-05-26T05:05:00.709+0000] {logging_mixin.py:190} INFO - [2025-05-26T05:05:00.708+0000] {dag.py:3239} INFO - Sync 1 DAGs
[2025-05-26T05:05:00.759+0000] {logging_mixin.py:190} INFO - [2025-05-26T05:05:00.758+0000] {dag.py:4180} INFO - Setting next_dagrun for lampung_flood_prediction_real_data to 2025-05-26 04:00:00+00:00, run_after=2025-05-26 05:00:00+00:00
[2025-05-26T05:05:00.806+0000] {processor.py:208} INFO - Processing /opt/airflow/dags/lampung_flood_prediction_real_data.py took 1.229 seconds
[2025-05-26T05:05:31.315+0000] {processor.py:186} INFO - Started process (PID=601) to work on /opt/airflow/dags/lampung_flood_prediction_real_data.py
[2025-05-26T05:05:31.317+0000] {processor.py:914} INFO - Processing file /opt/airflow/dags/lampung_flood_prediction_real_data.py for tasks to queue
[2025-05-26T05:05:31.323+0000] {logging_mixin.py:190} INFO - [2025-05-26T05:05:31.322+0000] {dagbag.py:588} INFO - Filling up the DagBag from /opt/airflow/dags/lampung_flood_prediction_real_data.py
[2025-05-26T05:05:32.749+0000] {processor.py:925} INFO - DAG(s) 'lampung_flood_prediction_real_data' retrieved from /opt/airflow/dags/lampung_flood_prediction_real_data.py
[2025-05-26T05:05:32.829+0000] {logging_mixin.py:190} INFO - [2025-05-26T05:05:32.829+0000] {dag.py:3239} INFO - Sync 1 DAGs
[2025-05-26T05:05:32.881+0000] {logging_mixin.py:190} INFO - [2025-05-26T05:05:32.880+0000] {dag.py:4180} INFO - Setting next_dagrun for lampung_flood_prediction_real_data to 2025-05-26 04:00:00+00:00, run_after=2025-05-26 05:00:00+00:00
[2025-05-26T05:05:32.928+0000] {processor.py:208} INFO - Processing /opt/airflow/dags/lampung_flood_prediction_real_data.py took 1.625 seconds
[2025-05-26T05:06:03.762+0000] {processor.py:186} INFO - Started process (PID=619) to work on /opt/airflow/dags/lampung_flood_prediction_real_data.py
[2025-05-26T05:06:03.764+0000] {processor.py:914} INFO - Processing file /opt/airflow/dags/lampung_flood_prediction_real_data.py for tasks to queue
[2025-05-26T05:06:03.770+0000] {logging_mixin.py:190} INFO - [2025-05-26T05:06:03.769+0000] {dagbag.py:588} INFO - Filling up the DagBag from /opt/airflow/dags/lampung_flood_prediction_real_data.py
[2025-05-26T05:06:04.839+0000] {processor.py:925} INFO - DAG(s) 'lampung_flood_prediction_real_data' retrieved from /opt/airflow/dags/lampung_flood_prediction_real_data.py
[2025-05-26T05:06:04.918+0000] {logging_mixin.py:190} INFO - [2025-05-26T05:06:04.918+0000] {dag.py:3239} INFO - Sync 1 DAGs
[2025-05-26T05:06:04.972+0000] {logging_mixin.py:190} INFO - [2025-05-26T05:06:04.972+0000] {dag.py:4180} INFO - Setting next_dagrun for lampung_flood_prediction_real_data to 2025-05-26 04:00:00+00:00, run_after=2025-05-26 05:00:00+00:00
[2025-05-26T05:06:05.023+0000] {processor.py:208} INFO - Processing /opt/airflow/dags/lampung_flood_prediction_real_data.py took 1.276 seconds
[2025-05-26T05:06:35.628+0000] {processor.py:186} INFO - Started process (PID=631) to work on /opt/airflow/dags/lampung_flood_prediction_real_data.py
[2025-05-26T05:06:35.631+0000] {processor.py:914} INFO - Processing file /opt/airflow/dags/lampung_flood_prediction_real_data.py for tasks to queue
[2025-05-26T05:06:35.638+0000] {logging_mixin.py:190} INFO - [2025-05-26T05:06:35.637+0000] {dagbag.py:588} INFO - Filling up the DagBag from /opt/airflow/dags/lampung_flood_prediction_real_data.py
[2025-05-26T05:06:37.032+0000] {processor.py:925} INFO - DAG(s) 'lampung_flood_prediction_real_data' retrieved from /opt/airflow/dags/lampung_flood_prediction_real_data.py
[2025-05-26T05:06:37.114+0000] {logging_mixin.py:190} INFO - [2025-05-26T05:06:37.113+0000] {dag.py:3239} INFO - Sync 1 DAGs
[2025-05-26T05:06:37.173+0000] {logging_mixin.py:190} INFO - [2025-05-26T05:06:37.172+0000] {dag.py:4180} INFO - Setting next_dagrun for lampung_flood_prediction_real_data to 2025-05-26 04:00:00+00:00, run_after=2025-05-26 05:00:00+00:00
[2025-05-26T05:06:37.218+0000] {processor.py:208} INFO - Processing /opt/airflow/dags/lampung_flood_prediction_real_data.py took 1.608 seconds
[2025-05-26T05:07:07.938+0000] {processor.py:186} INFO - Started process (PID=642) to work on /opt/airflow/dags/lampung_flood_prediction_real_data.py
[2025-05-26T05:07:07.947+0000] {processor.py:914} INFO - Processing file /opt/airflow/dags/lampung_flood_prediction_real_data.py for tasks to queue
[2025-05-26T05:07:07.962+0000] {logging_mixin.py:190} INFO - [2025-05-26T05:07:07.958+0000] {dagbag.py:588} INFO - Filling up the DagBag from /opt/airflow/dags/lampung_flood_prediction_real_data.py
[2025-05-26T05:07:09.355+0000] {processor.py:925} INFO - DAG(s) 'lampung_flood_prediction_real_data' retrieved from /opt/airflow/dags/lampung_flood_prediction_real_data.py
[2025-05-26T05:07:09.507+0000] {logging_mixin.py:190} INFO - [2025-05-26T05:07:09.506+0000] {dag.py:3239} INFO - Sync 1 DAGs
[2025-05-26T05:07:09.607+0000] {logging_mixin.py:190} INFO - [2025-05-26T05:07:09.607+0000] {dag.py:4180} INFO - Setting next_dagrun for lampung_flood_prediction_real_data to 2025-05-26 04:00:00+00:00, run_after=2025-05-26 05:00:00+00:00
[2025-05-26T05:07:09.662+0000] {processor.py:208} INFO - Processing /opt/airflow/dags/lampung_flood_prediction_real_data.py took 1.736 seconds
[2025-05-26T05:07:39.902+0000] {processor.py:186} INFO - Started process (PID=654) to work on /opt/airflow/dags/lampung_flood_prediction_real_data.py
[2025-05-26T05:07:39.904+0000] {processor.py:914} INFO - Processing file /opt/airflow/dags/lampung_flood_prediction_real_data.py for tasks to queue
[2025-05-26T05:07:39.910+0000] {logging_mixin.py:190} INFO - [2025-05-26T05:07:39.909+0000] {dagbag.py:588} INFO - Filling up the DagBag from /opt/airflow/dags/lampung_flood_prediction_real_data.py
[2025-05-26T05:07:41.208+0000] {processor.py:925} INFO - DAG(s) 'lampung_flood_prediction_real_data' retrieved from /opt/airflow/dags/lampung_flood_prediction_real_data.py
[2025-05-26T05:07:41.270+0000] {logging_mixin.py:190} INFO - [2025-05-26T05:07:41.270+0000] {dag.py:3239} INFO - Sync 1 DAGs
[2025-05-26T05:07:41.316+0000] {logging_mixin.py:190} INFO - [2025-05-26T05:07:41.316+0000] {dag.py:4180} INFO - Setting next_dagrun for lampung_flood_prediction_real_data to 2025-05-26 04:00:00+00:00, run_after=2025-05-26 05:00:00+00:00
[2025-05-26T05:07:41.358+0000] {processor.py:208} INFO - Processing /opt/airflow/dags/lampung_flood_prediction_real_data.py took 1.471 seconds
[2025-05-26T05:08:11.546+0000] {processor.py:186} INFO - Started process (PID=666) to work on /opt/airflow/dags/lampung_flood_prediction_real_data.py
[2025-05-26T05:08:11.548+0000] {processor.py:914} INFO - Processing file /opt/airflow/dags/lampung_flood_prediction_real_data.py for tasks to queue
[2025-05-26T05:08:11.555+0000] {logging_mixin.py:190} INFO - [2025-05-26T05:08:11.553+0000] {dagbag.py:588} INFO - Filling up the DagBag from /opt/airflow/dags/lampung_flood_prediction_real_data.py
[2025-05-26T05:08:12.504+0000] {processor.py:925} INFO - DAG(s) 'lampung_flood_prediction_real_data' retrieved from /opt/airflow/dags/lampung_flood_prediction_real_data.py
[2025-05-26T05:08:12.567+0000] {logging_mixin.py:190} INFO - [2025-05-26T05:08:12.566+0000] {dag.py:3239} INFO - Sync 1 DAGs
[2025-05-26T05:08:12.612+0000] {logging_mixin.py:190} INFO - [2025-05-26T05:08:12.611+0000] {dag.py:4180} INFO - Setting next_dagrun for lampung_flood_prediction_real_data to 2025-05-26 04:00:00+00:00, run_after=2025-05-26 05:00:00+00:00
[2025-05-26T05:08:12.765+0000] {processor.py:208} INFO - Processing /opt/airflow/dags/lampung_flood_prediction_real_data.py took 1.232 seconds
[2025-05-26T05:08:43.284+0000] {processor.py:186} INFO - Started process (PID=678) to work on /opt/airflow/dags/lampung_flood_prediction_real_data.py
[2025-05-26T05:08:43.287+0000] {processor.py:914} INFO - Processing file /opt/airflow/dags/lampung_flood_prediction_real_data.py for tasks to queue
[2025-05-26T05:08:43.293+0000] {logging_mixin.py:190} INFO - [2025-05-26T05:08:43.293+0000] {dagbag.py:588} INFO - Filling up the DagBag from /opt/airflow/dags/lampung_flood_prediction_real_data.py
[2025-05-26T05:08:44.385+0000] {processor.py:925} INFO - DAG(s) 'lampung_flood_prediction_real_data' retrieved from /opt/airflow/dags/lampung_flood_prediction_real_data.py
[2025-05-26T05:08:44.445+0000] {logging_mixin.py:190} INFO - [2025-05-26T05:08:44.444+0000] {dag.py:3239} INFO - Sync 1 DAGs
[2025-05-26T05:08:44.491+0000] {logging_mixin.py:190} INFO - [2025-05-26T05:08:44.490+0000] {dag.py:4180} INFO - Setting next_dagrun for lampung_flood_prediction_real_data to 2025-05-26 04:00:00+00:00, run_after=2025-05-26 05:00:00+00:00
[2025-05-26T05:08:44.533+0000] {processor.py:208} INFO - Processing /opt/airflow/dags/lampung_flood_prediction_real_data.py took 1.271 seconds
[2025-05-26T05:09:14.834+0000] {processor.py:186} INFO - Started process (PID=690) to work on /opt/airflow/dags/lampung_flood_prediction_real_data.py
[2025-05-26T05:09:14.836+0000] {processor.py:914} INFO - Processing file /opt/airflow/dags/lampung_flood_prediction_real_data.py for tasks to queue
[2025-05-26T05:09:14.841+0000] {logging_mixin.py:190} INFO - [2025-05-26T05:09:14.840+0000] {dagbag.py:588} INFO - Filling up the DagBag from /opt/airflow/dags/lampung_flood_prediction_real_data.py
[2025-05-26T05:09:15.766+0000] {processor.py:925} INFO - DAG(s) 'lampung_flood_prediction_real_data' retrieved from /opt/airflow/dags/lampung_flood_prediction_real_data.py
[2025-05-26T05:09:15.843+0000] {logging_mixin.py:190} INFO - [2025-05-26T05:09:15.843+0000] {dag.py:3239} INFO - Sync 1 DAGs
[2025-05-26T05:09:15.895+0000] {logging_mixin.py:190} INFO - [2025-05-26T05:09:15.895+0000] {dag.py:4180} INFO - Setting next_dagrun for lampung_flood_prediction_real_data to 2025-05-26 04:00:00+00:00, run_after=2025-05-26 05:00:00+00:00
[2025-05-26T05:09:15.944+0000] {processor.py:208} INFO - Processing /opt/airflow/dags/lampung_flood_prediction_real_data.py took 1.122 seconds
[2025-05-26T05:09:46.615+0000] {processor.py:186} INFO - Started process (PID=702) to work on /opt/airflow/dags/lampung_flood_prediction_real_data.py
[2025-05-26T05:09:46.617+0000] {processor.py:914} INFO - Processing file /opt/airflow/dags/lampung_flood_prediction_real_data.py for tasks to queue
[2025-05-26T05:09:46.622+0000] {logging_mixin.py:190} INFO - [2025-05-26T05:09:46.621+0000] {dagbag.py:588} INFO - Filling up the DagBag from /opt/airflow/dags/lampung_flood_prediction_real_data.py
[2025-05-26T05:09:47.565+0000] {processor.py:925} INFO - DAG(s) 'lampung_flood_prediction_real_data' retrieved from /opt/airflow/dags/lampung_flood_prediction_real_data.py
[2025-05-26T05:09:47.620+0000] {logging_mixin.py:190} INFO - [2025-05-26T05:09:47.619+0000] {dag.py:3239} INFO - Sync 1 DAGs
[2025-05-26T05:09:47.661+0000] {logging_mixin.py:190} INFO - [2025-05-26T05:09:47.661+0000] {dag.py:4180} INFO - Setting next_dagrun for lampung_flood_prediction_real_data to 2025-05-26 04:00:00+00:00, run_after=2025-05-26 05:00:00+00:00
[2025-05-26T05:09:47.702+0000] {processor.py:208} INFO - Processing /opt/airflow/dags/lampung_flood_prediction_real_data.py took 1.098 seconds
[2025-05-26T05:10:18.435+0000] {processor.py:186} INFO - Started process (PID=715) to work on /opt/airflow/dags/lampung_flood_prediction_real_data.py
[2025-05-26T05:10:18.437+0000] {processor.py:914} INFO - Processing file /opt/airflow/dags/lampung_flood_prediction_real_data.py for tasks to queue
[2025-05-26T05:10:18.443+0000] {logging_mixin.py:190} INFO - [2025-05-26T05:10:18.442+0000] {dagbag.py:588} INFO - Filling up the DagBag from /opt/airflow/dags/lampung_flood_prediction_real_data.py
[2025-05-26T05:10:19.663+0000] {processor.py:925} INFO - DAG(s) 'lampung_flood_prediction_real_data' retrieved from /opt/airflow/dags/lampung_flood_prediction_real_data.py
[2025-05-26T05:10:19.756+0000] {logging_mixin.py:190} INFO - [2025-05-26T05:10:19.755+0000] {dag.py:3239} INFO - Sync 1 DAGs
[2025-05-26T05:10:19.814+0000] {logging_mixin.py:190} INFO - [2025-05-26T05:10:19.813+0000] {dag.py:4180} INFO - Setting next_dagrun for lampung_flood_prediction_real_data to 2025-05-26 04:00:00+00:00, run_after=2025-05-26 05:00:00+00:00
[2025-05-26T05:10:20.100+0000] {processor.py:208} INFO - Processing /opt/airflow/dags/lampung_flood_prediction_real_data.py took 1.678 seconds
[2025-05-26T05:10:50.913+0000] {processor.py:186} INFO - Started process (PID=727) to work on /opt/airflow/dags/lampung_flood_prediction_real_data.py
[2025-05-26T05:10:50.923+0000] {processor.py:914} INFO - Processing file /opt/airflow/dags/lampung_flood_prediction_real_data.py for tasks to queue
[2025-05-26T05:10:50.932+0000] {logging_mixin.py:190} INFO - [2025-05-26T05:10:50.931+0000] {dagbag.py:588} INFO - Filling up the DagBag from /opt/airflow/dags/lampung_flood_prediction_real_data.py
[2025-05-26T05:10:52.228+0000] {processor.py:925} INFO - DAG(s) 'lampung_flood_prediction_real_data' retrieved from /opt/airflow/dags/lampung_flood_prediction_real_data.py
[2025-05-26T05:10:52.297+0000] {logging_mixin.py:190} INFO - [2025-05-26T05:10:52.296+0000] {dag.py:3239} INFO - Sync 1 DAGs
[2025-05-26T05:10:52.355+0000] {logging_mixin.py:190} INFO - [2025-05-26T05:10:52.354+0000] {dag.py:4180} INFO - Setting next_dagrun for lampung_flood_prediction_real_data to 2025-05-26 04:00:00+00:00, run_after=2025-05-26 05:00:00+00:00
[2025-05-26T05:10:52.407+0000] {processor.py:208} INFO - Processing /opt/airflow/dags/lampung_flood_prediction_real_data.py took 1.513 seconds
[2025-05-26T05:11:22.992+0000] {processor.py:186} INFO - Started process (PID=738) to work on /opt/airflow/dags/lampung_flood_prediction_real_data.py
[2025-05-26T05:11:22.994+0000] {processor.py:914} INFO - Processing file /opt/airflow/dags/lampung_flood_prediction_real_data.py for tasks to queue
[2025-05-26T05:11:22.999+0000] {logging_mixin.py:190} INFO - [2025-05-26T05:11:22.999+0000] {dagbag.py:588} INFO - Filling up the DagBag from /opt/airflow/dags/lampung_flood_prediction_real_data.py
[2025-05-26T05:11:23.946+0000] {processor.py:925} INFO - DAG(s) 'lampung_flood_prediction_real_data' retrieved from /opt/airflow/dags/lampung_flood_prediction_real_data.py
[2025-05-26T05:11:24.027+0000] {logging_mixin.py:190} INFO - [2025-05-26T05:11:24.027+0000] {dag.py:3239} INFO - Sync 1 DAGs
[2025-05-26T05:11:24.075+0000] {logging_mixin.py:190} INFO - [2025-05-26T05:11:24.075+0000] {dag.py:4180} INFO - Setting next_dagrun for lampung_flood_prediction_real_data to 2025-05-26 04:00:00+00:00, run_after=2025-05-26 05:00:00+00:00
[2025-05-26T05:11:24.127+0000] {processor.py:208} INFO - Processing /opt/airflow/dags/lampung_flood_prediction_real_data.py took 1.146 seconds
[2025-05-26T05:11:54.736+0000] {processor.py:186} INFO - Started process (PID=751) to work on /opt/airflow/dags/lampung_flood_prediction_real_data.py
[2025-05-26T05:11:54.738+0000] {processor.py:914} INFO - Processing file /opt/airflow/dags/lampung_flood_prediction_real_data.py for tasks to queue
[2025-05-26T05:11:54.743+0000] {logging_mixin.py:190} INFO - [2025-05-26T05:11:54.743+0000] {dagbag.py:588} INFO - Filling up the DagBag from /opt/airflow/dags/lampung_flood_prediction_real_data.py
[2025-05-26T05:11:55.328+0000] {processor.py:925} INFO - DAG(s) 'lampung_flood_prediction_real_data' retrieved from /opt/airflow/dags/lampung_flood_prediction_real_data.py
[2025-05-26T05:11:55.410+0000] {logging_mixin.py:190} INFO - [2025-05-26T05:11:55.410+0000] {dag.py:3239} INFO - Sync 1 DAGs
[2025-05-26T05:11:55.470+0000] {logging_mixin.py:190} INFO - [2025-05-26T05:11:55.470+0000] {dag.py:4180} INFO - Setting next_dagrun for lampung_flood_prediction_real_data to 2025-05-26 04:00:00+00:00, run_after=2025-05-26 05:00:00+00:00
[2025-05-26T05:11:55.517+0000] {processor.py:208} INFO - Processing /opt/airflow/dags/lampung_flood_prediction_real_data.py took 0.941 seconds
[2025-05-26T05:12:26.292+0000] {processor.py:186} INFO - Started process (PID=763) to work on /opt/airflow/dags/lampung_flood_prediction_real_data.py
[2025-05-26T05:12:26.295+0000] {processor.py:914} INFO - Processing file /opt/airflow/dags/lampung_flood_prediction_real_data.py for tasks to queue
[2025-05-26T05:12:26.300+0000] {logging_mixin.py:190} INFO - [2025-05-26T05:12:26.299+0000] {dagbag.py:588} INFO - Filling up the DagBag from /opt/airflow/dags/lampung_flood_prediction_real_data.py
[2025-05-26T05:12:26.984+0000] {processor.py:925} INFO - DAG(s) 'lampung_flood_prediction_real_data' retrieved from /opt/airflow/dags/lampung_flood_prediction_real_data.py
[2025-05-26T05:12:27.065+0000] {logging_mixin.py:190} INFO - [2025-05-26T05:12:27.064+0000] {dag.py:3239} INFO - Sync 1 DAGs
[2025-05-26T05:12:27.130+0000] {logging_mixin.py:190} INFO - [2025-05-26T05:12:27.129+0000] {dag.py:4180} INFO - Setting next_dagrun for lampung_flood_prediction_real_data to 2025-05-26 04:00:00+00:00, run_after=2025-05-26 05:00:00+00:00
[2025-05-26T05:12:27.174+0000] {processor.py:208} INFO - Processing /opt/airflow/dags/lampung_flood_prediction_real_data.py took 0.896 seconds
[2025-05-26T05:12:58.192+0000] {processor.py:186} INFO - Started process (PID=775) to work on /opt/airflow/dags/lampung_flood_prediction_real_data.py
[2025-05-26T05:12:58.195+0000] {processor.py:914} INFO - Processing file /opt/airflow/dags/lampung_flood_prediction_real_data.py for tasks to queue
[2025-05-26T05:12:58.210+0000] {logging_mixin.py:190} INFO - [2025-05-26T05:12:58.209+0000] {dagbag.py:588} INFO - Filling up the DagBag from /opt/airflow/dags/lampung_flood_prediction_real_data.py
[2025-05-26T05:12:58.985+0000] {processor.py:925} INFO - DAG(s) 'lampung_flood_prediction_real_data' retrieved from /opt/airflow/dags/lampung_flood_prediction_real_data.py
[2025-05-26T05:12:59.052+0000] {logging_mixin.py:190} INFO - [2025-05-26T05:12:59.052+0000] {dag.py:3239} INFO - Sync 1 DAGs
[2025-05-26T05:12:59.098+0000] {logging_mixin.py:190} INFO - [2025-05-26T05:12:59.098+0000] {dag.py:4180} INFO - Setting next_dagrun for lampung_flood_prediction_real_data to 2025-05-26 04:00:00+00:00, run_after=2025-05-26 05:00:00+00:00
[2025-05-26T05:12:59.138+0000] {processor.py:208} INFO - Processing /opt/airflow/dags/lampung_flood_prediction_real_data.py took 0.960 seconds
[2025-05-26T05:13:29.763+0000] {processor.py:186} INFO - Started process (PID=788) to work on /opt/airflow/dags/lampung_flood_prediction_real_data.py
[2025-05-26T05:13:29.765+0000] {processor.py:914} INFO - Processing file /opt/airflow/dags/lampung_flood_prediction_real_data.py for tasks to queue
[2025-05-26T05:13:29.772+0000] {logging_mixin.py:190} INFO - [2025-05-26T05:13:29.770+0000] {dagbag.py:588} INFO - Filling up the DagBag from /opt/airflow/dags/lampung_flood_prediction_real_data.py
[2025-05-26T05:13:30.872+0000] {processor.py:925} INFO - DAG(s) 'lampung_flood_prediction_real_data' retrieved from /opt/airflow/dags/lampung_flood_prediction_real_data.py
[2025-05-26T05:13:31.086+0000] {logging_mixin.py:190} INFO - [2025-05-26T05:13:31.086+0000] {dag.py:3239} INFO - Sync 1 DAGs
[2025-05-26T05:13:31.168+0000] {logging_mixin.py:190} INFO - [2025-05-26T05:13:31.167+0000] {dag.py:4180} INFO - Setting next_dagrun for lampung_flood_prediction_real_data to 2025-05-26 04:00:00+00:00, run_after=2025-05-26 05:00:00+00:00
[2025-05-26T05:13:31.221+0000] {processor.py:208} INFO - Processing /opt/airflow/dags/lampung_flood_prediction_real_data.py took 1.471 seconds
[2025-05-26T05:14:01.798+0000] {processor.py:186} INFO - Started process (PID=801) to work on /opt/airflow/dags/lampung_flood_prediction_real_data.py
[2025-05-26T05:14:01.800+0000] {processor.py:914} INFO - Processing file /opt/airflow/dags/lampung_flood_prediction_real_data.py for tasks to queue
[2025-05-26T05:14:01.805+0000] {logging_mixin.py:190} INFO - [2025-05-26T05:14:01.804+0000] {dagbag.py:588} INFO - Filling up the DagBag from /opt/airflow/dags/lampung_flood_prediction_real_data.py
[2025-05-26T05:14:02.525+0000] {processor.py:925} INFO - DAG(s) 'lampung_flood_prediction_real_data' retrieved from /opt/airflow/dags/lampung_flood_prediction_real_data.py
[2025-05-26T05:14:02.681+0000] {logging_mixin.py:190} INFO - [2025-05-26T05:14:02.680+0000] {dag.py:3239} INFO - Sync 1 DAGs
[2025-05-26T05:14:02.848+0000] {logging_mixin.py:190} INFO - [2025-05-26T05:14:02.847+0000] {dag.py:4180} INFO - Setting next_dagrun for lampung_flood_prediction_real_data to 2025-05-26 04:00:00+00:00, run_after=2025-05-26 05:00:00+00:00
[2025-05-26T05:14:02.988+0000] {processor.py:208} INFO - Processing /opt/airflow/dags/lampung_flood_prediction_real_data.py took 1.203 seconds
[2025-05-26T05:14:33.457+0000] {processor.py:186} INFO - Started process (PID=819) to work on /opt/airflow/dags/lampung_flood_prediction_real_data.py
[2025-05-26T05:14:33.461+0000] {processor.py:914} INFO - Processing file /opt/airflow/dags/lampung_flood_prediction_real_data.py for tasks to queue
[2025-05-26T05:14:33.467+0000] {logging_mixin.py:190} INFO - [2025-05-26T05:14:33.466+0000] {dagbag.py:588} INFO - Filling up the DagBag from /opt/airflow/dags/lampung_flood_prediction_real_data.py
[2025-05-26T05:14:34.240+0000] {processor.py:925} INFO - DAG(s) 'lampung_flood_prediction_real_data' retrieved from /opt/airflow/dags/lampung_flood_prediction_real_data.py
[2025-05-26T05:14:34.309+0000] {logging_mixin.py:190} INFO - [2025-05-26T05:14:34.308+0000] {dag.py:3239} INFO - Sync 1 DAGs
[2025-05-26T05:14:34.357+0000] {logging_mixin.py:190} INFO - [2025-05-26T05:14:34.357+0000] {dag.py:4180} INFO - Setting next_dagrun for lampung_flood_prediction_real_data to 2025-05-26 04:00:00+00:00, run_after=2025-05-26 05:00:00+00:00
[2025-05-26T05:14:34.409+0000] {processor.py:208} INFO - Processing /opt/airflow/dags/lampung_flood_prediction_real_data.py took 0.966 seconds
[2025-05-26T05:15:04.565+0000] {processor.py:186} INFO - Started process (PID=830) to work on /opt/airflow/dags/lampung_flood_prediction_real_data.py
[2025-05-26T05:15:04.566+0000] {processor.py:914} INFO - Processing file /opt/airflow/dags/lampung_flood_prediction_real_data.py for tasks to queue
[2025-05-26T05:15:04.571+0000] {logging_mixin.py:190} INFO - [2025-05-26T05:15:04.570+0000] {dagbag.py:588} INFO - Filling up the DagBag from /opt/airflow/dags/lampung_flood_prediction_real_data.py
[2025-05-26T05:15:05.519+0000] {processor.py:925} INFO - DAG(s) 'lampung_flood_prediction_real_data' retrieved from /opt/airflow/dags/lampung_flood_prediction_real_data.py
[2025-05-26T05:15:05.578+0000] {logging_mixin.py:190} INFO - [2025-05-26T05:15:05.577+0000] {dag.py:3239} INFO - Sync 1 DAGs
[2025-05-26T05:15:05.624+0000] {logging_mixin.py:190} INFO - [2025-05-26T05:15:05.623+0000] {dag.py:4180} INFO - Setting next_dagrun for lampung_flood_prediction_real_data to 2025-05-26 04:00:00+00:00, run_after=2025-05-26 05:00:00+00:00
[2025-05-26T05:15:05.664+0000] {processor.py:208} INFO - Processing /opt/airflow/dags/lampung_flood_prediction_real_data.py took 1.111 seconds
[2025-05-26T05:15:36.171+0000] {processor.py:186} INFO - Started process (PID=842) to work on /opt/airflow/dags/lampung_flood_prediction_real_data.py
[2025-05-26T05:15:36.173+0000] {processor.py:914} INFO - Processing file /opt/airflow/dags/lampung_flood_prediction_real_data.py for tasks to queue
[2025-05-26T05:15:36.179+0000] {logging_mixin.py:190} INFO - [2025-05-26T05:15:36.178+0000] {dagbag.py:588} INFO - Filling up the DagBag from /opt/airflow/dags/lampung_flood_prediction_real_data.py
[2025-05-26T05:15:36.861+0000] {processor.py:925} INFO - DAG(s) 'lampung_flood_prediction_real_data' retrieved from /opt/airflow/dags/lampung_flood_prediction_real_data.py
[2025-05-26T05:15:36.921+0000] {logging_mixin.py:190} INFO - [2025-05-26T05:15:36.920+0000] {dag.py:3239} INFO - Sync 1 DAGs
[2025-05-26T05:15:36.968+0000] {logging_mixin.py:190} INFO - [2025-05-26T05:15:36.967+0000] {dag.py:4180} INFO - Setting next_dagrun for lampung_flood_prediction_real_data to 2025-05-26 04:00:00+00:00, run_after=2025-05-26 05:00:00+00:00
[2025-05-26T05:15:37.008+0000] {processor.py:208} INFO - Processing /opt/airflow/dags/lampung_flood_prediction_real_data.py took 0.849 seconds
[2025-05-26T05:16:07.847+0000] {processor.py:186} INFO - Started process (PID=854) to work on /opt/airflow/dags/lampung_flood_prediction_real_data.py
[2025-05-26T05:16:07.849+0000] {processor.py:914} INFO - Processing file /opt/airflow/dags/lampung_flood_prediction_real_data.py for tasks to queue
[2025-05-26T05:16:07.854+0000] {logging_mixin.py:190} INFO - [2025-05-26T05:16:07.853+0000] {dagbag.py:588} INFO - Filling up the DagBag from /opt/airflow/dags/lampung_flood_prediction_real_data.py
[2025-05-26T05:16:08.815+0000] {processor.py:925} INFO - DAG(s) 'lampung_flood_prediction_real_data' retrieved from /opt/airflow/dags/lampung_flood_prediction_real_data.py
[2025-05-26T05:16:08.882+0000] {logging_mixin.py:190} INFO - [2025-05-26T05:16:08.882+0000] {dag.py:3239} INFO - Sync 1 DAGs
[2025-05-26T05:16:08.938+0000] {logging_mixin.py:190} INFO - [2025-05-26T05:16:08.937+0000] {dag.py:4180} INFO - Setting next_dagrun for lampung_flood_prediction_real_data to 2025-05-26 04:00:00+00:00, run_after=2025-05-26 05:00:00+00:00
[2025-05-26T05:16:08.987+0000] {processor.py:208} INFO - Processing /opt/airflow/dags/lampung_flood_prediction_real_data.py took 1.151 seconds
[2025-05-26T05:16:39.640+0000] {processor.py:186} INFO - Started process (PID=866) to work on /opt/airflow/dags/lampung_flood_prediction_real_data.py
[2025-05-26T05:16:39.643+0000] {processor.py:914} INFO - Processing file /opt/airflow/dags/lampung_flood_prediction_real_data.py for tasks to queue
[2025-05-26T05:16:39.653+0000] {logging_mixin.py:190} INFO - [2025-05-26T05:16:39.651+0000] {dagbag.py:588} INFO - Filling up the DagBag from /opt/airflow/dags/lampung_flood_prediction_real_data.py
[2025-05-26T05:16:41.086+0000] {processor.py:925} INFO - DAG(s) 'lampung_flood_prediction_real_data' retrieved from /opt/airflow/dags/lampung_flood_prediction_real_data.py
[2025-05-26T05:16:41.206+0000] {logging_mixin.py:190} INFO - [2025-05-26T05:16:41.206+0000] {dag.py:3239} INFO - Sync 1 DAGs
[2025-05-26T05:16:41.281+0000] {logging_mixin.py:190} INFO - [2025-05-26T05:16:41.281+0000] {dag.py:4180} INFO - Setting next_dagrun for lampung_flood_prediction_real_data to 2025-05-26 04:00:00+00:00, run_after=2025-05-26 05:00:00+00:00
[2025-05-26T05:16:41.340+0000] {processor.py:208} INFO - Processing /opt/airflow/dags/lampung_flood_prediction_real_data.py took 1.719 seconds
[2025-05-26T05:17:11.973+0000] {processor.py:186} INFO - Started process (PID=878) to work on /opt/airflow/dags/lampung_flood_prediction_real_data.py
[2025-05-26T05:17:11.976+0000] {processor.py:914} INFO - Processing file /opt/airflow/dags/lampung_flood_prediction_real_data.py for tasks to queue
[2025-05-26T05:17:11.983+0000] {logging_mixin.py:190} INFO - [2025-05-26T05:17:11.982+0000] {dagbag.py:588} INFO - Filling up the DagBag from /opt/airflow/dags/lampung_flood_prediction_real_data.py
[2025-05-26T05:17:13.323+0000] {processor.py:925} INFO - DAG(s) 'lampung_flood_prediction_real_data' retrieved from /opt/airflow/dags/lampung_flood_prediction_real_data.py
[2025-05-26T05:17:13.396+0000] {logging_mixin.py:190} INFO - [2025-05-26T05:17:13.395+0000] {dag.py:3239} INFO - Sync 1 DAGs
[2025-05-26T05:17:13.451+0000] {logging_mixin.py:190} INFO - [2025-05-26T05:17:13.451+0000] {dag.py:4180} INFO - Setting next_dagrun for lampung_flood_prediction_real_data to 2025-05-26 04:00:00+00:00, run_after=2025-05-26 05:00:00+00:00
[2025-05-26T05:17:13.501+0000] {processor.py:208} INFO - Processing /opt/airflow/dags/lampung_flood_prediction_real_data.py took 1.540 seconds
[2025-05-26T05:17:43.983+0000] {processor.py:186} INFO - Started process (PID=891) to work on /opt/airflow/dags/lampung_flood_prediction_real_data.py
[2025-05-26T05:17:43.986+0000] {processor.py:914} INFO - Processing file /opt/airflow/dags/lampung_flood_prediction_real_data.py for tasks to queue
[2025-05-26T05:17:43.991+0000] {logging_mixin.py:190} INFO - [2025-05-26T05:17:43.990+0000] {dagbag.py:588} INFO - Filling up the DagBag from /opt/airflow/dags/lampung_flood_prediction_real_data.py
[2025-05-26T05:17:44.674+0000] {processor.py:925} INFO - DAG(s) 'lampung_flood_prediction_real_data' retrieved from /opt/airflow/dags/lampung_flood_prediction_real_data.py
[2025-05-26T05:17:44.736+0000] {logging_mixin.py:190} INFO - [2025-05-26T05:17:44.735+0000] {dag.py:3239} INFO - Sync 1 DAGs
[2025-05-26T05:17:44.785+0000] {logging_mixin.py:190} INFO - [2025-05-26T05:17:44.785+0000] {dag.py:4180} INFO - Setting next_dagrun for lampung_flood_prediction_real_data to 2025-05-26 04:00:00+00:00, run_after=2025-05-26 05:00:00+00:00
[2025-05-26T05:17:44.831+0000] {processor.py:208} INFO - Processing /opt/airflow/dags/lampung_flood_prediction_real_data.py took 0.859 seconds
[2025-05-26T05:18:15.528+0000] {processor.py:186} INFO - Started process (PID=902) to work on /opt/airflow/dags/lampung_flood_prediction_real_data.py
[2025-05-26T05:18:15.530+0000] {processor.py:914} INFO - Processing file /opt/airflow/dags/lampung_flood_prediction_real_data.py for tasks to queue
[2025-05-26T05:18:15.536+0000] {logging_mixin.py:190} INFO - [2025-05-26T05:18:15.535+0000] {dagbag.py:588} INFO - Filling up the DagBag from /opt/airflow/dags/lampung_flood_prediction_real_data.py
[2025-05-26T05:18:16.386+0000] {processor.py:925} INFO - DAG(s) 'lampung_flood_prediction_real_data' retrieved from /opt/airflow/dags/lampung_flood_prediction_real_data.py
[2025-05-26T05:18:16.467+0000] {logging_mixin.py:190} INFO - [2025-05-26T05:18:16.466+0000] {dag.py:3239} INFO - Sync 1 DAGs
[2025-05-26T05:18:16.522+0000] {logging_mixin.py:190} INFO - [2025-05-26T05:18:16.522+0000] {dag.py:4180} INFO - Setting next_dagrun for lampung_flood_prediction_real_data to 2025-05-26 04:00:00+00:00, run_after=2025-05-26 05:00:00+00:00
[2025-05-26T05:18:16.571+0000] {processor.py:208} INFO - Processing /opt/airflow/dags/lampung_flood_prediction_real_data.py took 1.057 seconds
[2025-05-26T05:18:47.291+0000] {processor.py:186} INFO - Started process (PID=913) to work on /opt/airflow/dags/lampung_flood_prediction_real_data.py
[2025-05-26T05:18:47.298+0000] {processor.py:914} INFO - Processing file /opt/airflow/dags/lampung_flood_prediction_real_data.py for tasks to queue
[2025-05-26T05:18:47.309+0000] {logging_mixin.py:190} INFO - [2025-05-26T05:18:47.308+0000] {dagbag.py:588} INFO - Filling up the DagBag from /opt/airflow/dags/lampung_flood_prediction_real_data.py
[2025-05-26T05:18:48.095+0000] {processor.py:925} INFO - DAG(s) 'lampung_flood_prediction_real_data' retrieved from /opt/airflow/dags/lampung_flood_prediction_real_data.py
[2025-05-26T05:18:48.180+0000] {logging_mixin.py:190} INFO - [2025-05-26T05:18:48.180+0000] {dag.py:3239} INFO - Sync 1 DAGs
[2025-05-26T05:18:48.247+0000] {logging_mixin.py:190} INFO - [2025-05-26T05:18:48.247+0000] {dag.py:4180} INFO - Setting next_dagrun for lampung_flood_prediction_real_data to 2025-05-26 04:00:00+00:00, run_after=2025-05-26 05:00:00+00:00
[2025-05-26T05:18:48.307+0000] {processor.py:208} INFO - Processing /opt/airflow/dags/lampung_flood_prediction_real_data.py took 1.047 seconds
[2025-05-26T05:19:19.003+0000] {processor.py:186} INFO - Started process (PID=925) to work on /opt/airflow/dags/lampung_flood_prediction_real_data.py
[2025-05-26T05:19:19.006+0000] {processor.py:914} INFO - Processing file /opt/airflow/dags/lampung_flood_prediction_real_data.py for tasks to queue
[2025-05-26T05:19:19.011+0000] {logging_mixin.py:190} INFO - [2025-05-26T05:19:19.010+0000] {dagbag.py:588} INFO - Filling up the DagBag from /opt/airflow/dags/lampung_flood_prediction_real_data.py
[2025-05-26T05:19:19.677+0000] {processor.py:925} INFO - DAG(s) 'lampung_flood_prediction_real_data' retrieved from /opt/airflow/dags/lampung_flood_prediction_real_data.py
[2025-05-26T05:19:19.738+0000] {logging_mixin.py:190} INFO - [2025-05-26T05:19:19.737+0000] {dag.py:3239} INFO - Sync 1 DAGs
[2025-05-26T05:19:19.791+0000] {logging_mixin.py:190} INFO - [2025-05-26T05:19:19.790+0000] {dag.py:4180} INFO - Setting next_dagrun for lampung_flood_prediction_real_data to 2025-05-26 04:00:00+00:00, run_after=2025-05-26 05:00:00+00:00
[2025-05-26T05:19:19.837+0000] {processor.py:208} INFO - Processing /opt/airflow/dags/lampung_flood_prediction_real_data.py took 0.845 seconds
[2025-05-26T05:19:50.599+0000] {processor.py:186} INFO - Started process (PID=938) to work on /opt/airflow/dags/lampung_flood_prediction_real_data.py
[2025-05-26T05:19:50.601+0000] {processor.py:914} INFO - Processing file /opt/airflow/dags/lampung_flood_prediction_real_data.py for tasks to queue
[2025-05-26T05:19:50.606+0000] {logging_mixin.py:190} INFO - [2025-05-26T05:19:50.605+0000] {dagbag.py:588} INFO - Filling up the DagBag from /opt/airflow/dags/lampung_flood_prediction_real_data.py
[2025-05-26T05:19:51.234+0000] {processor.py:925} INFO - DAG(s) 'lampung_flood_prediction_real_data' retrieved from /opt/airflow/dags/lampung_flood_prediction_real_data.py
[2025-05-26T05:19:51.311+0000] {logging_mixin.py:190} INFO - [2025-05-26T05:19:51.310+0000] {dag.py:3239} INFO - Sync 1 DAGs
[2025-05-26T05:19:51.372+0000] {logging_mixin.py:190} INFO - [2025-05-26T05:19:51.372+0000] {dag.py:4180} INFO - Setting next_dagrun for lampung_flood_prediction_real_data to 2025-05-26 04:00:00+00:00, run_after=2025-05-26 05:00:00+00:00
[2025-05-26T05:19:51.418+0000] {processor.py:208} INFO - Processing /opt/airflow/dags/lampung_flood_prediction_real_data.py took 0.830 seconds
[2025-05-26T05:20:21.886+0000] {processor.py:186} INFO - Started process (PID=950) to work on /opt/airflow/dags/lampung_flood_prediction_real_data.py
[2025-05-26T05:20:21.888+0000] {processor.py:914} INFO - Processing file /opt/airflow/dags/lampung_flood_prediction_real_data.py for tasks to queue
[2025-05-26T05:20:21.893+0000] {logging_mixin.py:190} INFO - [2025-05-26T05:20:21.892+0000] {dagbag.py:588} INFO - Filling up the DagBag from /opt/airflow/dags/lampung_flood_prediction_real_data.py
[2025-05-26T05:20:22.641+0000] {processor.py:925} INFO - DAG(s) 'lampung_flood_prediction_real_data' retrieved from /opt/airflow/dags/lampung_flood_prediction_real_data.py
[2025-05-26T05:20:22.735+0000] {logging_mixin.py:190} INFO - [2025-05-26T05:20:22.734+0000] {dag.py:3239} INFO - Sync 1 DAGs
[2025-05-26T05:20:22.801+0000] {logging_mixin.py:190} INFO - [2025-05-26T05:20:22.801+0000] {dag.py:4180} INFO - Setting next_dagrun for lampung_flood_prediction_real_data to 2025-05-26 04:00:00+00:00, run_after=2025-05-26 05:00:00+00:00
[2025-05-26T05:20:22.850+0000] {processor.py:208} INFO - Processing /opt/airflow/dags/lampung_flood_prediction_real_data.py took 1.084 seconds
[2025-05-26T05:20:53.416+0000] {processor.py:186} INFO - Started process (PID=961) to work on /opt/airflow/dags/lampung_flood_prediction_real_data.py
[2025-05-26T05:20:53.418+0000] {processor.py:914} INFO - Processing file /opt/airflow/dags/lampung_flood_prediction_real_data.py for tasks to queue
[2025-05-26T05:20:53.425+0000] {logging_mixin.py:190} INFO - [2025-05-26T05:20:53.424+0000] {dagbag.py:588} INFO - Filling up the DagBag from /opt/airflow/dags/lampung_flood_prediction_real_data.py
[2025-05-26T05:20:54.652+0000] {processor.py:925} INFO - DAG(s) 'lampung_flood_prediction_real_data' retrieved from /opt/airflow/dags/lampung_flood_prediction_real_data.py
[2025-05-26T05:20:54.802+0000] {logging_mixin.py:190} INFO - [2025-05-26T05:20:54.800+0000] {dag.py:3239} INFO - Sync 1 DAGs
[2025-05-26T05:20:54.886+0000] {logging_mixin.py:190} INFO - [2025-05-26T05:20:54.886+0000] {dag.py:4180} INFO - Setting next_dagrun for lampung_flood_prediction_real_data to 2025-05-26 04:00:00+00:00, run_after=2025-05-26 05:00:00+00:00
[2025-05-26T05:20:54.927+0000] {processor.py:208} INFO - Processing /opt/airflow/dags/lampung_flood_prediction_real_data.py took 1.526 seconds
[2025-05-26T05:21:25.339+0000] {processor.py:186} INFO - Started process (PID=974) to work on /opt/airflow/dags/lampung_flood_prediction_real_data.py
[2025-05-26T05:21:25.341+0000] {processor.py:914} INFO - Processing file /opt/airflow/dags/lampung_flood_prediction_real_data.py for tasks to queue
[2025-05-26T05:21:25.348+0000] {logging_mixin.py:190} INFO - [2025-05-26T05:21:25.347+0000] {dagbag.py:588} INFO - Filling up the DagBag from /opt/airflow/dags/lampung_flood_prediction_real_data.py
[2025-05-26T05:21:26.031+0000] {processor.py:925} INFO - DAG(s) 'lampung_flood_prediction_real_data' retrieved from /opt/airflow/dags/lampung_flood_prediction_real_data.py
[2025-05-26T05:21:26.094+0000] {logging_mixin.py:190} INFO - [2025-05-26T05:21:26.093+0000] {dag.py:3239} INFO - Sync 1 DAGs
[2025-05-26T05:21:24.596+0000] {logging_mixin.py:190} INFO - [2025-05-26T05:21:24.596+0000] {dag.py:4180} INFO - Setting next_dagrun for lampung_flood_prediction_real_data to 2025-05-26 04:00:00+00:00, run_after=2025-05-26 05:00:00+00:00
[2025-05-26T05:21:24.639+0000] {processor.py:208} INFO - Processing /opt/airflow/dags/lampung_flood_prediction_real_data.py took 1.415 seconds
[2025-05-26T05:21:55.038+0000] {processor.py:186} INFO - Started process (PID=985) to work on /opt/airflow/dags/lampung_flood_prediction_real_data.py
[2025-05-26T05:21:55.040+0000] {processor.py:914} INFO - Processing file /opt/airflow/dags/lampung_flood_prediction_real_data.py for tasks to queue
[2025-05-26T05:21:55.047+0000] {logging_mixin.py:190} INFO - [2025-05-26T05:21:55.045+0000] {dagbag.py:588} INFO - Filling up the DagBag from /opt/airflow/dags/lampung_flood_prediction_real_data.py
[2025-05-26T05:21:55.739+0000] {processor.py:925} INFO - DAG(s) 'lampung_flood_prediction_real_data' retrieved from /opt/airflow/dags/lampung_flood_prediction_real_data.py
[2025-05-26T05:21:55.809+0000] {logging_mixin.py:190} INFO - [2025-05-26T05:21:55.808+0000] {dag.py:3239} INFO - Sync 1 DAGs
[2025-05-26T05:21:55.858+0000] {logging_mixin.py:190} INFO - [2025-05-26T05:21:55.857+0000] {dag.py:4180} INFO - Setting next_dagrun for lampung_flood_prediction_real_data to 2025-05-26 04:00:00+00:00, run_after=2025-05-26 05:00:00+00:00
[2025-05-26T05:21:55.903+0000] {processor.py:208} INFO - Processing /opt/airflow/dags/lampung_flood_prediction_real_data.py took 0.878 seconds
[2025-05-26T05:22:26.085+0000] {processor.py:186} INFO - Started process (PID=998) to work on /opt/airflow/dags/lampung_flood_prediction_real_data.py
[2025-05-26T05:22:26.087+0000] {processor.py:914} INFO - Processing file /opt/airflow/dags/lampung_flood_prediction_real_data.py for tasks to queue
[2025-05-26T05:22:26.093+0000] {logging_mixin.py:190} INFO - [2025-05-26T05:22:26.092+0000] {dagbag.py:588} INFO - Filling up the DagBag from /opt/airflow/dags/lampung_flood_prediction_real_data.py
[2025-05-26T05:22:27.346+0000] {processor.py:925} INFO - DAG(s) 'lampung_flood_prediction_real_data' retrieved from /opt/airflow/dags/lampung_flood_prediction_real_data.py
[2025-05-26T05:22:27.407+0000] {logging_mixin.py:190} INFO - [2025-05-26T05:22:27.406+0000] {dag.py:3239} INFO - Sync 1 DAGs
[2025-05-26T05:22:27.453+0000] {logging_mixin.py:190} INFO - [2025-05-26T05:22:27.453+0000] {dag.py:4180} INFO - Setting next_dagrun for lampung_flood_prediction_real_data to 2025-05-26 04:00:00+00:00, run_after=2025-05-26 05:00:00+00:00
[2025-05-26T05:22:27.871+0000] {processor.py:208} INFO - Processing /opt/airflow/dags/lampung_flood_prediction_real_data.py took 1.800 seconds
[2025-05-26T05:22:58.761+0000] {processor.py:186} INFO - Started process (PID=1010) to work on /opt/airflow/dags/lampung_flood_prediction_real_data.py
[2025-05-26T05:22:58.766+0000] {processor.py:914} INFO - Processing file /opt/airflow/dags/lampung_flood_prediction_real_data.py for tasks to queue
[2025-05-26T05:22:58.801+0000] {logging_mixin.py:190} INFO - [2025-05-26T05:22:58.799+0000] {dagbag.py:588} INFO - Filling up the DagBag from /opt/airflow/dags/lampung_flood_prediction_real_data.py
[2025-05-26T05:23:00.157+0000] {processor.py:925} INFO - DAG(s) 'lampung_flood_prediction_real_data' retrieved from /opt/airflow/dags/lampung_flood_prediction_real_data.py
[2025-05-26T05:23:00.732+0000] {logging_mixin.py:190} INFO - [2025-05-26T05:23:00.732+0000] {dag.py:3239} INFO - Sync 1 DAGs
[2025-05-26T05:23:00.781+0000] {logging_mixin.py:190} INFO - [2025-05-26T05:23:00.781+0000] {dag.py:4180} INFO - Setting next_dagrun for lampung_flood_prediction_real_data to 2025-05-26 04:00:00+00:00, run_after=2025-05-26 05:00:00+00:00
[2025-05-26T05:23:00.824+0000] {processor.py:208} INFO - Processing /opt/airflow/dags/lampung_flood_prediction_real_data.py took 2.129 seconds
[2025-05-26T05:23:31.802+0000] {processor.py:186} INFO - Started process (PID=1024) to work on /opt/airflow/dags/lampung_flood_prediction_real_data.py
[2025-05-26T05:23:31.804+0000] {processor.py:914} INFO - Processing file /opt/airflow/dags/lampung_flood_prediction_real_data.py for tasks to queue
[2025-05-26T05:23:31.812+0000] {logging_mixin.py:190} INFO - [2025-05-26T05:23:31.811+0000] {dagbag.py:588} INFO - Filling up the DagBag from /opt/airflow/dags/lampung_flood_prediction_real_data.py
[2025-05-26T05:23:33.877+0000] {processor.py:925} INFO - DAG(s) 'lampung_flood_prediction_real_data' retrieved from /opt/airflow/dags/lampung_flood_prediction_real_data.py
[2025-05-26T05:23:33.993+0000] {logging_mixin.py:190} INFO - [2025-05-26T05:23:33.992+0000] {dag.py:3239} INFO - Sync 1 DAGs
[2025-05-26T05:23:34.065+0000] {logging_mixin.py:190} INFO - [2025-05-26T05:23:34.065+0000] {dag.py:4180} INFO - Setting next_dagrun for lampung_flood_prediction_real_data to 2025-05-26 04:00:00+00:00, run_after=2025-05-26 05:00:00+00:00
[2025-05-26T05:23:34.141+0000] {processor.py:208} INFO - Processing /opt/airflow/dags/lampung_flood_prediction_real_data.py took 2.358 seconds
[2025-05-26T05:24:04.865+0000] {processor.py:186} INFO - Started process (PID=1036) to work on /opt/airflow/dags/lampung_flood_prediction_real_data.py
[2025-05-26T05:24:04.869+0000] {processor.py:914} INFO - Processing file /opt/airflow/dags/lampung_flood_prediction_real_data.py for tasks to queue
[2025-05-26T05:24:04.901+0000] {logging_mixin.py:190} INFO - [2025-05-26T05:24:04.896+0000] {dagbag.py:588} INFO - Filling up the DagBag from /opt/airflow/dags/lampung_flood_prediction_real_data.py
[2025-05-26T05:24:05.928+0000] {processor.py:925} INFO - DAG(s) 'lampung_flood_prediction_real_data' retrieved from /opt/airflow/dags/lampung_flood_prediction_real_data.py
[2025-05-26T05:24:06.002+0000] {logging_mixin.py:190} INFO - [2025-05-26T05:24:06.001+0000] {dag.py:3239} INFO - Sync 1 DAGs
[2025-05-26T05:24:06.061+0000] {logging_mixin.py:190} INFO - [2025-05-26T05:24:06.061+0000] {dag.py:4180} INFO - Setting next_dagrun for lampung_flood_prediction_real_data to 2025-05-26 04:00:00+00:00, run_after=2025-05-26 05:00:00+00:00
[2025-05-26T05:24:06.107+0000] {processor.py:208} INFO - Processing /opt/airflow/dags/lampung_flood_prediction_real_data.py took 1.302 seconds
[2025-05-26T05:24:36.495+0000] {processor.py:186} INFO - Started process (PID=1054) to work on /opt/airflow/dags/lampung_flood_prediction_real_data.py
[2025-05-26T05:24:36.498+0000] {processor.py:914} INFO - Processing file /opt/airflow/dags/lampung_flood_prediction_real_data.py for tasks to queue
[2025-05-26T05:24:36.504+0000] {logging_mixin.py:190} INFO - [2025-05-26T05:24:36.503+0000] {dagbag.py:588} INFO - Filling up the DagBag from /opt/airflow/dags/lampung_flood_prediction_real_data.py
[2025-05-26T05:24:37.670+0000] {processor.py:925} INFO - DAG(s) 'lampung_flood_prediction_real_data' retrieved from /opt/airflow/dags/lampung_flood_prediction_real_data.py
[2025-05-26T05:24:37.728+0000] {logging_mixin.py:190} INFO - [2025-05-26T05:24:37.728+0000] {dag.py:3239} INFO - Sync 1 DAGs
[2025-05-26T05:24:37.769+0000] {logging_mixin.py:190} INFO - [2025-05-26T05:24:37.768+0000] {dag.py:4180} INFO - Setting next_dagrun for lampung_flood_prediction_real_data to 2025-05-26 04:00:00+00:00, run_after=2025-05-26 05:00:00+00:00
[2025-05-26T05:24:37.806+0000] {processor.py:208} INFO - Processing /opt/airflow/dags/lampung_flood_prediction_real_data.py took 1.325 seconds
[2025-05-26T05:25:08.047+0000] {processor.py:186} INFO - Started process (PID=1066) to work on /opt/airflow/dags/lampung_flood_prediction_real_data.py
[2025-05-26T05:25:08.050+0000] {processor.py:914} INFO - Processing file /opt/airflow/dags/lampung_flood_prediction_real_data.py for tasks to queue
[2025-05-26T05:25:08.055+0000] {logging_mixin.py:190} INFO - [2025-05-26T05:25:08.054+0000] {dagbag.py:588} INFO - Filling up the DagBag from /opt/airflow/dags/lampung_flood_prediction_real_data.py
[2025-05-26T05:25:09.192+0000] {processor.py:925} INFO - DAG(s) 'lampung_flood_prediction_real_data' retrieved from /opt/airflow/dags/lampung_flood_prediction_real_data.py
[2025-05-26T05:25:09.251+0000] {logging_mixin.py:190} INFO - [2025-05-26T05:25:09.250+0000] {dag.py:3239} INFO - Sync 1 DAGs
[2025-05-26T05:25:09.294+0000] {logging_mixin.py:190} INFO - [2025-05-26T05:25:09.293+0000] {dag.py:4180} INFO - Setting next_dagrun for lampung_flood_prediction_real_data to 2025-05-26 04:00:00+00:00, run_after=2025-05-26 05:00:00+00:00
[2025-05-26T05:25:09.347+0000] {processor.py:208} INFO - Processing /opt/airflow/dags/lampung_flood_prediction_real_data.py took 1.311 seconds
