[2025-05-26T04:43:02.060+0000] {processor.py:186} INFO - Started process (PID=71) to work on /opt/airflow/dags/lampung_flood_prediction_dag.py
[2025-05-26T04:43:02.062+0000] {processor.py:914} INFO - Processing file /opt/airflow/dags/lampung_flood_prediction_dag.py for tasks to queue
[2025-05-26T04:43:02.067+0000] {logging_mixin.py:190} INFO - [2025-05-26T04:43:02.066+0000] {dagbag.py:588} INFO - Filling up the DagBag from /opt/airflow/dags/lampung_flood_prediction_dag.py
[2025-05-26T04:43:03.224+0000] {processor.py:925} INFO - DAG(s) 'lampung_flood_prediction_pipeline' retrieved from /opt/airflow/dags/lampung_flood_prediction_dag.py
[2025-05-26T04:43:03.466+0000] {logging_mixin.py:190} INFO - [2025-05-26T04:43:03.465+0000] {override.py:1911} INFO - Created Permission View: can delete on DAG:lampung_flood_prediction_pipeline
[2025-05-26T04:43:03.493+0000] {logging_mixin.py:190} INFO - [2025-05-26T04:43:03.492+0000] {override.py:1911} INFO - Created Permission View: can read on DAG:lampung_flood_prediction_pipeline
[2025-05-26T04:43:03.513+0000] {logging_mixin.py:190} INFO - [2025-05-26T04:43:03.512+0000] {override.py:1911} INFO - Created Permission View: can edit on DAG:lampung_flood_prediction_pipeline
[2025-05-26T04:43:03.536+0000] {logging_mixin.py:190} INFO - [2025-05-26T04:43:03.535+0000] {override.py:1911} INFO - Created Permission View: can delete on DAG Run:lampung_flood_prediction_pipeline
[2025-05-26T04:43:03.557+0000] {logging_mixin.py:190} INFO - [2025-05-26T04:43:03.556+0000] {override.py:1911} INFO - Created Permission View: can read on DAG Run:lampung_flood_prediction_pipeline
[2025-05-26T04:43:03.577+0000] {logging_mixin.py:190} INFO - [2025-05-26T04:43:03.576+0000] {override.py:1911} INFO - Created Permission View: can create on DAG Run:lampung_flood_prediction_pipeline
[2025-05-26T04:43:03.596+0000] {logging_mixin.py:190} INFO - [2025-05-26T04:43:03.595+0000] {override.py:1911} INFO - Created Permission View: menu access on DAG Run:lampung_flood_prediction_pipeline
[2025-05-26T04:43:03.597+0000] {logging_mixin.py:190} INFO - [2025-05-26T04:43:03.597+0000] {dag.py:3239} INFO - Sync 1 DAGs
[2025-05-26T04:43:03.623+0000] {logging_mixin.py:190} INFO - [2025-05-26T04:43:03.623+0000] {dag.py:3262} INFO - Creating ORM DAG for lampung_flood_prediction_pipeline
[2025-05-26T04:43:03.643+0000] {logging_mixin.py:190} INFO - [2025-05-26T04:43:03.643+0000] {dag.py:4180} INFO - Setting next_dagrun for lampung_flood_prediction_pipeline to 2025-05-26 03:00:00+00:00, run_after=2025-05-26 04:00:00+00:00
[2025-05-26T04:43:03.693+0000] {processor.py:208} INFO - Processing /opt/airflow/dags/lampung_flood_prediction_dag.py took 1.647 seconds
[2025-05-26T04:43:34.096+0000] {processor.py:186} INFO - Started process (PID=84) to work on /opt/airflow/dags/lampung_flood_prediction_dag.py
[2025-05-26T04:43:34.098+0000] {processor.py:914} INFO - Processing file /opt/airflow/dags/lampung_flood_prediction_dag.py for tasks to queue
[2025-05-26T04:43:34.103+0000] {logging_mixin.py:190} INFO - [2025-05-26T04:43:34.103+0000] {dagbag.py:588} INFO - Filling up the DagBag from /opt/airflow/dags/lampung_flood_prediction_dag.py
[2025-05-26T04:43:35.231+0000] {processor.py:925} INFO - DAG(s) 'lampung_flood_prediction_pipeline' retrieved from /opt/airflow/dags/lampung_flood_prediction_dag.py
[2025-05-26T04:43:35.294+0000] {logging_mixin.py:190} INFO - [2025-05-26T04:43:35.293+0000] {dag.py:3239} INFO - Sync 1 DAGs
[2025-05-26T04:43:35.356+0000] {logging_mixin.py:190} INFO - [2025-05-26T04:43:35.356+0000] {dag.py:4180} INFO - Setting next_dagrun for lampung_flood_prediction_pipeline to 2025-05-26 03:00:00+00:00, run_after=2025-05-26 04:00:00+00:00
[2025-05-26T04:43:35.398+0000] {processor.py:208} INFO - Processing /opt/airflow/dags/lampung_flood_prediction_dag.py took 1.313 seconds
[2025-05-26T04:44:07.450+0000] {processor.py:186} INFO - Started process (PID=96) to work on /opt/airflow/dags/lampung_flood_prediction_dag.py
[2025-05-26T04:44:07.452+0000] {processor.py:914} INFO - Processing file /opt/airflow/dags/lampung_flood_prediction_dag.py for tasks to queue
[2025-05-26T04:44:07.458+0000] {logging_mixin.py:190} INFO - [2025-05-26T04:44:07.457+0000] {dagbag.py:588} INFO - Filling up the DagBag from /opt/airflow/dags/lampung_flood_prediction_dag.py
[2025-05-26T04:44:08.402+0000] {processor.py:925} INFO - DAG(s) 'lampung_flood_prediction_pipeline' retrieved from /opt/airflow/dags/lampung_flood_prediction_dag.py
[2025-05-26T04:44:08.454+0000] {logging_mixin.py:190} INFO - [2025-05-26T04:44:08.454+0000] {dag.py:3239} INFO - Sync 1 DAGs
[2025-05-26T04:44:08.494+0000] {logging_mixin.py:190} INFO - [2025-05-26T04:44:08.493+0000] {dag.py:4180} INFO - Setting next_dagrun for lampung_flood_prediction_pipeline to 2025-05-26 03:00:00+00:00, run_after=2025-05-26 04:00:00+00:00
[2025-05-26T04:44:08.534+0000] {processor.py:208} INFO - Processing /opt/airflow/dags/lampung_flood_prediction_dag.py took 1.096 seconds
[2025-05-26T04:44:39.768+0000] {processor.py:186} INFO - Started process (PID=114) to work on /opt/airflow/dags/lampung_flood_prediction_dag.py
[2025-05-26T04:44:39.769+0000] {processor.py:914} INFO - Processing file /opt/airflow/dags/lampung_flood_prediction_dag.py for tasks to queue
[2025-05-26T04:44:39.774+0000] {logging_mixin.py:190} INFO - [2025-05-26T04:44:39.773+0000] {dagbag.py:588} INFO - Filling up the DagBag from /opt/airflow/dags/lampung_flood_prediction_dag.py
[2025-05-26T04:44:40.629+0000] {processor.py:925} INFO - DAG(s) 'lampung_flood_prediction_pipeline' retrieved from /opt/airflow/dags/lampung_flood_prediction_dag.py
[2025-05-26T04:44:40.679+0000] {logging_mixin.py:190} INFO - [2025-05-26T04:44:40.679+0000] {dag.py:3239} INFO - Sync 1 DAGs
[2025-05-26T04:44:40.719+0000] {logging_mixin.py:190} INFO - [2025-05-26T04:44:40.719+0000] {dag.py:4180} INFO - Setting next_dagrun for lampung_flood_prediction_pipeline to 2025-05-26 03:00:00+00:00, run_after=2025-05-26 04:00:00+00:00
[2025-05-26T04:44:40.758+0000] {processor.py:208} INFO - Processing /opt/airflow/dags/lampung_flood_prediction_dag.py took 1.001 seconds
[2025-05-26T04:45:12.200+0000] {processor.py:186} INFO - Started process (PID=126) to work on /opt/airflow/dags/lampung_flood_prediction_dag.py
[2025-05-26T04:45:12.202+0000] {processor.py:914} INFO - Processing file /opt/airflow/dags/lampung_flood_prediction_dag.py for tasks to queue
[2025-05-26T04:45:12.208+0000] {logging_mixin.py:190} INFO - [2025-05-26T04:45:12.207+0000] {dagbag.py:588} INFO - Filling up the DagBag from /opt/airflow/dags/lampung_flood_prediction_dag.py
[2025-05-26T04:45:13.587+0000] {processor.py:925} INFO - DAG(s) 'lampung_flood_prediction_pipeline' retrieved from /opt/airflow/dags/lampung_flood_prediction_dag.py
[2025-05-26T04:45:13.648+0000] {logging_mixin.py:190} INFO - [2025-05-26T04:45:13.647+0000] {dag.py:3239} INFO - Sync 1 DAGs
[2025-05-26T04:45:13.689+0000] {logging_mixin.py:190} INFO - [2025-05-26T04:45:13.689+0000] {dag.py:4180} INFO - Setting next_dagrun for lampung_flood_prediction_pipeline to 2025-05-26 03:00:00+00:00, run_after=2025-05-26 04:00:00+00:00
[2025-05-26T04:45:13.729+0000] {processor.py:208} INFO - Processing /opt/airflow/dags/lampung_flood_prediction_dag.py took 1.540 seconds
[2025-05-26T04:45:45.509+0000] {processor.py:186} INFO - Started process (PID=138) to work on /opt/airflow/dags/lampung_flood_prediction_dag.py
[2025-05-26T04:45:45.511+0000] {processor.py:914} INFO - Processing file /opt/airflow/dags/lampung_flood_prediction_dag.py for tasks to queue
[2025-05-26T04:45:45.516+0000] {logging_mixin.py:190} INFO - [2025-05-26T04:45:45.516+0000] {dagbag.py:588} INFO - Filling up the DagBag from /opt/airflow/dags/lampung_flood_prediction_dag.py
[2025-05-26T04:45:46.777+0000] {processor.py:925} INFO - DAG(s) 'lampung_flood_prediction_pipeline' retrieved from /opt/airflow/dags/lampung_flood_prediction_dag.py
[2025-05-26T04:45:46.854+0000] {logging_mixin.py:190} INFO - [2025-05-26T04:45:46.853+0000] {dag.py:3239} INFO - Sync 1 DAGs
[2025-05-26T04:45:46.907+0000] {logging_mixin.py:190} INFO - [2025-05-26T04:45:46.907+0000] {dag.py:4180} INFO - Setting next_dagrun for lampung_flood_prediction_pipeline to 2025-05-26 03:00:00+00:00, run_after=2025-05-26 04:00:00+00:00
[2025-05-26T04:45:46.975+0000] {processor.py:208} INFO - Processing /opt/airflow/dags/lampung_flood_prediction_dag.py took 1.477 seconds
[2025-05-26T04:46:17.333+0000] {processor.py:186} INFO - Started process (PID=150) to work on /opt/airflow/dags/lampung_flood_prediction_dag.py
[2025-05-26T04:46:17.335+0000] {processor.py:914} INFO - Processing file /opt/airflow/dags/lampung_flood_prediction_dag.py for tasks to queue
[2025-05-26T04:46:17.340+0000] {logging_mixin.py:190} INFO - [2025-05-26T04:46:17.340+0000] {dagbag.py:588} INFO - Filling up the DagBag from /opt/airflow/dags/lampung_flood_prediction_dag.py
[2025-05-26T04:46:18.419+0000] {processor.py:925} INFO - DAG(s) 'lampung_flood_prediction_pipeline' retrieved from /opt/airflow/dags/lampung_flood_prediction_dag.py
[2025-05-26T04:46:18.491+0000] {logging_mixin.py:190} INFO - [2025-05-26T04:46:18.490+0000] {dag.py:3239} INFO - Sync 1 DAGs
[2025-05-26T04:46:18.658+0000] {logging_mixin.py:190} INFO - [2025-05-26T04:46:18.656+0000] {dag.py:4180} INFO - Setting next_dagrun for lampung_flood_prediction_pipeline to 2025-05-26 03:00:00+00:00, run_after=2025-05-26 04:00:00+00:00
[2025-05-26T04:46:18.799+0000] {processor.py:208} INFO - Processing /opt/airflow/dags/lampung_flood_prediction_dag.py took 1.478 seconds
[2025-05-26T04:46:49.589+0000] {processor.py:186} INFO - Started process (PID=171) to work on /opt/airflow/dags/lampung_flood_prediction_dag.py
[2025-05-26T04:46:49.591+0000] {processor.py:914} INFO - Processing file /opt/airflow/dags/lampung_flood_prediction_dag.py for tasks to queue
[2025-05-26T04:46:49.596+0000] {logging_mixin.py:190} INFO - [2025-05-26T04:46:49.595+0000] {dagbag.py:588} INFO - Filling up the DagBag from /opt/airflow/dags/lampung_flood_prediction_dag.py
[2025-05-26T04:46:50.332+0000] {processor.py:925} INFO - DAG(s) 'lampung_flood_prediction_pipeline' retrieved from /opt/airflow/dags/lampung_flood_prediction_dag.py
[2025-05-26T04:46:50.403+0000] {logging_mixin.py:190} INFO - [2025-05-26T04:46:50.403+0000] {dag.py:3239} INFO - Sync 1 DAGs
[2025-05-26T04:46:50.452+0000] {logging_mixin.py:190} INFO - [2025-05-26T04:46:50.451+0000] {dag.py:4180} INFO - Setting next_dagrun for lampung_flood_prediction_pipeline to 2025-05-26 03:00:00+00:00, run_after=2025-05-26 04:00:00+00:00
[2025-05-26T04:46:50.507+0000] {processor.py:208} INFO - Processing /opt/airflow/dags/lampung_flood_prediction_dag.py took 0.930 seconds
[2025-05-26T04:47:20.863+0000] {processor.py:186} INFO - Started process (PID=182) to work on /opt/airflow/dags/lampung_flood_prediction_dag.py
[2025-05-26T04:47:20.864+0000] {processor.py:914} INFO - Processing file /opt/airflow/dags/lampung_flood_prediction_dag.py for tasks to queue
[2025-05-26T04:47:20.870+0000] {logging_mixin.py:190} INFO - [2025-05-26T04:47:20.869+0000] {dagbag.py:588} INFO - Filling up the DagBag from /opt/airflow/dags/lampung_flood_prediction_dag.py
[2025-05-26T04:47:21.566+0000] {processor.py:925} INFO - DAG(s) 'lampung_flood_prediction_pipeline' retrieved from /opt/airflow/dags/lampung_flood_prediction_dag.py
[2025-05-26T04:47:21.638+0000] {logging_mixin.py:190} INFO - [2025-05-26T04:47:21.637+0000] {dag.py:3239} INFO - Sync 1 DAGs
[2025-05-26T04:47:21.695+0000] {logging_mixin.py:190} INFO - [2025-05-26T04:47:21.695+0000] {dag.py:4180} INFO - Setting next_dagrun for lampung_flood_prediction_pipeline to 2025-05-26 03:00:00+00:00, run_after=2025-05-26 04:00:00+00:00
[2025-05-26T04:47:21.739+0000] {processor.py:208} INFO - Processing /opt/airflow/dags/lampung_flood_prediction_dag.py took 0.890 seconds
[2025-05-26T04:47:52.037+0000] {processor.py:186} INFO - Started process (PID=194) to work on /opt/airflow/dags/lampung_flood_prediction_dag.py
[2025-05-26T04:47:52.039+0000] {processor.py:914} INFO - Processing file /opt/airflow/dags/lampung_flood_prediction_dag.py for tasks to queue
[2025-05-26T04:47:52.045+0000] {logging_mixin.py:190} INFO - [2025-05-26T04:47:52.044+0000] {dagbag.py:588} INFO - Filling up the DagBag from /opt/airflow/dags/lampung_flood_prediction_dag.py
[2025-05-26T04:47:52.817+0000] {processor.py:925} INFO - DAG(s) 'lampung_flood_prediction_pipeline' retrieved from /opt/airflow/dags/lampung_flood_prediction_dag.py
[2025-05-26T04:47:52.883+0000] {logging_mixin.py:190} INFO - [2025-05-26T04:47:52.882+0000] {dag.py:3239} INFO - Sync 1 DAGs
[2025-05-26T04:47:52.940+0000] {logging_mixin.py:190} INFO - [2025-05-26T04:47:52.939+0000] {dag.py:4180} INFO - Setting next_dagrun for lampung_flood_prediction_pipeline to 2025-05-26 03:00:00+00:00, run_after=2025-05-26 04:00:00+00:00
[2025-05-26T04:47:52.981+0000] {processor.py:208} INFO - Processing /opt/airflow/dags/lampung_flood_prediction_dag.py took 0.955 seconds
[2025-05-26T04:48:24.677+0000] {processor.py:186} INFO - Started process (PID=206) to work on /opt/airflow/dags/lampung_flood_prediction_dag.py
[2025-05-26T04:48:24.687+0000] {processor.py:914} INFO - Processing file /opt/airflow/dags/lampung_flood_prediction_dag.py for tasks to queue
[2025-05-26T04:48:24.712+0000] {logging_mixin.py:190} INFO - [2025-05-26T04:48:24.706+0000] {dagbag.py:588} INFO - Filling up the DagBag from /opt/airflow/dags/lampung_flood_prediction_dag.py
[2025-05-26T04:48:25.616+0000] {processor.py:925} INFO - DAG(s) 'lampung_flood_prediction_pipeline' retrieved from /opt/airflow/dags/lampung_flood_prediction_dag.py
[2025-05-26T04:48:25.716+0000] {logging_mixin.py:190} INFO - [2025-05-26T04:48:25.714+0000] {dag.py:3239} INFO - Sync 1 DAGs
[2025-05-26T04:48:25.798+0000] {logging_mixin.py:190} INFO - [2025-05-26T04:48:25.797+0000] {dag.py:4180} INFO - Setting next_dagrun for lampung_flood_prediction_pipeline to 2025-05-26 03:00:00+00:00, run_after=2025-05-26 04:00:00+00:00
[2025-05-26T04:48:25.854+0000] {processor.py:208} INFO - Processing /opt/airflow/dags/lampung_flood_prediction_dag.py took 1.204 seconds
[2025-05-26T04:48:56.771+0000] {processor.py:186} INFO - Started process (PID=218) to work on /opt/airflow/dags/lampung_flood_prediction_dag.py
[2025-05-26T04:48:56.774+0000] {processor.py:914} INFO - Processing file /opt/airflow/dags/lampung_flood_prediction_dag.py for tasks to queue
[2025-05-26T04:48:56.794+0000] {logging_mixin.py:190} INFO - [2025-05-26T04:48:56.785+0000] {dagbag.py:588} INFO - Filling up the DagBag from /opt/airflow/dags/lampung_flood_prediction_dag.py
[2025-05-26T04:48:58.407+0000] {processor.py:925} INFO - DAG(s) 'lampung_flood_prediction_pipeline' retrieved from /opt/airflow/dags/lampung_flood_prediction_dag.py
[2025-05-26T04:48:58.484+0000] {logging_mixin.py:190} INFO - [2025-05-26T04:48:58.484+0000] {dag.py:3239} INFO - Sync 1 DAGs
[2025-05-26T04:48:58.551+0000] {logging_mixin.py:190} INFO - [2025-05-26T04:48:58.551+0000] {dag.py:4180} INFO - Setting next_dagrun for lampung_flood_prediction_pipeline to 2025-05-26 03:00:00+00:00, run_after=2025-05-26 04:00:00+00:00
[2025-05-26T04:48:58.609+0000] {processor.py:208} INFO - Processing /opt/airflow/dags/lampung_flood_prediction_dag.py took 1.851 seconds
[2025-05-26T04:49:30.246+0000] {processor.py:186} INFO - Started process (PID=230) to work on /opt/airflow/dags/lampung_flood_prediction_dag.py
[2025-05-26T04:49:30.250+0000] {processor.py:914} INFO - Processing file /opt/airflow/dags/lampung_flood_prediction_dag.py for tasks to queue
[2025-05-26T04:49:30.264+0000] {logging_mixin.py:190} INFO - [2025-05-26T04:49:30.262+0000] {dagbag.py:588} INFO - Filling up the DagBag from /opt/airflow/dags/lampung_flood_prediction_dag.py
[2025-05-26T04:49:31.361+0000] {processor.py:925} INFO - DAG(s) 'lampung_flood_prediction_pipeline' retrieved from /opt/airflow/dags/lampung_flood_prediction_dag.py
[2025-05-26T04:49:31.433+0000] {logging_mixin.py:190} INFO - [2025-05-26T04:49:31.432+0000] {dag.py:3239} INFO - Sync 1 DAGs
[2025-05-26T04:49:31.493+0000] {logging_mixin.py:190} INFO - [2025-05-26T04:49:31.493+0000] {dag.py:4180} INFO - Setting next_dagrun for lampung_flood_prediction_pipeline to 2025-05-26 03:00:00+00:00, run_after=2025-05-26 04:00:00+00:00
[2025-05-26T04:49:31.542+0000] {processor.py:208} INFO - Processing /opt/airflow/dags/lampung_flood_prediction_dag.py took 1.327 seconds
[2025-05-26T04:50:02.321+0000] {processor.py:186} INFO - Started process (PID=243) to work on /opt/airflow/dags/lampung_flood_prediction_dag.py
[2025-05-26T04:50:02.324+0000] {processor.py:914} INFO - Processing file /opt/airflow/dags/lampung_flood_prediction_dag.py for tasks to queue
[2025-05-26T04:50:02.329+0000] {logging_mixin.py:190} INFO - [2025-05-26T04:50:02.328+0000] {dagbag.py:588} INFO - Filling up the DagBag from /opt/airflow/dags/lampung_flood_prediction_dag.py
[2025-05-26T04:50:03.307+0000] {processor.py:925} INFO - DAG(s) 'lampung_flood_prediction_pipeline' retrieved from /opt/airflow/dags/lampung_flood_prediction_dag.py
[2025-05-26T04:50:03.364+0000] {logging_mixin.py:190} INFO - [2025-05-26T04:50:03.364+0000] {dag.py:3239} INFO - Sync 1 DAGs
[2025-05-26T04:50:03.413+0000] {logging_mixin.py:190} INFO - [2025-05-26T04:50:03.413+0000] {dag.py:4180} INFO - Setting next_dagrun for lampung_flood_prediction_pipeline to 2025-05-26 03:00:00+00:00, run_after=2025-05-26 04:00:00+00:00
[2025-05-26T04:50:03.454+0000] {processor.py:208} INFO - Processing /opt/airflow/dags/lampung_flood_prediction_dag.py took 1.144 seconds
[2025-05-26T04:50:33.988+0000] {processor.py:186} INFO - Started process (PID=254) to work on /opt/airflow/dags/lampung_flood_prediction_dag.py
[2025-05-26T04:50:33.990+0000] {processor.py:914} INFO - Processing file /opt/airflow/dags/lampung_flood_prediction_dag.py for tasks to queue
[2025-05-26T04:50:33.995+0000] {logging_mixin.py:190} INFO - [2025-05-26T04:50:33.995+0000] {dagbag.py:588} INFO - Filling up the DagBag from /opt/airflow/dags/lampung_flood_prediction_dag.py
[2025-05-26T04:50:34.970+0000] {processor.py:925} INFO - DAG(s) 'lampung_flood_prediction_pipeline' retrieved from /opt/airflow/dags/lampung_flood_prediction_dag.py
[2025-05-26T04:50:35.032+0000] {logging_mixin.py:190} INFO - [2025-05-26T04:50:35.032+0000] {dag.py:3239} INFO - Sync 1 DAGs
[2025-05-26T04:50:35.080+0000] {logging_mixin.py:190} INFO - [2025-05-26T04:50:35.080+0000] {dag.py:4180} INFO - Setting next_dagrun for lampung_flood_prediction_pipeline to 2025-05-26 03:00:00+00:00, run_after=2025-05-26 04:00:00+00:00
[2025-05-26T04:50:35.126+0000] {processor.py:208} INFO - Processing /opt/airflow/dags/lampung_flood_prediction_dag.py took 1.151 seconds
[2025-05-26T04:51:05.855+0000] {processor.py:186} INFO - Started process (PID=266) to work on /opt/airflow/dags/lampung_flood_prediction_dag.py
[2025-05-26T04:51:05.859+0000] {processor.py:914} INFO - Processing file /opt/airflow/dags/lampung_flood_prediction_dag.py for tasks to queue
[2025-05-26T04:51:05.867+0000] {logging_mixin.py:190} INFO - [2025-05-26T04:51:05.866+0000] {dagbag.py:588} INFO - Filling up the DagBag from /opt/airflow/dags/lampung_flood_prediction_dag.py
[2025-05-26T04:51:06.760+0000] {processor.py:925} INFO - DAG(s) 'lampung_flood_prediction_pipeline' retrieved from /opt/airflow/dags/lampung_flood_prediction_dag.py
[2025-05-26T04:51:06.820+0000] {logging_mixin.py:190} INFO - [2025-05-26T04:51:06.819+0000] {dag.py:3239} INFO - Sync 1 DAGs
[2025-05-26T04:51:06.869+0000] {logging_mixin.py:190} INFO - [2025-05-26T04:51:06.869+0000] {dag.py:4180} INFO - Setting next_dagrun for lampung_flood_prediction_pipeline to 2025-05-26 03:00:00+00:00, run_after=2025-05-26 04:00:00+00:00
[2025-05-26T04:51:06.911+0000] {processor.py:208} INFO - Processing /opt/airflow/dags/lampung_flood_prediction_dag.py took 1.076 seconds
[2025-05-26T04:51:37.647+0000] {processor.py:186} INFO - Started process (PID=277) to work on /opt/airflow/dags/lampung_flood_prediction_dag.py
[2025-05-26T04:51:37.649+0000] {processor.py:914} INFO - Processing file /opt/airflow/dags/lampung_flood_prediction_dag.py for tasks to queue
[2025-05-26T04:51:37.654+0000] {logging_mixin.py:190} INFO - [2025-05-26T04:51:37.653+0000] {dagbag.py:588} INFO - Filling up the DagBag from /opt/airflow/dags/lampung_flood_prediction_dag.py
[2025-05-26T04:51:38.753+0000] {processor.py:925} INFO - DAG(s) 'lampung_flood_prediction_pipeline' retrieved from /opt/airflow/dags/lampung_flood_prediction_dag.py
[2025-05-26T04:51:38.828+0000] {logging_mixin.py:190} INFO - [2025-05-26T04:51:38.828+0000] {dag.py:3239} INFO - Sync 1 DAGs
[2025-05-26T04:51:38.925+0000] {logging_mixin.py:190} INFO - [2025-05-26T04:51:38.925+0000] {dag.py:4180} INFO - Setting next_dagrun for lampung_flood_prediction_pipeline to 2025-05-26 03:00:00+00:00, run_after=2025-05-26 04:00:00+00:00
[2025-05-26T04:51:39.129+0000] {processor.py:208} INFO - Processing /opt/airflow/dags/lampung_flood_prediction_dag.py took 1.495 seconds
[2025-05-26T04:52:09.412+0000] {processor.py:186} INFO - Started process (PID=295) to work on /opt/airflow/dags/lampung_flood_prediction_dag.py
[2025-05-26T04:52:09.415+0000] {processor.py:914} INFO - Processing file /opt/airflow/dags/lampung_flood_prediction_dag.py for tasks to queue
[2025-05-26T04:52:09.423+0000] {logging_mixin.py:190} INFO - [2025-05-26T04:52:09.422+0000] {dagbag.py:588} INFO - Filling up the DagBag from /opt/airflow/dags/lampung_flood_prediction_dag.py
[2025-05-26T04:52:10.224+0000] {processor.py:925} INFO - DAG(s) 'lampung_flood_prediction_pipeline' retrieved from /opt/airflow/dags/lampung_flood_prediction_dag.py
[2025-05-26T04:52:10.288+0000] {logging_mixin.py:190} INFO - [2025-05-26T04:52:10.288+0000] {dag.py:3239} INFO - Sync 1 DAGs
[2025-05-26T04:52:10.335+0000] {logging_mixin.py:190} INFO - [2025-05-26T04:52:10.335+0000] {dag.py:4180} INFO - Setting next_dagrun for lampung_flood_prediction_pipeline to 2025-05-26 03:00:00+00:00, run_after=2025-05-26 04:00:00+00:00
[2025-05-26T04:52:10.377+0000] {processor.py:208} INFO - Processing /opt/airflow/dags/lampung_flood_prediction_dag.py took 1.083 seconds
[2025-05-26T04:52:40.837+0000] {processor.py:186} INFO - Started process (PID=307) to work on /opt/airflow/dags/lampung_flood_prediction_dag.py
[2025-05-26T04:52:40.839+0000] {processor.py:914} INFO - Processing file /opt/airflow/dags/lampung_flood_prediction_dag.py for tasks to queue
[2025-05-26T04:52:40.845+0000] {logging_mixin.py:190} INFO - [2025-05-26T04:52:40.844+0000] {dagbag.py:588} INFO - Filling up the DagBag from /opt/airflow/dags/lampung_flood_prediction_dag.py
[2025-05-26T04:52:41.524+0000] {processor.py:925} INFO - DAG(s) 'lampung_flood_prediction_pipeline' retrieved from /opt/airflow/dags/lampung_flood_prediction_dag.py
[2025-05-26T04:52:41.585+0000] {logging_mixin.py:190} INFO - [2025-05-26T04:52:41.584+0000] {dag.py:3239} INFO - Sync 1 DAGs
[2025-05-26T04:52:41.635+0000] {logging_mixin.py:190} INFO - [2025-05-26T04:52:41.635+0000] {dag.py:4180} INFO - Setting next_dagrun for lampung_flood_prediction_pipeline to 2025-05-26 03:00:00+00:00, run_after=2025-05-26 04:00:00+00:00
[2025-05-26T04:52:41.677+0000] {processor.py:208} INFO - Processing /opt/airflow/dags/lampung_flood_prediction_dag.py took 0.855 seconds
[2025-05-26T04:53:12.772+0000] {processor.py:186} INFO - Started process (PID=320) to work on /opt/airflow/dags/lampung_flood_prediction_dag.py
[2025-05-26T04:53:12.774+0000] {processor.py:914} INFO - Processing file /opt/airflow/dags/lampung_flood_prediction_dag.py for tasks to queue
[2025-05-26T04:53:12.780+0000] {logging_mixin.py:190} INFO - [2025-05-26T04:53:12.779+0000] {dagbag.py:588} INFO - Filling up the DagBag from /opt/airflow/dags/lampung_flood_prediction_dag.py
[2025-05-26T04:53:13.421+0000] {processor.py:925} INFO - DAG(s) 'lampung_flood_prediction_pipeline' retrieved from /opt/airflow/dags/lampung_flood_prediction_dag.py
[2025-05-26T04:53:13.484+0000] {logging_mixin.py:190} INFO - [2025-05-26T04:53:13.484+0000] {dag.py:3239} INFO - Sync 1 DAGs
[2025-05-26T04:53:13.532+0000] {logging_mixin.py:190} INFO - [2025-05-26T04:53:13.531+0000] {dag.py:4180} INFO - Setting next_dagrun for lampung_flood_prediction_pipeline to 2025-05-26 03:00:00+00:00, run_after=2025-05-26 04:00:00+00:00
[2025-05-26T04:53:13.573+0000] {processor.py:208} INFO - Processing /opt/airflow/dags/lampung_flood_prediction_dag.py took 0.812 seconds
[2025-05-26T04:53:44.316+0000] {processor.py:186} INFO - Started process (PID=332) to work on /opt/airflow/dags/lampung_flood_prediction_dag.py
[2025-05-26T04:53:44.318+0000] {processor.py:914} INFO - Processing file /opt/airflow/dags/lampung_flood_prediction_dag.py for tasks to queue
[2025-05-26T04:53:44.324+0000] {logging_mixin.py:190} INFO - [2025-05-26T04:53:44.323+0000] {dagbag.py:588} INFO - Filling up the DagBag from /opt/airflow/dags/lampung_flood_prediction_dag.py
[2025-05-26T04:53:44.999+0000] {processor.py:925} INFO - DAG(s) 'lampung_flood_prediction_pipeline' retrieved from /opt/airflow/dags/lampung_flood_prediction_dag.py
[2025-05-26T04:53:45.057+0000] {logging_mixin.py:190} INFO - [2025-05-26T04:53:45.056+0000] {dag.py:3239} INFO - Sync 1 DAGs
[2025-05-26T04:53:45.111+0000] {logging_mixin.py:190} INFO - [2025-05-26T04:53:45.111+0000] {dag.py:4180} INFO - Setting next_dagrun for lampung_flood_prediction_pipeline to 2025-05-26 03:00:00+00:00, run_after=2025-05-26 04:00:00+00:00
[2025-05-26T04:53:45.153+0000] {processor.py:208} INFO - Processing /opt/airflow/dags/lampung_flood_prediction_dag.py took 0.850 seconds
[2025-05-26T04:54:15.832+0000] {processor.py:186} INFO - Started process (PID=345) to work on /opt/airflow/dags/lampung_flood_prediction_dag.py
[2025-05-26T04:54:15.834+0000] {processor.py:914} INFO - Processing file /opt/airflow/dags/lampung_flood_prediction_dag.py for tasks to queue
[2025-05-26T04:54:15.839+0000] {logging_mixin.py:190} INFO - [2025-05-26T04:54:15.838+0000] {dagbag.py:588} INFO - Filling up the DagBag from /opt/airflow/dags/lampung_flood_prediction_dag.py
[2025-05-26T04:54:16.861+0000] {processor.py:925} INFO - DAG(s) 'lampung_flood_prediction_pipeline' retrieved from /opt/airflow/dags/lampung_flood_prediction_dag.py
[2025-05-26T04:54:17.000+0000] {logging_mixin.py:190} INFO - [2025-05-26T04:54:16.999+0000] {dag.py:3239} INFO - Sync 1 DAGs
[2025-05-26T04:54:17.171+0000] {logging_mixin.py:190} INFO - [2025-05-26T04:54:17.170+0000] {dag.py:4180} INFO - Setting next_dagrun for lampung_flood_prediction_pipeline to 2025-05-26 03:00:00+00:00, run_after=2025-05-26 04:00:00+00:00
[2025-05-26T04:54:17.337+0000] {processor.py:208} INFO - Processing /opt/airflow/dags/lampung_flood_prediction_dag.py took 1.514 seconds
[2025-05-26T04:54:48.276+0000] {processor.py:186} INFO - Started process (PID=357) to work on /opt/airflow/dags/lampung_flood_prediction_dag.py
[2025-05-26T04:54:48.278+0000] {processor.py:914} INFO - Processing file /opt/airflow/dags/lampung_flood_prediction_dag.py for tasks to queue
[2025-05-26T04:54:48.286+0000] {logging_mixin.py:190} INFO - [2025-05-26T04:54:48.284+0000] {dagbag.py:588} INFO - Filling up the DagBag from /opt/airflow/dags/lampung_flood_prediction_dag.py
[2025-05-26T04:54:49.013+0000] {processor.py:925} INFO - DAG(s) 'lampung_flood_prediction_pipeline' retrieved from /opt/airflow/dags/lampung_flood_prediction_dag.py
[2025-05-26T04:54:49.070+0000] {logging_mixin.py:190} INFO - [2025-05-26T04:54:49.070+0000] {dag.py:3239} INFO - Sync 1 DAGs
[2025-05-26T04:54:49.114+0000] {logging_mixin.py:190} INFO - [2025-05-26T04:54:49.114+0000] {dag.py:4180} INFO - Setting next_dagrun for lampung_flood_prediction_pipeline to 2025-05-26 03:00:00+00:00, run_after=2025-05-26 04:00:00+00:00
[2025-05-26T04:54:49.157+0000] {processor.py:208} INFO - Processing /opt/airflow/dags/lampung_flood_prediction_dag.py took 0.896 seconds
[2025-05-26T04:55:20.451+0000] {processor.py:186} INFO - Started process (PID=369) to work on /opt/airflow/dags/lampung_flood_prediction_dag.py
[2025-05-26T04:55:20.453+0000] {processor.py:914} INFO - Processing file /opt/airflow/dags/lampung_flood_prediction_dag.py for tasks to queue
[2025-05-26T04:55:20.460+0000] {logging_mixin.py:190} INFO - [2025-05-26T04:55:20.459+0000] {dagbag.py:588} INFO - Filling up the DagBag from /opt/airflow/dags/lampung_flood_prediction_dag.py
[2025-05-26T04:55:21.605+0000] {processor.py:925} INFO - DAG(s) 'lampung_flood_prediction_pipeline' retrieved from /opt/airflow/dags/lampung_flood_prediction_dag.py
[2025-05-26T04:55:21.685+0000] {logging_mixin.py:190} INFO - [2025-05-26T04:55:21.684+0000] {dag.py:3239} INFO - Sync 1 DAGs
[2025-05-26T04:55:21.744+0000] {logging_mixin.py:190} INFO - [2025-05-26T04:55:21.744+0000] {dag.py:4180} INFO - Setting next_dagrun for lampung_flood_prediction_pipeline to 2025-05-26 03:00:00+00:00, run_after=2025-05-26 04:00:00+00:00
[2025-05-26T04:55:21.805+0000] {processor.py:208} INFO - Processing /opt/airflow/dags/lampung_flood_prediction_dag.py took 1.372 seconds
[2025-05-26T04:55:52.661+0000] {processor.py:186} INFO - Started process (PID=381) to work on /opt/airflow/dags/lampung_flood_prediction_dag.py
[2025-05-26T04:55:52.663+0000] {processor.py:914} INFO - Processing file /opt/airflow/dags/lampung_flood_prediction_dag.py for tasks to queue
[2025-05-26T04:55:52.668+0000] {logging_mixin.py:190} INFO - [2025-05-26T04:55:52.667+0000] {dagbag.py:588} INFO - Filling up the DagBag from /opt/airflow/dags/lampung_flood_prediction_dag.py
[2025-05-26T04:55:53.462+0000] {processor.py:925} INFO - DAG(s) 'lampung_flood_prediction_pipeline' retrieved from /opt/airflow/dags/lampung_flood_prediction_dag.py
[2025-05-26T04:55:53.527+0000] {logging_mixin.py:190} INFO - [2025-05-26T04:55:53.527+0000] {dag.py:3239} INFO - Sync 1 DAGs
[2025-05-26T04:55:53.603+0000] {logging_mixin.py:190} INFO - [2025-05-26T04:55:53.602+0000] {dag.py:4180} INFO - Setting next_dagrun for lampung_flood_prediction_pipeline to 2025-05-26 03:00:00+00:00, run_after=2025-05-26 04:00:00+00:00
[2025-05-26T04:55:53.676+0000] {processor.py:208} INFO - Processing /opt/airflow/dags/lampung_flood_prediction_dag.py took 1.026 seconds
[2025-05-26T04:56:23.918+0000] {processor.py:186} INFO - Started process (PID=393) to work on /opt/airflow/dags/lampung_flood_prediction_dag.py
[2025-05-26T04:56:23.920+0000] {processor.py:914} INFO - Processing file /opt/airflow/dags/lampung_flood_prediction_dag.py for tasks to queue
[2025-05-26T04:56:23.925+0000] {logging_mixin.py:190} INFO - [2025-05-26T04:56:23.924+0000] {dagbag.py:588} INFO - Filling up the DagBag from /opt/airflow/dags/lampung_flood_prediction_dag.py
[2025-05-26T04:56:24.798+0000] {processor.py:925} INFO - DAG(s) 'lampung_flood_prediction_pipeline' retrieved from /opt/airflow/dags/lampung_flood_prediction_dag.py
[2025-05-26T04:56:24.869+0000] {logging_mixin.py:190} INFO - [2025-05-26T04:56:24.869+0000] {dag.py:3239} INFO - Sync 1 DAGs
[2025-05-26T04:56:25.485+0000] {logging_mixin.py:190} INFO - [2025-05-26T04:56:25.484+0000] {dag.py:4180} INFO - Setting next_dagrun for lampung_flood_prediction_pipeline to 2025-05-26 03:00:00+00:00, run_after=2025-05-26 04:00:00+00:00
[2025-05-26T04:56:25.551+0000] {processor.py:208} INFO - Processing /opt/airflow/dags/lampung_flood_prediction_dag.py took 1.647 seconds
[2025-05-26T04:56:55.754+0000] {processor.py:186} INFO - Started process (PID=405) to work on /opt/airflow/dags/lampung_flood_prediction_dag.py
[2025-05-26T04:56:55.757+0000] {processor.py:914} INFO - Processing file /opt/airflow/dags/lampung_flood_prediction_dag.py for tasks to queue
[2025-05-26T04:56:55.763+0000] {logging_mixin.py:190} INFO - [2025-05-26T04:56:55.762+0000] {dagbag.py:588} INFO - Filling up the DagBag from /opt/airflow/dags/lampung_flood_prediction_dag.py
[2025-05-26T04:56:56.536+0000] {processor.py:925} INFO - DAG(s) 'lampung_flood_prediction_pipeline' retrieved from /opt/airflow/dags/lampung_flood_prediction_dag.py
[2025-05-26T04:56:57.091+0000] {logging_mixin.py:190} INFO - [2025-05-26T04:56:57.091+0000] {dag.py:3239} INFO - Sync 1 DAGs
[2025-05-26T04:56:57.153+0000] {logging_mixin.py:190} INFO - [2025-05-26T04:56:57.153+0000] {dag.py:4180} INFO - Setting next_dagrun for lampung_flood_prediction_pipeline to 2025-05-26 03:00:00+00:00, run_after=2025-05-26 04:00:00+00:00
[2025-05-26T04:56:57.211+0000] {processor.py:208} INFO - Processing /opt/airflow/dags/lampung_flood_prediction_dag.py took 1.470 seconds
[2025-05-26T04:57:27.749+0000] {processor.py:186} INFO - Started process (PID=417) to work on /opt/airflow/dags/lampung_flood_prediction_dag.py
[2025-05-26T04:57:27.751+0000] {processor.py:914} INFO - Processing file /opt/airflow/dags/lampung_flood_prediction_dag.py for tasks to queue
[2025-05-26T04:57:27.759+0000] {logging_mixin.py:190} INFO - [2025-05-26T04:57:27.758+0000] {dagbag.py:588} INFO - Filling up the DagBag from /opt/airflow/dags/lampung_flood_prediction_dag.py
[2025-05-26T04:57:28.857+0000] {processor.py:925} INFO - DAG(s) 'lampung_flood_prediction_pipeline' retrieved from /opt/airflow/dags/lampung_flood_prediction_dag.py
[2025-05-26T04:57:28.918+0000] {logging_mixin.py:190} INFO - [2025-05-26T04:57:28.917+0000] {dag.py:3239} INFO - Sync 1 DAGs
[2025-05-26T04:57:28.967+0000] {logging_mixin.py:190} INFO - [2025-05-26T04:57:28.967+0000] {dag.py:4180} INFO - Setting next_dagrun for lampung_flood_prediction_pipeline to 2025-05-26 03:00:00+00:00, run_after=2025-05-26 04:00:00+00:00
[2025-05-26T04:57:29.012+0000] {processor.py:208} INFO - Processing /opt/airflow/dags/lampung_flood_prediction_dag.py took 1.281 seconds
[2025-05-26T04:57:59.661+0000] {processor.py:186} INFO - Started process (PID=430) to work on /opt/airflow/dags/lampung_flood_prediction_dag.py
[2025-05-26T04:57:59.663+0000] {processor.py:914} INFO - Processing file /opt/airflow/dags/lampung_flood_prediction_dag.py for tasks to queue
[2025-05-26T04:57:59.668+0000] {logging_mixin.py:190} INFO - [2025-05-26T04:57:59.667+0000] {dagbag.py:588} INFO - Filling up the DagBag from /opt/airflow/dags/lampung_flood_prediction_dag.py
[2025-05-26T04:58:00.703+0000] {processor.py:925} INFO - DAG(s) 'lampung_flood_prediction_pipeline' retrieved from /opt/airflow/dags/lampung_flood_prediction_dag.py
[2025-05-26T04:58:04.392+0000] {logging_mixin.py:190} INFO - [2025-05-26T04:58:04.391+0000] {dag.py:3239} INFO - Sync 1 DAGs
[2025-05-26T04:58:04.442+0000] {logging_mixin.py:190} INFO - [2025-05-26T04:58:04.441+0000] {dag.py:4180} INFO - Setting next_dagrun for lampung_flood_prediction_pipeline to 2025-05-26 03:00:00+00:00, run_after=2025-05-26 04:00:00+00:00
[2025-05-26T04:58:04.485+0000] {processor.py:208} INFO - Processing /opt/airflow/dags/lampung_flood_prediction_dag.py took 1.207 seconds
[2025-05-26T04:58:34.993+0000] {processor.py:186} INFO - Started process (PID=448) to work on /opt/airflow/dags/lampung_flood_prediction_dag.py
[2025-05-26T04:58:34.995+0000] {processor.py:914} INFO - Processing file /opt/airflow/dags/lampung_flood_prediction_dag.py for tasks to queue
[2025-05-26T04:58:35.000+0000] {logging_mixin.py:190} INFO - [2025-05-26T04:58:35.000+0000] {dagbag.py:588} INFO - Filling up the DagBag from /opt/airflow/dags/lampung_flood_prediction_dag.py
[2025-05-26T04:58:35.682+0000] {processor.py:925} INFO - DAG(s) 'lampung_flood_prediction_pipeline' retrieved from /opt/airflow/dags/lampung_flood_prediction_dag.py
[2025-05-26T04:58:35.981+0000] {logging_mixin.py:190} INFO - [2025-05-26T04:58:35.980+0000] {dag.py:3239} INFO - Sync 1 DAGs
[2025-05-26T04:58:36.023+0000] {logging_mixin.py:190} INFO - [2025-05-26T04:58:36.023+0000] {dag.py:4180} INFO - Setting next_dagrun for lampung_flood_prediction_pipeline to 2025-05-26 03:00:00+00:00, run_after=2025-05-26 04:00:00+00:00
[2025-05-26T04:58:36.066+0000] {processor.py:208} INFO - Processing /opt/airflow/dags/lampung_flood_prediction_dag.py took 1.085 seconds
[2025-05-26T04:59:06.224+0000] {processor.py:186} INFO - Started process (PID=460) to work on /opt/airflow/dags/lampung_flood_prediction_dag.py
[2025-05-26T04:59:06.227+0000] {processor.py:914} INFO - Processing file /opt/airflow/dags/lampung_flood_prediction_dag.py for tasks to queue
[2025-05-26T04:59:06.239+0000] {logging_mixin.py:190} INFO - [2025-05-26T04:59:06.238+0000] {dagbag.py:588} INFO - Filling up the DagBag from /opt/airflow/dags/lampung_flood_prediction_dag.py
[2025-05-26T04:59:07.448+0000] {processor.py:925} INFO - DAG(s) 'lampung_flood_prediction_pipeline' retrieved from /opt/airflow/dags/lampung_flood_prediction_dag.py
[2025-05-26T04:59:07.545+0000] {logging_mixin.py:190} INFO - [2025-05-26T04:59:07.544+0000] {dag.py:3239} INFO - Sync 1 DAGs
[2025-05-26T04:59:07.616+0000] {logging_mixin.py:190} INFO - [2025-05-26T04:59:07.615+0000] {dag.py:4180} INFO - Setting next_dagrun for lampung_flood_prediction_pipeline to 2025-05-26 03:00:00+00:00, run_after=2025-05-26 04:00:00+00:00
[2025-05-26T04:59:07.663+0000] {processor.py:208} INFO - Processing /opt/airflow/dags/lampung_flood_prediction_dag.py took 1.454 seconds
[2025-05-26T04:59:38.522+0000] {processor.py:186} INFO - Started process (PID=472) to work on /opt/airflow/dags/lampung_flood_prediction_dag.py
[2025-05-26T04:59:38.525+0000] {processor.py:914} INFO - Processing file /opt/airflow/dags/lampung_flood_prediction_dag.py for tasks to queue
[2025-05-26T04:59:38.531+0000] {logging_mixin.py:190} INFO - [2025-05-26T04:59:38.530+0000] {dagbag.py:588} INFO - Filling up the DagBag from /opt/airflow/dags/lampung_flood_prediction_dag.py
[2025-05-26T04:59:39.537+0000] {processor.py:925} INFO - DAG(s) 'lampung_flood_prediction_pipeline' retrieved from /opt/airflow/dags/lampung_flood_prediction_dag.py
[2025-05-26T04:59:39.593+0000] {logging_mixin.py:190} INFO - [2025-05-26T04:59:39.592+0000] {dag.py:3239} INFO - Sync 1 DAGs
[2025-05-26T04:59:39.630+0000] {logging_mixin.py:190} INFO - [2025-05-26T04:59:39.630+0000] {dag.py:4180} INFO - Setting next_dagrun for lampung_flood_prediction_pipeline to 2025-05-26 03:00:00+00:00, run_after=2025-05-26 04:00:00+00:00
[2025-05-26T04:59:39.666+0000] {processor.py:208} INFO - Processing /opt/airflow/dags/lampung_flood_prediction_dag.py took 1.158 seconds
[2025-05-26T05:00:10.003+0000] {processor.py:186} INFO - Started process (PID=483) to work on /opt/airflow/dags/lampung_flood_prediction_dag.py
[2025-05-26T05:00:10.005+0000] {processor.py:914} INFO - Processing file /opt/airflow/dags/lampung_flood_prediction_dag.py for tasks to queue
[2025-05-26T05:00:10.012+0000] {logging_mixin.py:190} INFO - [2025-05-26T05:00:10.011+0000] {dagbag.py:588} INFO - Filling up the DagBag from /opt/airflow/dags/lampung_flood_prediction_dag.py
[2025-05-26T05:00:11.211+0000] {processor.py:925} INFO - DAG(s) 'lampung_flood_prediction_pipeline' retrieved from /opt/airflow/dags/lampung_flood_prediction_dag.py
[2025-05-26T05:00:11.270+0000] {logging_mixin.py:190} INFO - [2025-05-26T05:00:11.269+0000] {dag.py:3239} INFO - Sync 1 DAGs
[2025-05-26T05:00:11.316+0000] {logging_mixin.py:190} INFO - [2025-05-26T05:00:11.316+0000] {dag.py:4180} INFO - Setting next_dagrun for lampung_flood_prediction_pipeline to 2025-05-26 04:00:00+00:00, run_after=2025-05-26 05:00:00+00:00
[2025-05-26T05:00:11.368+0000] {processor.py:208} INFO - Processing /opt/airflow/dags/lampung_flood_prediction_dag.py took 1.377 seconds
[2025-05-26T05:00:42.064+0000] {processor.py:186} INFO - Started process (PID=495) to work on /opt/airflow/dags/lampung_flood_prediction_dag.py
[2025-05-26T05:00:42.066+0000] {processor.py:914} INFO - Processing file /opt/airflow/dags/lampung_flood_prediction_dag.py for tasks to queue
[2025-05-26T05:00:42.072+0000] {logging_mixin.py:190} INFO - [2025-05-26T05:00:42.071+0000] {dagbag.py:588} INFO - Filling up the DagBag from /opt/airflow/dags/lampung_flood_prediction_dag.py
[2025-05-26T05:00:43.301+0000] {processor.py:925} INFO - DAG(s) 'lampung_flood_prediction_pipeline' retrieved from /opt/airflow/dags/lampung_flood_prediction_dag.py
[2025-05-26T05:00:43.358+0000] {logging_mixin.py:190} INFO - [2025-05-26T05:00:43.357+0000] {dag.py:3239} INFO - Sync 1 DAGs
[2025-05-26T05:00:43.410+0000] {logging_mixin.py:190} INFO - [2025-05-26T05:00:43.409+0000] {dag.py:4180} INFO - Setting next_dagrun for lampung_flood_prediction_pipeline to 2025-05-26 04:00:00+00:00, run_after=2025-05-26 05:00:00+00:00
[2025-05-26T05:00:43.467+0000] {processor.py:208} INFO - Processing /opt/airflow/dags/lampung_flood_prediction_dag.py took 1.416 seconds
[2025-05-26T05:01:14.209+0000] {processor.py:186} INFO - Started process (PID=507) to work on /opt/airflow/dags/lampung_flood_prediction_dag.py
[2025-05-26T05:01:14.211+0000] {processor.py:914} INFO - Processing file /opt/airflow/dags/lampung_flood_prediction_dag.py for tasks to queue
[2025-05-26T05:01:14.216+0000] {logging_mixin.py:190} INFO - [2025-05-26T05:01:14.215+0000] {dagbag.py:588} INFO - Filling up the DagBag from /opt/airflow/dags/lampung_flood_prediction_dag.py
[2025-05-26T05:01:15.209+0000] {processor.py:925} INFO - DAG(s) 'lampung_flood_prediction_pipeline' retrieved from /opt/airflow/dags/lampung_flood_prediction_dag.py
[2025-05-26T05:01:15.272+0000] {logging_mixin.py:190} INFO - [2025-05-26T05:01:15.271+0000] {dag.py:3239} INFO - Sync 1 DAGs
[2025-05-26T05:01:15.315+0000] {logging_mixin.py:190} INFO - [2025-05-26T05:01:15.315+0000] {dag.py:4180} INFO - Setting next_dagrun for lampung_flood_prediction_pipeline to 2025-05-26 04:00:00+00:00, run_after=2025-05-26 05:00:00+00:00
[2025-05-26T05:01:15.362+0000] {processor.py:208} INFO - Processing /opt/airflow/dags/lampung_flood_prediction_dag.py took 1.165 seconds
[2025-05-26T05:01:46.347+0000] {processor.py:186} INFO - Started process (PID=520) to work on /opt/airflow/dags/lampung_flood_prediction_dag.py
[2025-05-26T05:01:46.349+0000] {processor.py:914} INFO - Processing file /opt/airflow/dags/lampung_flood_prediction_dag.py for tasks to queue
[2025-05-26T05:01:46.355+0000] {logging_mixin.py:190} INFO - [2025-05-26T05:01:46.354+0000] {dagbag.py:588} INFO - Filling up the DagBag from /opt/airflow/dags/lampung_flood_prediction_dag.py
[2025-05-26T05:01:47.749+0000] {processor.py:925} INFO - DAG(s) 'lampung_flood_prediction_pipeline' retrieved from /opt/airflow/dags/lampung_flood_prediction_dag.py
[2025-05-26T05:01:47.810+0000] {logging_mixin.py:190} INFO - [2025-05-26T05:01:47.810+0000] {dag.py:3239} INFO - Sync 1 DAGs
[2025-05-26T05:01:47.857+0000] {logging_mixin.py:190} INFO - [2025-05-26T05:01:47.856+0000] {dag.py:4180} INFO - Setting next_dagrun for lampung_flood_prediction_pipeline to 2025-05-26 04:00:00+00:00, run_after=2025-05-26 05:00:00+00:00
[2025-05-26T05:01:47.905+0000] {processor.py:208} INFO - Processing /opt/airflow/dags/lampung_flood_prediction_dag.py took 1.571 seconds
[2025-05-26T05:02:18.100+0000] {processor.py:186} INFO - Started process (PID=532) to work on /opt/airflow/dags/lampung_flood_prediction_dag.py
[2025-05-26T05:02:18.102+0000] {processor.py:914} INFO - Processing file /opt/airflow/dags/lampung_flood_prediction_dag.py for tasks to queue
[2025-05-26T05:02:18.107+0000] {logging_mixin.py:190} INFO - [2025-05-26T05:02:18.107+0000] {dagbag.py:588} INFO - Filling up the DagBag from /opt/airflow/dags/lampung_flood_prediction_dag.py
[2025-05-26T05:02:19.068+0000] {processor.py:925} INFO - DAG(s) 'lampung_flood_prediction_pipeline' retrieved from /opt/airflow/dags/lampung_flood_prediction_dag.py
[2025-05-26T05:02:19.117+0000] {logging_mixin.py:190} INFO - [2025-05-26T05:02:19.117+0000] {dag.py:3239} INFO - Sync 1 DAGs
[2025-05-26T05:02:19.160+0000] {logging_mixin.py:190} INFO - [2025-05-26T05:02:19.159+0000] {dag.py:4180} INFO - Setting next_dagrun for lampung_flood_prediction_pipeline to 2025-05-26 04:00:00+00:00, run_after=2025-05-26 05:00:00+00:00
[2025-05-26T05:02:19.203+0000] {processor.py:208} INFO - Processing /opt/airflow/dags/lampung_flood_prediction_dag.py took 1.117 seconds
[2025-05-26T05:02:50.320+0000] {processor.py:186} INFO - Started process (PID=544) to work on /opt/airflow/dags/lampung_flood_prediction_dag.py
[2025-05-26T05:02:50.323+0000] {processor.py:914} INFO - Processing file /opt/airflow/dags/lampung_flood_prediction_dag.py for tasks to queue
[2025-05-26T05:02:50.330+0000] {logging_mixin.py:190} INFO - [2025-05-26T05:02:50.329+0000] {dagbag.py:588} INFO - Filling up the DagBag from /opt/airflow/dags/lampung_flood_prediction_dag.py
[2025-05-26T05:02:51.270+0000] {processor.py:925} INFO - DAG(s) 'lampung_flood_prediction_pipeline' retrieved from /opt/airflow/dags/lampung_flood_prediction_dag.py
[2025-05-26T05:02:51.327+0000] {logging_mixin.py:190} INFO - [2025-05-26T05:02:51.326+0000] {dag.py:3239} INFO - Sync 1 DAGs
[2025-05-26T05:02:51.369+0000] {logging_mixin.py:190} INFO - [2025-05-26T05:02:51.368+0000] {dag.py:4180} INFO - Setting next_dagrun for lampung_flood_prediction_pipeline to 2025-05-26 04:00:00+00:00, run_after=2025-05-26 05:00:00+00:00
[2025-05-26T05:02:51.414+0000] {processor.py:208} INFO - Processing /opt/airflow/dags/lampung_flood_prediction_dag.py took 1.107 seconds
[2025-05-26T05:03:21.991+0000] {processor.py:186} INFO - Started process (PID=556) to work on /opt/airflow/dags/lampung_flood_prediction_dag.py
[2025-05-26T05:03:21.993+0000] {processor.py:914} INFO - Processing file /opt/airflow/dags/lampung_flood_prediction_dag.py for tasks to queue
[2025-05-26T05:03:21.998+0000] {logging_mixin.py:190} INFO - [2025-05-26T05:03:21.997+0000] {dagbag.py:588} INFO - Filling up the DagBag from /opt/airflow/dags/lampung_flood_prediction_dag.py
[2025-05-26T05:03:22.939+0000] {processor.py:925} INFO - DAG(s) 'lampung_flood_prediction_pipeline' retrieved from /opt/airflow/dags/lampung_flood_prediction_dag.py
[2025-05-26T05:03:22.995+0000] {logging_mixin.py:190} INFO - [2025-05-26T05:03:22.994+0000] {dag.py:3239} INFO - Sync 1 DAGs
[2025-05-26T05:03:23.041+0000] {logging_mixin.py:190} INFO - [2025-05-26T05:03:23.041+0000] {dag.py:4180} INFO - Setting next_dagrun for lampung_flood_prediction_pipeline to 2025-05-26 04:00:00+00:00, run_after=2025-05-26 05:00:00+00:00
[2025-05-26T05:03:23.082+0000] {processor.py:208} INFO - Processing /opt/airflow/dags/lampung_flood_prediction_dag.py took 1.104 seconds
[2025-05-26T05:03:56.065+0000] {processor.py:186} INFO - Started process (PID=568) to work on /opt/airflow/dags/lampung_flood_prediction_dag.py
[2025-05-26T05:03:56.068+0000] {processor.py:914} INFO - Processing file /opt/airflow/dags/lampung_flood_prediction_dag.py for tasks to queue
[2025-05-26T05:03:56.075+0000] {logging_mixin.py:190} INFO - [2025-05-26T05:03:56.075+0000] {dagbag.py:588} INFO - Filling up the DagBag from /opt/airflow/dags/lampung_flood_prediction_dag.py
[2025-05-26T05:03:58.180+0000] {processor.py:925} INFO - DAG(s) 'lampung_flood_prediction_pipeline' retrieved from /opt/airflow/dags/lampung_flood_prediction_dag.py
[2025-05-26T05:03:58.256+0000] {logging_mixin.py:190} INFO - [2025-05-26T05:03:58.255+0000] {dag.py:3239} INFO - Sync 1 DAGs
[2025-05-26T05:03:58.304+0000] {logging_mixin.py:190} INFO - [2025-05-26T05:03:58.303+0000] {dag.py:4180} INFO - Setting next_dagrun for lampung_flood_prediction_pipeline to 2025-05-26 04:00:00+00:00, run_after=2025-05-26 05:00:00+00:00
[2025-05-26T05:03:58.364+0000] {processor.py:208} INFO - Processing /opt/airflow/dags/lampung_flood_prediction_dag.py took 2.498 seconds
[2025-05-26T05:04:29.231+0000] {processor.py:186} INFO - Started process (PID=580) to work on /opt/airflow/dags/lampung_flood_prediction_dag.py
[2025-05-26T05:04:29.234+0000] {processor.py:914} INFO - Processing file /opt/airflow/dags/lampung_flood_prediction_dag.py for tasks to queue
[2025-05-26T05:04:29.242+0000] {logging_mixin.py:190} INFO - [2025-05-26T05:04:29.240+0000] {dagbag.py:588} INFO - Filling up the DagBag from /opt/airflow/dags/lampung_flood_prediction_dag.py
[2025-05-26T05:04:30.221+0000] {processor.py:925} INFO - DAG(s) 'lampung_flood_prediction_pipeline' retrieved from /opt/airflow/dags/lampung_flood_prediction_dag.py
[2025-05-26T05:04:30.290+0000] {logging_mixin.py:190} INFO - [2025-05-26T05:04:30.289+0000] {dag.py:3239} INFO - Sync 1 DAGs
[2025-05-26T05:04:30.342+0000] {logging_mixin.py:190} INFO - [2025-05-26T05:04:30.342+0000] {dag.py:4180} INFO - Setting next_dagrun for lampung_flood_prediction_pipeline to 2025-05-26 04:00:00+00:00, run_after=2025-05-26 05:00:00+00:00
[2025-05-26T05:04:30.397+0000] {processor.py:208} INFO - Processing /opt/airflow/dags/lampung_flood_prediction_dag.py took 1.185 seconds
[2025-05-26T05:05:00.932+0000] {processor.py:186} INFO - Started process (PID=593) to work on /opt/airflow/dags/lampung_flood_prediction_dag.py
[2025-05-26T05:05:00.936+0000] {processor.py:914} INFO - Processing file /opt/airflow/dags/lampung_flood_prediction_dag.py for tasks to queue
[2025-05-26T05:05:00.943+0000] {logging_mixin.py:190} INFO - [2025-05-26T05:05:00.942+0000] {dagbag.py:588} INFO - Filling up the DagBag from /opt/airflow/dags/lampung_flood_prediction_dag.py
[2025-05-26T05:05:02.466+0000] {processor.py:925} INFO - DAG(s) 'lampung_flood_prediction_pipeline' retrieved from /opt/airflow/dags/lampung_flood_prediction_dag.py
[2025-05-26T05:05:02.523+0000] {logging_mixin.py:190} INFO - [2025-05-26T05:05:02.522+0000] {dag.py:3239} INFO - Sync 1 DAGs
[2025-05-26T05:05:02.565+0000] {logging_mixin.py:190} INFO - [2025-05-26T05:05:02.565+0000] {dag.py:4180} INFO - Setting next_dagrun for lampung_flood_prediction_pipeline to 2025-05-26 04:00:00+00:00, run_after=2025-05-26 05:00:00+00:00
[2025-05-26T05:05:02.608+0000] {processor.py:208} INFO - Processing /opt/airflow/dags/lampung_flood_prediction_dag.py took 1.690 seconds
[2025-05-26T05:05:33.012+0000] {processor.py:186} INFO - Started process (PID=611) to work on /opt/airflow/dags/lampung_flood_prediction_dag.py
[2025-05-26T05:05:33.014+0000] {processor.py:914} INFO - Processing file /opt/airflow/dags/lampung_flood_prediction_dag.py for tasks to queue
[2025-05-26T05:05:33.019+0000] {logging_mixin.py:190} INFO - [2025-05-26T05:05:33.018+0000] {dagbag.py:588} INFO - Filling up the DagBag from /opt/airflow/dags/lampung_flood_prediction_dag.py
[2025-05-26T05:05:33.958+0000] {processor.py:925} INFO - DAG(s) 'lampung_flood_prediction_pipeline' retrieved from /opt/airflow/dags/lampung_flood_prediction_dag.py
[2025-05-26T05:05:34.014+0000] {logging_mixin.py:190} INFO - [2025-05-26T05:05:34.014+0000] {dag.py:3239} INFO - Sync 1 DAGs
[2025-05-26T05:05:34.056+0000] {logging_mixin.py:190} INFO - [2025-05-26T05:05:34.056+0000] {dag.py:4180} INFO - Setting next_dagrun for lampung_flood_prediction_pipeline to 2025-05-26 04:00:00+00:00, run_after=2025-05-26 05:00:00+00:00
[2025-05-26T05:05:34.099+0000] {processor.py:208} INFO - Processing /opt/airflow/dags/lampung_flood_prediction_dag.py took 1.099 seconds
[2025-05-26T05:06:05.158+0000] {processor.py:186} INFO - Started process (PID=623) to work on /opt/airflow/dags/lampung_flood_prediction_dag.py
[2025-05-26T05:06:05.161+0000] {processor.py:914} INFO - Processing file /opt/airflow/dags/lampung_flood_prediction_dag.py for tasks to queue
[2025-05-26T05:06:05.167+0000] {logging_mixin.py:190} INFO - [2025-05-26T05:06:05.166+0000] {dagbag.py:588} INFO - Filling up the DagBag from /opt/airflow/dags/lampung_flood_prediction_dag.py
[2025-05-26T05:06:06.045+0000] {processor.py:925} INFO - DAG(s) 'lampung_flood_prediction_pipeline' retrieved from /opt/airflow/dags/lampung_flood_prediction_dag.py
[2025-05-26T05:06:06.098+0000] {logging_mixin.py:190} INFO - [2025-05-26T05:06:06.098+0000] {dag.py:3239} INFO - Sync 1 DAGs
[2025-05-26T05:06:06.141+0000] {logging_mixin.py:190} INFO - [2025-05-26T05:06:06.141+0000] {dag.py:4180} INFO - Setting next_dagrun for lampung_flood_prediction_pipeline to 2025-05-26 04:00:00+00:00, run_after=2025-05-26 05:00:00+00:00
[2025-05-26T05:06:06.185+0000] {processor.py:208} INFO - Processing /opt/airflow/dags/lampung_flood_prediction_dag.py took 1.044 seconds
[2025-05-26T05:06:37.369+0000] {processor.py:186} INFO - Started process (PID=635) to work on /opt/airflow/dags/lampung_flood_prediction_dag.py
[2025-05-26T05:06:37.371+0000] {processor.py:914} INFO - Processing file /opt/airflow/dags/lampung_flood_prediction_dag.py for tasks to queue
[2025-05-26T05:06:37.377+0000] {logging_mixin.py:190} INFO - [2025-05-26T05:06:37.376+0000] {dagbag.py:588} INFO - Filling up the DagBag from /opt/airflow/dags/lampung_flood_prediction_dag.py
[2025-05-26T05:06:38.337+0000] {processor.py:925} INFO - DAG(s) 'lampung_flood_prediction_pipeline' retrieved from /opt/airflow/dags/lampung_flood_prediction_dag.py
[2025-05-26T05:06:38.403+0000] {logging_mixin.py:190} INFO - [2025-05-26T05:06:38.402+0000] {dag.py:3239} INFO - Sync 1 DAGs
[2025-05-26T05:06:38.457+0000] {logging_mixin.py:190} INFO - [2025-05-26T05:06:38.456+0000] {dag.py:4180} INFO - Setting next_dagrun for lampung_flood_prediction_pipeline to 2025-05-26 04:00:00+00:00, run_after=2025-05-26 05:00:00+00:00
[2025-05-26T05:06:38.501+0000] {processor.py:208} INFO - Processing /opt/airflow/dags/lampung_flood_prediction_dag.py took 1.146 seconds
[2025-05-26T05:07:09.805+0000] {processor.py:186} INFO - Started process (PID=646) to work on /opt/airflow/dags/lampung_flood_prediction_dag.py
[2025-05-26T05:07:09.807+0000] {processor.py:914} INFO - Processing file /opt/airflow/dags/lampung_flood_prediction_dag.py for tasks to queue
[2025-05-26T05:07:09.813+0000] {logging_mixin.py:190} INFO - [2025-05-26T05:07:09.812+0000] {dagbag.py:588} INFO - Filling up the DagBag from /opt/airflow/dags/lampung_flood_prediction_dag.py
[2025-05-26T05:07:11.161+0000] {processor.py:925} INFO - DAG(s) 'lampung_flood_prediction_pipeline' retrieved from /opt/airflow/dags/lampung_flood_prediction_dag.py
[2025-05-26T05:07:11.213+0000] {logging_mixin.py:190} INFO - [2025-05-26T05:07:11.213+0000] {dag.py:3239} INFO - Sync 1 DAGs
[2025-05-26T05:07:11.256+0000] {logging_mixin.py:190} INFO - [2025-05-26T05:07:11.255+0000] {dag.py:4180} INFO - Setting next_dagrun for lampung_flood_prediction_pipeline to 2025-05-26 04:00:00+00:00, run_after=2025-05-26 05:00:00+00:00
[2025-05-26T05:07:11.294+0000] {processor.py:208} INFO - Processing /opt/airflow/dags/lampung_flood_prediction_dag.py took 1.508 seconds
[2025-05-26T05:07:42.000+0000] {processor.py:186} INFO - Started process (PID=658) to work on /opt/airflow/dags/lampung_flood_prediction_dag.py
[2025-05-26T05:07:42.002+0000] {processor.py:914} INFO - Processing file /opt/airflow/dags/lampung_flood_prediction_dag.py for tasks to queue
[2025-05-26T05:07:42.007+0000] {logging_mixin.py:190} INFO - [2025-05-26T05:07:42.006+0000] {dagbag.py:588} INFO - Filling up the DagBag from /opt/airflow/dags/lampung_flood_prediction_dag.py
[2025-05-26T05:07:43.349+0000] {processor.py:925} INFO - DAG(s) 'lampung_flood_prediction_pipeline' retrieved from /opt/airflow/dags/lampung_flood_prediction_dag.py
[2025-05-26T05:07:43.422+0000] {logging_mixin.py:190} INFO - [2025-05-26T05:07:43.422+0000] {dag.py:3239} INFO - Sync 1 DAGs
[2025-05-26T05:07:43.473+0000] {logging_mixin.py:190} INFO - [2025-05-26T05:07:43.472+0000] {dag.py:4180} INFO - Setting next_dagrun for lampung_flood_prediction_pipeline to 2025-05-26 04:00:00+00:00, run_after=2025-05-26 05:00:00+00:00
[2025-05-26T05:07:43.520+0000] {processor.py:208} INFO - Processing /opt/airflow/dags/lampung_flood_prediction_dag.py took 1.533 seconds
[2025-05-26T05:08:13.681+0000] {processor.py:186} INFO - Started process (PID=670) to work on /opt/airflow/dags/lampung_flood_prediction_dag.py
[2025-05-26T05:08:13.683+0000] {processor.py:914} INFO - Processing file /opt/airflow/dags/lampung_flood_prediction_dag.py for tasks to queue
[2025-05-26T05:08:13.688+0000] {logging_mixin.py:190} INFO - [2025-05-26T05:08:13.687+0000] {dagbag.py:588} INFO - Filling up the DagBag from /opt/airflow/dags/lampung_flood_prediction_dag.py
[2025-05-26T05:08:14.579+0000] {processor.py:925} INFO - DAG(s) 'lampung_flood_prediction_pipeline' retrieved from /opt/airflow/dags/lampung_flood_prediction_dag.py
[2025-05-26T05:08:14.634+0000] {logging_mixin.py:190} INFO - [2025-05-26T05:08:14.633+0000] {dag.py:3239} INFO - Sync 1 DAGs
[2025-05-26T05:08:14.678+0000] {logging_mixin.py:190} INFO - [2025-05-26T05:08:14.678+0000] {dag.py:4180} INFO - Setting next_dagrun for lampung_flood_prediction_pipeline to 2025-05-26 04:00:00+00:00, run_after=2025-05-26 05:00:00+00:00
[2025-05-26T05:08:14.726+0000] {processor.py:208} INFO - Processing /opt/airflow/dags/lampung_flood_prediction_dag.py took 1.058 seconds
[2025-05-26T05:08:45.413+0000] {processor.py:186} INFO - Started process (PID=682) to work on /opt/airflow/dags/lampung_flood_prediction_dag.py
[2025-05-26T05:08:45.415+0000] {processor.py:914} INFO - Processing file /opt/airflow/dags/lampung_flood_prediction_dag.py for tasks to queue
[2025-05-26T05:08:45.420+0000] {logging_mixin.py:190} INFO - [2025-05-26T05:08:45.419+0000] {dagbag.py:588} INFO - Filling up the DagBag from /opt/airflow/dags/lampung_flood_prediction_dag.py
[2025-05-26T05:08:46.391+0000] {processor.py:925} INFO - DAG(s) 'lampung_flood_prediction_pipeline' retrieved from /opt/airflow/dags/lampung_flood_prediction_dag.py
[2025-05-26T05:08:46.450+0000] {logging_mixin.py:190} INFO - [2025-05-26T05:08:46.449+0000] {dag.py:3239} INFO - Sync 1 DAGs
[2025-05-26T05:08:46.499+0000] {logging_mixin.py:190} INFO - [2025-05-26T05:08:46.499+0000] {dag.py:4180} INFO - Setting next_dagrun for lampung_flood_prediction_pipeline to 2025-05-26 04:00:00+00:00, run_after=2025-05-26 05:00:00+00:00
[2025-05-26T05:08:46.541+0000] {processor.py:208} INFO - Processing /opt/airflow/dags/lampung_flood_prediction_dag.py took 1.140 seconds
[2025-05-26T05:09:17.118+0000] {processor.py:186} INFO - Started process (PID=694) to work on /opt/airflow/dags/lampung_flood_prediction_dag.py
[2025-05-26T05:09:17.120+0000] {processor.py:914} INFO - Processing file /opt/airflow/dags/lampung_flood_prediction_dag.py for tasks to queue
[2025-05-26T05:09:17.126+0000] {logging_mixin.py:190} INFO - [2025-05-26T05:09:17.125+0000] {dagbag.py:588} INFO - Filling up the DagBag from /opt/airflow/dags/lampung_flood_prediction_dag.py
[2025-05-26T05:09:18.214+0000] {processor.py:925} INFO - DAG(s) 'lampung_flood_prediction_pipeline' retrieved from /opt/airflow/dags/lampung_flood_prediction_dag.py
[2025-05-26T05:09:18.283+0000] {logging_mixin.py:190} INFO - [2025-05-26T05:09:18.283+0000] {dag.py:3239} INFO - Sync 1 DAGs
[2025-05-26T05:09:18.340+0000] {logging_mixin.py:190} INFO - [2025-05-26T05:09:18.339+0000] {dag.py:4180} INFO - Setting next_dagrun for lampung_flood_prediction_pipeline to 2025-05-26 04:00:00+00:00, run_after=2025-05-26 05:00:00+00:00
[2025-05-26T05:09:18.405+0000] {processor.py:208} INFO - Processing /opt/airflow/dags/lampung_flood_prediction_dag.py took 1.300 seconds
[2025-05-26T05:09:48.856+0000] {processor.py:186} INFO - Started process (PID=706) to work on /opt/airflow/dags/lampung_flood_prediction_dag.py
[2025-05-26T05:09:48.858+0000] {processor.py:914} INFO - Processing file /opt/airflow/dags/lampung_flood_prediction_dag.py for tasks to queue
[2025-05-26T05:09:48.865+0000] {logging_mixin.py:190} INFO - [2025-05-26T05:09:48.864+0000] {dagbag.py:588} INFO - Filling up the DagBag from /opt/airflow/dags/lampung_flood_prediction_dag.py
[2025-05-26T05:09:50.231+0000] {processor.py:925} INFO - DAG(s) 'lampung_flood_prediction_pipeline' retrieved from /opt/airflow/dags/lampung_flood_prediction_dag.py
[2025-05-26T05:09:50.283+0000] {logging_mixin.py:190} INFO - [2025-05-26T05:09:50.283+0000] {dag.py:3239} INFO - Sync 1 DAGs
[2025-05-26T05:09:50.328+0000] {logging_mixin.py:190} INFO - [2025-05-26T05:09:50.327+0000] {dag.py:4180} INFO - Setting next_dagrun for lampung_flood_prediction_pipeline to 2025-05-26 04:00:00+00:00, run_after=2025-05-26 05:00:00+00:00
[2025-05-26T05:09:50.371+0000] {processor.py:208} INFO - Processing /opt/airflow/dags/lampung_flood_prediction_dag.py took 1.532 seconds
[2025-05-26T05:10:20.961+0000] {processor.py:186} INFO - Started process (PID=719) to work on /opt/airflow/dags/lampung_flood_prediction_dag.py
[2025-05-26T05:10:20.964+0000] {processor.py:914} INFO - Processing file /opt/airflow/dags/lampung_flood_prediction_dag.py for tasks to queue
[2025-05-26T05:10:20.969+0000] {logging_mixin.py:190} INFO - [2025-05-26T05:10:20.968+0000] {dagbag.py:588} INFO - Filling up the DagBag from /opt/airflow/dags/lampung_flood_prediction_dag.py
[2025-05-26T05:10:22.506+0000] {processor.py:925} INFO - DAG(s) 'lampung_flood_prediction_pipeline' retrieved from /opt/airflow/dags/lampung_flood_prediction_dag.py
[2025-05-26T05:10:22.683+0000] {logging_mixin.py:190} INFO - [2025-05-26T05:10:22.683+0000] {dag.py:3239} INFO - Sync 1 DAGs
[2025-05-26T05:10:22.731+0000] {logging_mixin.py:190} INFO - [2025-05-26T05:10:22.731+0000] {dag.py:4180} INFO - Setting next_dagrun for lampung_flood_prediction_pipeline to 2025-05-26 04:00:00+00:00, run_after=2025-05-26 05:00:00+00:00
[2025-05-26T05:10:22.772+0000] {processor.py:208} INFO - Processing /opt/airflow/dags/lampung_flood_prediction_dag.py took 1.824 seconds
[2025-05-26T05:10:53.559+0000] {processor.py:186} INFO - Started process (PID=731) to work on /opt/airflow/dags/lampung_flood_prediction_dag.py
[2025-05-26T05:10:53.561+0000] {processor.py:914} INFO - Processing file /opt/airflow/dags/lampung_flood_prediction_dag.py for tasks to queue
[2025-05-26T05:10:53.567+0000] {logging_mixin.py:190} INFO - [2025-05-26T05:10:53.566+0000] {dagbag.py:588} INFO - Filling up the DagBag from /opt/airflow/dags/lampung_flood_prediction_dag.py
[2025-05-26T05:10:54.364+0000] {processor.py:925} INFO - DAG(s) 'lampung_flood_prediction_pipeline' retrieved from /opt/airflow/dags/lampung_flood_prediction_dag.py
[2025-05-26T05:10:54.422+0000] {logging_mixin.py:190} INFO - [2025-05-26T05:10:54.422+0000] {dag.py:3239} INFO - Sync 1 DAGs
[2025-05-26T05:10:54.473+0000] {logging_mixin.py:190} INFO - [2025-05-26T05:10:54.473+0000] {dag.py:4180} INFO - Setting next_dagrun for lampung_flood_prediction_pipeline to 2025-05-26 04:00:00+00:00, run_after=2025-05-26 05:00:00+00:00
[2025-05-26T05:10:54.515+0000] {processor.py:208} INFO - Processing /opt/airflow/dags/lampung_flood_prediction_dag.py took 0.967 seconds
[2025-05-26T05:11:24.964+0000] {processor.py:186} INFO - Started process (PID=742) to work on /opt/airflow/dags/lampung_flood_prediction_dag.py
[2025-05-26T05:11:24.966+0000] {processor.py:914} INFO - Processing file /opt/airflow/dags/lampung_flood_prediction_dag.py for tasks to queue
[2025-05-26T05:11:24.972+0000] {logging_mixin.py:190} INFO - [2025-05-26T05:11:24.971+0000] {dagbag.py:588} INFO - Filling up the DagBag from /opt/airflow/dags/lampung_flood_prediction_dag.py
[2025-05-26T05:11:26.078+0000] {processor.py:925} INFO - DAG(s) 'lampung_flood_prediction_pipeline' retrieved from /opt/airflow/dags/lampung_flood_prediction_dag.py
[2025-05-26T05:11:26.136+0000] {logging_mixin.py:190} INFO - [2025-05-26T05:11:26.135+0000] {dag.py:3239} INFO - Sync 1 DAGs
[2025-05-26T05:11:26.181+0000] {logging_mixin.py:190} INFO - [2025-05-26T05:11:26.180+0000] {dag.py:4180} INFO - Setting next_dagrun for lampung_flood_prediction_pipeline to 2025-05-26 04:00:00+00:00, run_after=2025-05-26 05:00:00+00:00
[2025-05-26T05:11:26.219+0000] {processor.py:208} INFO - Processing /opt/airflow/dags/lampung_flood_prediction_dag.py took 1.267 seconds
[2025-05-26T05:11:56.755+0000] {processor.py:186} INFO - Started process (PID=755) to work on /opt/airflow/dags/lampung_flood_prediction_dag.py
[2025-05-26T05:11:56.757+0000] {processor.py:914} INFO - Processing file /opt/airflow/dags/lampung_flood_prediction_dag.py for tasks to queue
[2025-05-26T05:11:56.762+0000] {logging_mixin.py:190} INFO - [2025-05-26T05:11:56.761+0000] {dagbag.py:588} INFO - Filling up the DagBag from /opt/airflow/dags/lampung_flood_prediction_dag.py
[2025-05-26T05:11:57.767+0000] {processor.py:925} INFO - DAG(s) 'lampung_flood_prediction_pipeline' retrieved from /opt/airflow/dags/lampung_flood_prediction_dag.py
[2025-05-26T05:11:57.826+0000] {logging_mixin.py:190} INFO - [2025-05-26T05:11:57.826+0000] {dag.py:3239} INFO - Sync 1 DAGs
[2025-05-26T05:11:57.872+0000] {logging_mixin.py:190} INFO - [2025-05-26T05:11:57.871+0000] {dag.py:4180} INFO - Setting next_dagrun for lampung_flood_prediction_pipeline to 2025-05-26 04:00:00+00:00, run_after=2025-05-26 05:00:00+00:00
[2025-05-26T05:11:57.916+0000] {processor.py:208} INFO - Processing /opt/airflow/dags/lampung_flood_prediction_dag.py took 1.174 seconds
[2025-05-26T05:12:28.310+0000] {processor.py:186} INFO - Started process (PID=767) to work on /opt/airflow/dags/lampung_flood_prediction_dag.py
[2025-05-26T05:12:28.312+0000] {processor.py:914} INFO - Processing file /opt/airflow/dags/lampung_flood_prediction_dag.py for tasks to queue
[2025-05-26T05:12:28.317+0000] {logging_mixin.py:190} INFO - [2025-05-26T05:12:28.316+0000] {dagbag.py:588} INFO - Filling up the DagBag from /opt/airflow/dags/lampung_flood_prediction_dag.py
[2025-05-26T05:12:29.103+0000] {processor.py:925} INFO - DAG(s) 'lampung_flood_prediction_pipeline' retrieved from /opt/airflow/dags/lampung_flood_prediction_dag.py
[2025-05-26T05:12:29.172+0000] {logging_mixin.py:190} INFO - [2025-05-26T05:12:29.172+0000] {dag.py:3239} INFO - Sync 1 DAGs
[2025-05-26T05:12:29.235+0000] {logging_mixin.py:190} INFO - [2025-05-26T05:12:29.234+0000] {dag.py:4180} INFO - Setting next_dagrun for lampung_flood_prediction_pipeline to 2025-05-26 04:00:00+00:00, run_after=2025-05-26 05:00:00+00:00
[2025-05-26T05:12:29.282+0000] {processor.py:208} INFO - Processing /opt/airflow/dags/lampung_flood_prediction_dag.py took 0.985 seconds
[2025-05-26T05:13:00.279+0000] {processor.py:186} INFO - Started process (PID=779) to work on /opt/airflow/dags/lampung_flood_prediction_dag.py
[2025-05-26T05:13:00.282+0000] {processor.py:914} INFO - Processing file /opt/airflow/dags/lampung_flood_prediction_dag.py for tasks to queue
[2025-05-26T05:13:00.288+0000] {logging_mixin.py:190} INFO - [2025-05-26T05:13:00.287+0000] {dagbag.py:588} INFO - Filling up the DagBag from /opt/airflow/dags/lampung_flood_prediction_dag.py
[2025-05-26T05:13:01.026+0000] {processor.py:925} INFO - DAG(s) 'lampung_flood_prediction_pipeline' retrieved from /opt/airflow/dags/lampung_flood_prediction_dag.py
[2025-05-26T05:13:01.082+0000] {logging_mixin.py:190} INFO - [2025-05-26T05:13:01.082+0000] {dag.py:3239} INFO - Sync 1 DAGs
[2025-05-26T05:13:01.128+0000] {logging_mixin.py:190} INFO - [2025-05-26T05:13:01.127+0000] {dag.py:4180} INFO - Setting next_dagrun for lampung_flood_prediction_pipeline to 2025-05-26 04:00:00+00:00, run_after=2025-05-26 05:00:00+00:00
[2025-05-26T05:13:01.169+0000] {processor.py:208} INFO - Processing /opt/airflow/dags/lampung_flood_prediction_dag.py took 0.903 seconds
[2025-05-26T05:13:31.371+0000] {processor.py:186} INFO - Started process (PID=792) to work on /opt/airflow/dags/lampung_flood_prediction_dag.py
[2025-05-26T05:13:31.374+0000] {processor.py:914} INFO - Processing file /opt/airflow/dags/lampung_flood_prediction_dag.py for tasks to queue
[2025-05-26T05:13:31.380+0000] {logging_mixin.py:190} INFO - [2025-05-26T05:13:31.379+0000] {dagbag.py:588} INFO - Filling up the DagBag from /opt/airflow/dags/lampung_flood_prediction_dag.py
[2025-05-26T05:13:32.212+0000] {processor.py:925} INFO - DAG(s) 'lampung_flood_prediction_pipeline' retrieved from /opt/airflow/dags/lampung_flood_prediction_dag.py
[2025-05-26T05:13:32.272+0000] {logging_mixin.py:190} INFO - [2025-05-26T05:13:32.271+0000] {dag.py:3239} INFO - Sync 1 DAGs
[2025-05-26T05:13:32.324+0000] {logging_mixin.py:190} INFO - [2025-05-26T05:13:32.323+0000] {dag.py:4180} INFO - Setting next_dagrun for lampung_flood_prediction_pipeline to 2025-05-26 04:00:00+00:00, run_after=2025-05-26 05:00:00+00:00
[2025-05-26T05:13:32.365+0000] {processor.py:208} INFO - Processing /opt/airflow/dags/lampung_flood_prediction_dag.py took 1.008 seconds
[2025-05-26T05:14:03.126+0000] {processor.py:186} INFO - Started process (PID=811) to work on /opt/airflow/dags/lampung_flood_prediction_dag.py
[2025-05-26T05:14:03.129+0000] {processor.py:914} INFO - Processing file /opt/airflow/dags/lampung_flood_prediction_dag.py for tasks to queue
[2025-05-26T05:14:03.134+0000] {logging_mixin.py:190} INFO - [2025-05-26T05:14:03.133+0000] {dagbag.py:588} INFO - Filling up the DagBag from /opt/airflow/dags/lampung_flood_prediction_dag.py
[2025-05-26T05:14:04.344+0000] {processor.py:925} INFO - DAG(s) 'lampung_flood_prediction_pipeline' retrieved from /opt/airflow/dags/lampung_flood_prediction_dag.py
[2025-05-26T05:14:04.554+0000] {logging_mixin.py:190} INFO - [2025-05-26T05:14:04.553+0000] {dag.py:3239} INFO - Sync 1 DAGs
[2025-05-26T05:14:04.604+0000] {logging_mixin.py:190} INFO - [2025-05-26T05:14:04.604+0000] {dag.py:4180} INFO - Setting next_dagrun for lampung_flood_prediction_pipeline to 2025-05-26 04:00:00+00:00, run_after=2025-05-26 05:00:00+00:00
[2025-05-26T05:14:04.653+0000] {processor.py:208} INFO - Processing /opt/airflow/dags/lampung_flood_prediction_dag.py took 1.540 seconds
[2025-05-26T05:14:35.057+0000] {processor.py:186} INFO - Started process (PID=823) to work on /opt/airflow/dags/lampung_flood_prediction_dag.py
[2025-05-26T05:14:35.060+0000] {processor.py:914} INFO - Processing file /opt/airflow/dags/lampung_flood_prediction_dag.py for tasks to queue
[2025-05-26T05:14:35.065+0000] {logging_mixin.py:190} INFO - [2025-05-26T05:14:35.064+0000] {dagbag.py:588} INFO - Filling up the DagBag from /opt/airflow/dags/lampung_flood_prediction_dag.py
[2025-05-26T05:14:35.843+0000] {processor.py:925} INFO - DAG(s) 'lampung_flood_prediction_pipeline' retrieved from /opt/airflow/dags/lampung_flood_prediction_dag.py
[2025-05-26T05:14:35.908+0000] {logging_mixin.py:190} INFO - [2025-05-26T05:14:35.908+0000] {dag.py:3239} INFO - Sync 1 DAGs
[2025-05-26T05:14:35.964+0000] {logging_mixin.py:190} INFO - [2025-05-26T05:14:35.963+0000] {dag.py:4180} INFO - Setting next_dagrun for lampung_flood_prediction_pipeline to 2025-05-26 04:00:00+00:00, run_after=2025-05-26 05:00:00+00:00
[2025-05-26T05:14:36.012+0000] {processor.py:208} INFO - Processing /opt/airflow/dags/lampung_flood_prediction_dag.py took 0.969 seconds
[2025-05-26T05:15:06.797+0000] {processor.py:186} INFO - Started process (PID=834) to work on /opt/airflow/dags/lampung_flood_prediction_dag.py
[2025-05-26T05:15:06.799+0000] {processor.py:914} INFO - Processing file /opt/airflow/dags/lampung_flood_prediction_dag.py for tasks to queue
[2025-05-26T05:15:06.804+0000] {logging_mixin.py:190} INFO - [2025-05-26T05:15:06.803+0000] {dagbag.py:588} INFO - Filling up the DagBag from /opt/airflow/dags/lampung_flood_prediction_dag.py
[2025-05-26T05:15:07.493+0000] {processor.py:925} INFO - DAG(s) 'lampung_flood_prediction_pipeline' retrieved from /opt/airflow/dags/lampung_flood_prediction_dag.py
[2025-05-26T05:15:07.551+0000] {logging_mixin.py:190} INFO - [2025-05-26T05:15:07.550+0000] {dag.py:3239} INFO - Sync 1 DAGs
[2025-05-26T05:15:07.592+0000] {logging_mixin.py:190} INFO - [2025-05-26T05:15:07.592+0000] {dag.py:4180} INFO - Setting next_dagrun for lampung_flood_prediction_pipeline to 2025-05-26 04:00:00+00:00, run_after=2025-05-26 05:00:00+00:00
[2025-05-26T05:15:07.633+0000] {processor.py:208} INFO - Processing /opt/airflow/dags/lampung_flood_prediction_dag.py took 0.848 seconds
[2025-05-26T05:15:38.355+0000] {processor.py:186} INFO - Started process (PID=846) to work on /opt/airflow/dags/lampung_flood_prediction_dag.py
[2025-05-26T05:15:38.358+0000] {processor.py:914} INFO - Processing file /opt/airflow/dags/lampung_flood_prediction_dag.py for tasks to queue
[2025-05-26T05:15:38.365+0000] {logging_mixin.py:190} INFO - [2025-05-26T05:15:38.364+0000] {dagbag.py:588} INFO - Filling up the DagBag from /opt/airflow/dags/lampung_flood_prediction_dag.py
[2025-05-26T05:15:39.248+0000] {processor.py:925} INFO - DAG(s) 'lampung_flood_prediction_pipeline' retrieved from /opt/airflow/dags/lampung_flood_prediction_dag.py
[2025-05-26T05:15:39.307+0000] {logging_mixin.py:190} INFO - [2025-05-26T05:15:39.307+0000] {dag.py:3239} INFO - Sync 1 DAGs
[2025-05-26T05:15:39.355+0000] {logging_mixin.py:190} INFO - [2025-05-26T05:15:39.355+0000] {dag.py:4180} INFO - Setting next_dagrun for lampung_flood_prediction_pipeline to 2025-05-26 04:00:00+00:00, run_after=2025-05-26 05:00:00+00:00
[2025-05-26T05:15:39.413+0000] {processor.py:208} INFO - Processing /opt/airflow/dags/lampung_flood_prediction_dag.py took 1.076 seconds
[2025-05-26T05:16:09.978+0000] {processor.py:186} INFO - Started process (PID=858) to work on /opt/airflow/dags/lampung_flood_prediction_dag.py
[2025-05-26T05:16:09.980+0000] {processor.py:914} INFO - Processing file /opt/airflow/dags/lampung_flood_prediction_dag.py for tasks to queue
[2025-05-26T05:16:09.986+0000] {logging_mixin.py:190} INFO - [2025-05-26T05:16:09.985+0000] {dagbag.py:588} INFO - Filling up the DagBag from /opt/airflow/dags/lampung_flood_prediction_dag.py
[2025-05-26T05:16:11.009+0000] {processor.py:925} INFO - DAG(s) 'lampung_flood_prediction_pipeline' retrieved from /opt/airflow/dags/lampung_flood_prediction_dag.py
[2025-05-26T05:16:11.068+0000] {logging_mixin.py:190} INFO - [2025-05-26T05:16:11.068+0000] {dag.py:3239} INFO - Sync 1 DAGs
[2025-05-26T05:16:11.120+0000] {logging_mixin.py:190} INFO - [2025-05-26T05:16:11.120+0000] {dag.py:4180} INFO - Setting next_dagrun for lampung_flood_prediction_pipeline to 2025-05-26 04:00:00+00:00, run_after=2025-05-26 05:00:00+00:00
[2025-05-26T05:16:11.164+0000] {processor.py:208} INFO - Processing /opt/airflow/dags/lampung_flood_prediction_dag.py took 1.197 seconds
[2025-05-26T05:16:41.473+0000] {processor.py:186} INFO - Started process (PID=870) to work on /opt/airflow/dags/lampung_flood_prediction_dag.py
[2025-05-26T05:16:41.475+0000] {processor.py:914} INFO - Processing file /opt/airflow/dags/lampung_flood_prediction_dag.py for tasks to queue
[2025-05-26T05:16:41.481+0000] {logging_mixin.py:190} INFO - [2025-05-26T05:16:41.480+0000] {dagbag.py:588} INFO - Filling up the DagBag from /opt/airflow/dags/lampung_flood_prediction_dag.py
[2025-05-26T05:16:42.285+0000] {processor.py:925} INFO - DAG(s) 'lampung_flood_prediction_pipeline' retrieved from /opt/airflow/dags/lampung_flood_prediction_dag.py
[2025-05-26T05:16:42.345+0000] {logging_mixin.py:190} INFO - [2025-05-26T05:16:42.345+0000] {dag.py:3239} INFO - Sync 1 DAGs
[2025-05-26T05:16:42.392+0000] {logging_mixin.py:190} INFO - [2025-05-26T05:16:42.391+0000] {dag.py:4180} INFO - Setting next_dagrun for lampung_flood_prediction_pipeline to 2025-05-26 04:00:00+00:00, run_after=2025-05-26 05:00:00+00:00
[2025-05-26T05:16:42.432+0000] {processor.py:208} INFO - Processing /opt/airflow/dags/lampung_flood_prediction_dag.py took 0.971 seconds
[2025-05-26T05:17:13.623+0000] {processor.py:186} INFO - Started process (PID=882) to work on /opt/airflow/dags/lampung_flood_prediction_dag.py
[2025-05-26T05:17:13.626+0000] {processor.py:914} INFO - Processing file /opt/airflow/dags/lampung_flood_prediction_dag.py for tasks to queue
[2025-05-26T05:17:13.632+0000] {logging_mixin.py:190} INFO - [2025-05-26T05:17:13.631+0000] {dagbag.py:588} INFO - Filling up the DagBag from /opt/airflow/dags/lampung_flood_prediction_dag.py
[2025-05-26T05:17:14.316+0000] {processor.py:925} INFO - DAG(s) 'lampung_flood_prediction_pipeline' retrieved from /opt/airflow/dags/lampung_flood_prediction_dag.py
[2025-05-26T05:17:14.373+0000] {logging_mixin.py:190} INFO - [2025-05-26T05:17:14.373+0000] {dag.py:3239} INFO - Sync 1 DAGs
[2025-05-26T05:17:14.420+0000] {logging_mixin.py:190} INFO - [2025-05-26T05:17:14.419+0000] {dag.py:4180} INFO - Setting next_dagrun for lampung_flood_prediction_pipeline to 2025-05-26 04:00:00+00:00, run_after=2025-05-26 05:00:00+00:00
[2025-05-26T05:17:14.459+0000] {processor.py:208} INFO - Processing /opt/airflow/dags/lampung_flood_prediction_dag.py took 0.851 seconds
[2025-05-26T05:17:44.951+0000] {processor.py:186} INFO - Started process (PID=895) to work on /opt/airflow/dags/lampung_flood_prediction_dag.py
[2025-05-26T05:17:44.954+0000] {processor.py:914} INFO - Processing file /opt/airflow/dags/lampung_flood_prediction_dag.py for tasks to queue
[2025-05-26T05:17:44.959+0000] {logging_mixin.py:190} INFO - [2025-05-26T05:17:44.958+0000] {dagbag.py:588} INFO - Filling up the DagBag from /opt/airflow/dags/lampung_flood_prediction_dag.py
[2025-05-26T05:17:45.748+0000] {processor.py:925} INFO - DAG(s) 'lampung_flood_prediction_pipeline' retrieved from /opt/airflow/dags/lampung_flood_prediction_dag.py
[2025-05-26T05:17:45.917+0000] {logging_mixin.py:190} INFO - [2025-05-26T05:17:45.917+0000] {dag.py:3239} INFO - Sync 1 DAGs
[2025-05-26T05:17:45.965+0000] {logging_mixin.py:190} INFO - [2025-05-26T05:17:45.965+0000] {dag.py:4180} INFO - Setting next_dagrun for lampung_flood_prediction_pipeline to 2025-05-26 04:00:00+00:00, run_after=2025-05-26 05:00:00+00:00
[2025-05-26T05:17:46.013+0000] {processor.py:208} INFO - Processing /opt/airflow/dags/lampung_flood_prediction_dag.py took 1.074 seconds
[2025-05-26T05:18:16.701+0000] {processor.py:186} INFO - Started process (PID=906) to work on /opt/airflow/dags/lampung_flood_prediction_dag.py
[2025-05-26T05:18:16.704+0000] {processor.py:914} INFO - Processing file /opt/airflow/dags/lampung_flood_prediction_dag.py for tasks to queue
[2025-05-26T05:18:16.710+0000] {logging_mixin.py:190} INFO - [2025-05-26T05:18:16.709+0000] {dagbag.py:588} INFO - Filling up the DagBag from /opt/airflow/dags/lampung_flood_prediction_dag.py
[2025-05-26T05:18:17.421+0000] {processor.py:925} INFO - DAG(s) 'lampung_flood_prediction_pipeline' retrieved from /opt/airflow/dags/lampung_flood_prediction_dag.py
[2025-05-26T05:18:17.494+0000] {logging_mixin.py:190} INFO - [2025-05-26T05:18:17.493+0000] {dag.py:3239} INFO - Sync 1 DAGs
[2025-05-26T05:18:17.543+0000] {logging_mixin.py:190} INFO - [2025-05-26T05:18:17.542+0000] {dag.py:4180} INFO - Setting next_dagrun for lampung_flood_prediction_pipeline to 2025-05-26 04:00:00+00:00, run_after=2025-05-26 05:00:00+00:00
[2025-05-26T05:18:17.587+0000] {processor.py:208} INFO - Processing /opt/airflow/dags/lampung_flood_prediction_dag.py took 0.900 seconds
[2025-05-26T05:18:48.442+0000] {processor.py:186} INFO - Started process (PID=917) to work on /opt/airflow/dags/lampung_flood_prediction_dag.py
[2025-05-26T05:18:48.444+0000] {processor.py:914} INFO - Processing file /opt/airflow/dags/lampung_flood_prediction_dag.py for tasks to queue
[2025-05-26T05:18:48.451+0000] {logging_mixin.py:190} INFO - [2025-05-26T05:18:48.450+0000] {dagbag.py:588} INFO - Filling up the DagBag from /opt/airflow/dags/lampung_flood_prediction_dag.py
[2025-05-26T05:18:49.179+0000] {processor.py:925} INFO - DAG(s) 'lampung_flood_prediction_pipeline' retrieved from /opt/airflow/dags/lampung_flood_prediction_dag.py
[2025-05-26T05:18:49.237+0000] {logging_mixin.py:190} INFO - [2025-05-26T05:18:49.237+0000] {dag.py:3239} INFO - Sync 1 DAGs
[2025-05-26T05:18:49.286+0000] {logging_mixin.py:190} INFO - [2025-05-26T05:18:49.286+0000] {dag.py:4180} INFO - Setting next_dagrun for lampung_flood_prediction_pipeline to 2025-05-26 04:00:00+00:00, run_after=2025-05-26 05:00:00+00:00
[2025-05-26T05:18:49.328+0000] {processor.py:208} INFO - Processing /opt/airflow/dags/lampung_flood_prediction_dag.py took 0.902 seconds
[2025-05-26T05:19:19.961+0000] {processor.py:186} INFO - Started process (PID=929) to work on /opt/airflow/dags/lampung_flood_prediction_dag.py
[2025-05-26T05:19:19.963+0000] {processor.py:914} INFO - Processing file /opt/airflow/dags/lampung_flood_prediction_dag.py for tasks to queue
[2025-05-26T05:19:19.968+0000] {logging_mixin.py:190} INFO - [2025-05-26T05:19:19.967+0000] {dagbag.py:588} INFO - Filling up the DagBag from /opt/airflow/dags/lampung_flood_prediction_dag.py
[2025-05-26T05:19:20.858+0000] {processor.py:925} INFO - DAG(s) 'lampung_flood_prediction_pipeline' retrieved from /opt/airflow/dags/lampung_flood_prediction_dag.py
[2025-05-26T05:19:20.926+0000] {logging_mixin.py:190} INFO - [2025-05-26T05:19:20.926+0000] {dag.py:3239} INFO - Sync 1 DAGs
[2025-05-26T05:19:21.063+0000] {logging_mixin.py:190} INFO - [2025-05-26T05:19:21.062+0000] {dag.py:4180} INFO - Setting next_dagrun for lampung_flood_prediction_pipeline to 2025-05-26 04:00:00+00:00, run_after=2025-05-26 05:00:00+00:00
[2025-05-26T05:19:21.141+0000] {processor.py:208} INFO - Processing /opt/airflow/dags/lampung_flood_prediction_dag.py took 1.194 seconds
[2025-05-26T05:19:51.541+0000] {processor.py:186} INFO - Started process (PID=942) to work on /opt/airflow/dags/lampung_flood_prediction_dag.py
[2025-05-26T05:19:51.545+0000] {processor.py:914} INFO - Processing file /opt/airflow/dags/lampung_flood_prediction_dag.py for tasks to queue
[2025-05-26T05:19:51.552+0000] {logging_mixin.py:190} INFO - [2025-05-26T05:19:51.552+0000] {dagbag.py:588} INFO - Filling up the DagBag from /opt/airflow/dags/lampung_flood_prediction_dag.py
[2025-05-26T05:19:52.208+0000] {processor.py:925} INFO - DAG(s) 'lampung_flood_prediction_pipeline' retrieved from /opt/airflow/dags/lampung_flood_prediction_dag.py
[2025-05-26T05:19:52.265+0000] {logging_mixin.py:190} INFO - [2025-05-26T05:19:52.265+0000] {dag.py:3239} INFO - Sync 1 DAGs
[2025-05-26T05:19:52.319+0000] {logging_mixin.py:190} INFO - [2025-05-26T05:19:52.318+0000] {dag.py:4180} INFO - Setting next_dagrun for lampung_flood_prediction_pipeline to 2025-05-26 04:00:00+00:00, run_after=2025-05-26 05:00:00+00:00
[2025-05-26T05:19:52.360+0000] {processor.py:208} INFO - Processing /opt/airflow/dags/lampung_flood_prediction_dag.py took 0.831 seconds
[2025-05-26T05:20:22.968+0000] {processor.py:186} INFO - Started process (PID=954) to work on /opt/airflow/dags/lampung_flood_prediction_dag.py
[2025-05-26T05:20:22.970+0000] {processor.py:914} INFO - Processing file /opt/airflow/dags/lampung_flood_prediction_dag.py for tasks to queue
[2025-05-26T05:20:22.975+0000] {logging_mixin.py:190} INFO - [2025-05-26T05:20:22.974+0000] {dagbag.py:588} INFO - Filling up the DagBag from /opt/airflow/dags/lampung_flood_prediction_dag.py
[2025-05-26T05:20:23.938+0000] {processor.py:925} INFO - DAG(s) 'lampung_flood_prediction_pipeline' retrieved from /opt/airflow/dags/lampung_flood_prediction_dag.py
[2025-05-26T05:20:24.007+0000] {logging_mixin.py:190} INFO - [2025-05-26T05:20:24.007+0000] {dag.py:3239} INFO - Sync 1 DAGs
[2025-05-26T05:20:24.059+0000] {logging_mixin.py:190} INFO - [2025-05-26T05:20:24.059+0000] {dag.py:4180} INFO - Setting next_dagrun for lampung_flood_prediction_pipeline to 2025-05-26 04:00:00+00:00, run_after=2025-05-26 05:00:00+00:00
[2025-05-26T05:20:24.105+0000] {processor.py:208} INFO - Processing /opt/airflow/dags/lampung_flood_prediction_dag.py took 1.149 seconds
[2025-05-26T05:20:55.050+0000] {processor.py:186} INFO - Started process (PID=965) to work on /opt/airflow/dags/lampung_flood_prediction_dag.py
[2025-05-26T05:20:55.053+0000] {processor.py:914} INFO - Processing file /opt/airflow/dags/lampung_flood_prediction_dag.py for tasks to queue
[2025-05-26T05:20:55.058+0000] {logging_mixin.py:190} INFO - [2025-05-26T05:20:55.057+0000] {dagbag.py:588} INFO - Filling up the DagBag from /opt/airflow/dags/lampung_flood_prediction_dag.py
[2025-05-26T05:20:55.691+0000] {processor.py:925} INFO - DAG(s) 'lampung_flood_prediction_pipeline' retrieved from /opt/airflow/dags/lampung_flood_prediction_dag.py
[2025-05-26T05:20:55.750+0000] {logging_mixin.py:190} INFO - [2025-05-26T05:20:55.749+0000] {dag.py:3239} INFO - Sync 1 DAGs
[2025-05-26T05:20:55.795+0000] {logging_mixin.py:190} INFO - [2025-05-26T05:20:55.794+0000] {dag.py:4180} INFO - Setting next_dagrun for lampung_flood_prediction_pipeline to 2025-05-26 04:00:00+00:00, run_after=2025-05-26 05:00:00+00:00
[2025-05-26T05:20:56.108+0000] {processor.py:208} INFO - Processing /opt/airflow/dags/lampung_flood_prediction_dag.py took 1.072 seconds
[2025-05-26T05:21:24.677+0000] {processor.py:186} INFO - Started process (PID=978) to work on /opt/airflow/dags/lampung_flood_prediction_dag.py
[2025-05-26T05:21:24.679+0000] {processor.py:914} INFO - Processing file /opt/airflow/dags/lampung_flood_prediction_dag.py for tasks to queue
[2025-05-26T05:21:24.686+0000] {logging_mixin.py:190} INFO - [2025-05-26T05:21:24.685+0000] {dagbag.py:588} INFO - Filling up the DagBag from /opt/airflow/dags/lampung_flood_prediction_dag.py
[2025-05-26T05:21:25.777+0000] {processor.py:925} INFO - DAG(s) 'lampung_flood_prediction_pipeline' retrieved from /opt/airflow/dags/lampung_flood_prediction_dag.py
[2025-05-26T05:21:25.849+0000] {logging_mixin.py:190} INFO - [2025-05-26T05:21:25.849+0000] {dag.py:3239} INFO - Sync 1 DAGs
[2025-05-26T05:21:26.329+0000] {logging_mixin.py:190} INFO - [2025-05-26T05:21:26.327+0000] {dag.py:4180} INFO - Setting next_dagrun for lampung_flood_prediction_pipeline to 2025-05-26 04:00:00+00:00, run_after=2025-05-26 05:00:00+00:00
[2025-05-26T05:21:26.386+0000] {processor.py:208} INFO - Processing /opt/airflow/dags/lampung_flood_prediction_dag.py took 1.722 seconds
[2025-05-26T05:21:57.274+0000] {processor.py:186} INFO - Started process (PID=989) to work on /opt/airflow/dags/lampung_flood_prediction_dag.py
[2025-05-26T05:21:57.277+0000] {processor.py:914} INFO - Processing file /opt/airflow/dags/lampung_flood_prediction_dag.py for tasks to queue
[2025-05-26T05:21:57.286+0000] {logging_mixin.py:190} INFO - [2025-05-26T05:21:57.284+0000] {dagbag.py:588} INFO - Filling up the DagBag from /opt/airflow/dags/lampung_flood_prediction_dag.py
[2025-05-26T05:21:58.362+0000] {processor.py:925} INFO - DAG(s) 'lampung_flood_prediction_pipeline' retrieved from /opt/airflow/dags/lampung_flood_prediction_dag.py
[2025-05-26T05:21:58.416+0000] {logging_mixin.py:190} INFO - [2025-05-26T05:21:58.416+0000] {dag.py:3239} INFO - Sync 1 DAGs
[2025-05-26T05:21:58.458+0000] {logging_mixin.py:190} INFO - [2025-05-26T05:21:58.457+0000] {dag.py:4180} INFO - Setting next_dagrun for lampung_flood_prediction_pipeline to 2025-05-26 04:00:00+00:00, run_after=2025-05-26 05:00:00+00:00
[2025-05-26T05:21:58.500+0000] {processor.py:208} INFO - Processing /opt/airflow/dags/lampung_flood_prediction_dag.py took 1.269 seconds
[2025-05-26T05:22:29.001+0000] {processor.py:186} INFO - Started process (PID=1002) to work on /opt/airflow/dags/lampung_flood_prediction_dag.py
[2025-05-26T05:22:29.003+0000] {processor.py:914} INFO - Processing file /opt/airflow/dags/lampung_flood_prediction_dag.py for tasks to queue
[2025-05-26T05:22:29.008+0000] {logging_mixin.py:190} INFO - [2025-05-26T05:22:29.007+0000] {dagbag.py:588} INFO - Filling up the DagBag from /opt/airflow/dags/lampung_flood_prediction_dag.py
[2025-05-26T05:22:29.853+0000] {processor.py:925} INFO - DAG(s) 'lampung_flood_prediction_pipeline' retrieved from /opt/airflow/dags/lampung_flood_prediction_dag.py
[2025-05-26T05:22:29.909+0000] {logging_mixin.py:190} INFO - [2025-05-26T05:22:29.908+0000] {dag.py:3239} INFO - Sync 1 DAGs
[2025-05-26T05:22:30.247+0000] {logging_mixin.py:190} INFO - [2025-05-26T05:22:30.246+0000] {dag.py:4180} INFO - Setting next_dagrun for lampung_flood_prediction_pipeline to 2025-05-26 04:00:00+00:00, run_after=2025-05-26 05:00:00+00:00
[2025-05-26T05:22:30.289+0000] {processor.py:208} INFO - Processing /opt/airflow/dags/lampung_flood_prediction_dag.py took 1.300 seconds
[2025-05-26T05:23:00.654+0000] {processor.py:186} INFO - Started process (PID=1014) to work on /opt/airflow/dags/lampung_flood_prediction_dag.py
[2025-05-26T05:23:00.656+0000] {processor.py:914} INFO - Processing file /opt/airflow/dags/lampung_flood_prediction_dag.py for tasks to queue
[2025-05-26T05:23:00.662+0000] {logging_mixin.py:190} INFO - [2025-05-26T05:23:00.661+0000] {dagbag.py:588} INFO - Filling up the DagBag from /opt/airflow/dags/lampung_flood_prediction_dag.py
[2025-05-26T05:23:01.417+0000] {processor.py:925} INFO - DAG(s) 'lampung_flood_prediction_pipeline' retrieved from /opt/airflow/dags/lampung_flood_prediction_dag.py
[2025-05-26T05:23:01.486+0000] {logging_mixin.py:190} INFO - [2025-05-26T05:23:01.485+0000] {dag.py:3239} INFO - Sync 1 DAGs
[2025-05-26T05:23:01.533+0000] {logging_mixin.py:190} INFO - [2025-05-26T05:23:01.533+0000] {dag.py:4180} INFO - Setting next_dagrun for lampung_flood_prediction_pipeline to 2025-05-26 04:00:00+00:00, run_after=2025-05-26 05:00:00+00:00
[2025-05-26T05:23:01.572+0000] {processor.py:208} INFO - Processing /opt/airflow/dags/lampung_flood_prediction_dag.py took 0.930 seconds
[2025-05-26T05:23:32.328+0000] {processor.py:186} INFO - Started process (PID=1026) to work on /opt/airflow/dags/lampung_flood_prediction_dag.py
[2025-05-26T05:23:32.333+0000] {processor.py:914} INFO - Processing file /opt/airflow/dags/lampung_flood_prediction_dag.py for tasks to queue
[2025-05-26T05:23:32.341+0000] {logging_mixin.py:190} INFO - [2025-05-26T05:23:32.339+0000] {dagbag.py:588} INFO - Filling up the DagBag from /opt/airflow/dags/lampung_flood_prediction_dag.py
[2025-05-26T05:23:34.792+0000] {processor.py:925} INFO - DAG(s) 'lampung_flood_prediction_pipeline' retrieved from /opt/airflow/dags/lampung_flood_prediction_dag.py
[2025-05-26T05:23:34.899+0000] {logging_mixin.py:190} INFO - [2025-05-26T05:23:34.898+0000] {dag.py:3239} INFO - Sync 1 DAGs
[2025-05-26T05:23:34.959+0000] {logging_mixin.py:190} INFO - [2025-05-26T05:23:34.958+0000] {dag.py:4180} INFO - Setting next_dagrun for lampung_flood_prediction_pipeline to 2025-05-26 04:00:00+00:00, run_after=2025-05-26 05:00:00+00:00
[2025-05-26T05:23:35.020+0000] {processor.py:208} INFO - Processing /opt/airflow/dags/lampung_flood_prediction_dag.py took 2.739 seconds
[2025-05-26T05:24:05.779+0000] {processor.py:186} INFO - Started process (PID=1044) to work on /opt/airflow/dags/lampung_flood_prediction_dag.py
[2025-05-26T05:24:05.782+0000] {processor.py:914} INFO - Processing file /opt/airflow/dags/lampung_flood_prediction_dag.py for tasks to queue
[2025-05-26T05:24:05.787+0000] {logging_mixin.py:190} INFO - [2025-05-26T05:24:05.786+0000] {dagbag.py:588} INFO - Filling up the DagBag from /opt/airflow/dags/lampung_flood_prediction_dag.py
[2025-05-26T05:24:07.250+0000] {processor.py:925} INFO - DAG(s) 'lampung_flood_prediction_pipeline' retrieved from /opt/airflow/dags/lampung_flood_prediction_dag.py
[2025-05-26T05:24:07.318+0000] {logging_mixin.py:190} INFO - [2025-05-26T05:24:07.317+0000] {dag.py:3239} INFO - Sync 1 DAGs
[2025-05-26T05:24:07.375+0000] {logging_mixin.py:190} INFO - [2025-05-26T05:24:07.374+0000] {dag.py:4180} INFO - Setting next_dagrun for lampung_flood_prediction_pipeline to 2025-05-26 04:00:00+00:00, run_after=2025-05-26 05:00:00+00:00
[2025-05-26T05:24:07.420+0000] {processor.py:208} INFO - Processing /opt/airflow/dags/lampung_flood_prediction_dag.py took 1.654 seconds
[2025-05-26T05:24:37.929+0000] {processor.py:186} INFO - Started process (PID=1056) to work on /opt/airflow/dags/lampung_flood_prediction_dag.py
[2025-05-26T05:24:37.931+0000] {processor.py:914} INFO - Processing file /opt/airflow/dags/lampung_flood_prediction_dag.py for tasks to queue
[2025-05-26T05:24:37.935+0000] {logging_mixin.py:190} INFO - [2025-05-26T05:24:37.935+0000] {dagbag.py:588} INFO - Filling up the DagBag from /opt/airflow/dags/lampung_flood_prediction_dag.py
[2025-05-26T05:24:38.955+0000] {processor.py:925} INFO - DAG(s) 'lampung_flood_prediction_pipeline' retrieved from /opt/airflow/dags/lampung_flood_prediction_dag.py
[2025-05-26T05:24:39.015+0000] {logging_mixin.py:190} INFO - [2025-05-26T05:24:39.015+0000] {dag.py:3239} INFO - Sync 1 DAGs
[2025-05-26T05:24:39.063+0000] {logging_mixin.py:190} INFO - [2025-05-26T05:24:39.063+0000] {dag.py:4180} INFO - Setting next_dagrun for lampung_flood_prediction_pipeline to 2025-05-26 04:00:00+00:00, run_after=2025-05-26 05:00:00+00:00
[2025-05-26T05:24:39.104+0000] {processor.py:208} INFO - Processing /opt/airflow/dags/lampung_flood_prediction_dag.py took 1.187 seconds
[2025-05-26T05:25:09.577+0000] {processor.py:186} INFO - Started process (PID=1068) to work on /opt/airflow/dags/lampung_flood_prediction_dag.py
[2025-05-26T05:25:09.580+0000] {processor.py:914} INFO - Processing file /opt/airflow/dags/lampung_flood_prediction_dag.py for tasks to queue
[2025-05-26T05:25:09.586+0000] {logging_mixin.py:190} INFO - [2025-05-26T05:25:09.585+0000] {dagbag.py:588} INFO - Filling up the DagBag from /opt/airflow/dags/lampung_flood_prediction_dag.py
[2025-05-26T05:25:10.497+0000] {processor.py:925} INFO - DAG(s) 'lampung_flood_prediction_pipeline' retrieved from /opt/airflow/dags/lampung_flood_prediction_dag.py
[2025-05-26T05:25:10.551+0000] {logging_mixin.py:190} INFO - [2025-05-26T05:25:10.550+0000] {dag.py:3239} INFO - Sync 1 DAGs
[2025-05-26T05:25:10.594+0000] {logging_mixin.py:190} INFO - [2025-05-26T05:25:10.594+0000] {dag.py:4180} INFO - Setting next_dagrun for lampung_flood_prediction_pipeline to 2025-05-26 04:00:00+00:00, run_after=2025-05-26 05:00:00+00:00
[2025-05-26T05:25:10.633+0000] {processor.py:208} INFO - Processing /opt/airflow/dags/lampung_flood_prediction_dag.py took 1.068 seconds
